[0m[[0m[0mdebug[0m] [0m[0m> Exec(;Test/compile; collectAnalyses, None, Some(CommandSource(network-1)))[0m
[0m[[0m[0mdebug[0m] [0m[0munmatched Processing event for requestId None: None[0m
[0m[[0m[0mdebug[0m] [0m[0munmatched Done event for requestId None: None[0m
[0m[[0m[0mdebug[0m] [0m[0m> Exec(Test/compile, None, Some(CommandSource(network-1)))[0m
[0m[[0m[0mdebug[0m] [0m[0munmatched Processing event for requestId None: None[0m
[0m[[0m[0mdebug[0m] [0m[0mEvaluating tasks: Test / compile[0m
[0m[[0m[0mdebug[0m] [0m[0mRunning task... Cancel: Signal, check cycles: false, forcegc: true[0m
[0m[[0m[0mdebug[0m] [0m[0mjsonRpcNotify: JsonRpcNotificationMessage(2.0, build/taskStart, {"taskId":{"id":"269","parents":[]},"eventTime":1678101307875,"message":"Compiling root","dataKind":"compile-task","data":{"target":{"uri":"file:/home/amir/my-work/Scala-Chisel-Learning-Journey/#root/Compile"}}})[0m
[0m[[0m[0minfo[0m] [0m[0mcompiling 1 Scala source to /home/amir/my-work/Scala-Chisel-Learning-Journey/target/scala-2.12/classes ...[0m
[0m[[0m[0mdebug[0m] [0m[0mjsonRpcNotify: JsonRpcNotificationMessage(2.0, build/logMessage, {"type":3,"message":"compiling 1 Scala source to /home/amir/my-work/Scala-Chisel-Learning-Journey/target/scala-2.12/classes ..."})[0m
[0m[[0m[0mdebug[0m] [0m[0mjsonRpcNotify: JsonRpcNotificationMessage(2.0, build/taskProgress, {"taskId":{"id":"269","parents":[]},"eventTime":1678101309192,"message":"Compiling root (10%)","total":28,"progress":10,"dataKind":"compile-progress","data":{"target":{"uri":"file:/home/amir/my-work/Scala-Chisel-Learning-Journey/#root/Compile"}}})[0m
[0m[[0m[0mdebug[0m] [0m[0mjsonRpcNotify: JsonRpcNotificationMessage(2.0, build/taskProgress, {"taskId":{"id":"269","parents":[]},"eventTime":1678101309192,"message":"Compiling root (10%)","total":28,"progress":10,"dataKind":"compile-progress","data":{"target":{"uri":"file:/home/amir/my-work/Scala-Chisel-Learning-Journey/#root/Compile"}}})[0m
[0m[[0m[0mdebug[0m] [0m[0mjsonRpcNotify: JsonRpcNotificationMessage(2.0, build/publishDiagnostics, {"textDocument":{"uri":"file:///home/amir/my-work/Scala-Chisel-Learning-Journey/src/main/scala/riscv/register.scala"},"buildTarget":{"uri":"file:/home/amir/my-work/Scala-Chisel-Learning-Journey/#root/Compile"},"diagnostics":[{"range":{"start":{"line":16,"character":16},"end":{"line":16,"character":17}},"severity":1,"source":"sbt","message":"not found: value register"}],"reset":false})[0m
[0m[[0m[31merror[0m] [0m[0m/home/amir/my-work/Scala-Chisel-Learning-Journey/src/main/scala/riscv/register.scala:17:17: not found: value register[0m
[0m[[0m[31merror[0m] [0m[0m    io.read1 := register(io.rs1)[0m
[0m[[0m[31merror[0m] [0m[0m                ^[0m
[0m[[0m[0mdebug[0m] [0m[0mjsonRpcNotify: JsonRpcNotificationMessage(2.0, build/logMessage, {"type":1,"message":"/home/amir/my-work/Scala-Chisel-Learning-Journey/src/main/scala/riscv/register.scala:17:17: not found: value register"})[0m
[0m[[0m[0mdebug[0m] [0m[0mjsonRpcNotify: JsonRpcNotificationMessage(2.0, build/logMessage, {"type":1,"message":"    io.read1 := register(io.rs1)"})[0m
[0m[[0m[0mdebug[0m] [0m[0mjsonRpcNotify: JsonRpcNotificationMessage(2.0, build/logMessage, {"type":1,"message":"                ^"})[0m
[0m[[0m[0mdebug[0m] [0m[0mjsonRpcNotify: JsonRpcNotificationMessage(2.0, build/publishDiagnostics, {"textDocument":{"uri":"file:///home/amir/my-work/Scala-Chisel-Learning-Journey/src/main/scala/riscv/register.scala"},"buildTarget":{"uri":"file:/home/amir/my-work/Scala-Chisel-Learning-Journey/#root/Compile"},"diagnostics":[{"range":{"start":{"line":17,"character":13},"end":{"line":17,"character":14}},"severity":1,"source":"sbt","message":"not found: value register"}],"reset":false})[0m
[0m[[0m[31merror[0m] [0m[0m/home/amir/my-work/Scala-Chisel-Learning-Journey/src/main/scala/riscv/register.scala:18:14: not found: value register[0m
[0m[[0m[31merror[0m] [0m[0m	io.read2 := register(io.rs2)[0m
[0m[[0m[31merror[0m] [0m[0m	            ^[0m
[0m[[0m[0mdebug[0m] [0m[0mjsonRpcNotify: JsonRpcNotificationMessage(2.0, build/logMessage, {"type":1,"message":"/home/amir/my-work/Scala-Chisel-Learning-Journey/src/main/scala/riscv/register.scala:18:14: not found: value register"})[0m
[0m[[0m[0mdebug[0m] [0m[0mjsonRpcNotify: JsonRpcNotificationMessage(2.0, build/logMessage, {"type":1,"message":"\tio.read2 := register(io.rs2)"})[0m
[0m[[0m[0mdebug[0m] [0m[0mjsonRpcNotify: JsonRpcNotificationMessage(2.0, build/logMessage, {"type":1,"message":"\t            ^"})[0m
[0m[[0m[0mdebug[0m] [0m[0mjsonRpcNotify: JsonRpcNotificationMessage(2.0, build/publishDiagnostics, {"textDocument":{"uri":"file:///home/amir/my-work/Scala-Chisel-Learning-Journey/src/main/scala/riscv/register.scala"},"buildTarget":{"uri":"file:/home/amir/my-work/Scala-Chisel-Learning-Journey/#root/Compile"},"diagnostics":[{"range":{"start":{"line":21,"character":3},"end":{"line":21,"character":4}},"severity":1,"source":"sbt","message":"not found: value register"}],"reset":false})[0m
[0m[[0m[31merror[0m] [0m[0m/home/amir/my-work/Scala-Chisel-Learning-Journey/src/main/scala/riscv/register.scala:22:4: not found: value register[0m
[0m[[0m[31merror[0m] [0m[0m			register(io.rd) := 0.S[0m
[0m[[0m[31merror[0m] [0m[0m			^[0m
[0m[[0m[0mdebug[0m] [0m[0mjsonRpcNotify: JsonRpcNotificationMessage(2.0, build/logMessage, {"type":1,"message":"/home/amir/my-work/Scala-Chisel-Learning-Journey/src/main/scala/riscv/register.scala:22:4: not found: value register"})[0m
[0m[[0m[0mdebug[0m] [0m[0mjsonRpcNotify: JsonRpcNotificationMessage(2.0, build/logMessage, {"type":1,"message":"\t\t\tregister(io.rd) := 0.S"})[0m
[0m[[0m[0mdebug[0m] [0m[0mjsonRpcNotify: JsonRpcNotificationMessage(2.0, build/logMessage, {"type":1,"message":"\t\t\t^"})[0m
[0m[[0m[0mdebug[0m] [0m[0mjsonRpcNotify: JsonRpcNotificationMessage(2.0, build/publishDiagnostics, {"textDocument":{"uri":"file:///home/amir/my-work/Scala-Chisel-Learning-Journey/src/main/scala/riscv/register.scala"},"buildTarget":{"uri":"file:/home/amir/my-work/Scala-Chisel-Learning-Journey/#root/Compile"},"diagnostics":[{"range":{"start":{"line":23,"character":3},"end":{"line":23,"character":4}},"severity":1,"source":"sbt","message":"not found: value register"}],"reset":false})[0m
[0m[[0m[31merror[0m] [0m[0m/home/amir/my-work/Scala-Chisel-Learning-Journey/src/main/scala/riscv/register.scala:24:4: not found: value register[0m
[0m[[0m[31merror[0m] [0m[0m			register(io.rd) := io.write_data[0m
[0m[[0m[31merror[0m] [0m[0m			^[0m
[0m[[0m[0mdebug[0m] [0m[0mjsonRpcNotify: JsonRpcNotificationMessage(2.0, build/logMessage, {"type":1,"message":"/home/amir/my-work/Scala-Chisel-Learning-Journey/src/main/scala/riscv/register.scala:24:4: not found: value register"})[0m
[0m[[0m[0mdebug[0m] [0m[0mjsonRpcNotify: JsonRpcNotificationMessage(2.0, build/logMessage, {"type":1,"message":"\t\t\tregister(io.rd) := io.write_data"})[0m
[0m[[0m[0mdebug[0m] [0m[0mjsonRpcNotify: JsonRpcNotificationMessage(2.0, build/logMessage, {"type":1,"message":"\t\t\t^"})[0m
[0m[[0m[0mdebug[0m] [0m[0mjsonRpcNotify: JsonRpcNotificationMessage(2.0, build/publishDiagnostics, {"textDocument":{"uri":"file:///home/amir/my-work/Scala-Chisel-Learning-Journey/src/main/scala/riscv/register.scala"},"buildTarget":{"uri":"file:/home/amir/my-work/Scala-Chisel-Learning-Journey/#root/Compile"},"diagnostics":[{"range":{"start":{"line":26,"character":31},"end":{"line":26,"character":32}},"severity":1,"source":"sbt","message":"type mismatch;\n found   : chisel3.UInt\n required: chisel3.SInt"}],"reset":false})[0m
[0m[[0m[31merror[0m] [0m[0m/home/amir/my-work/Scala-Chisel-Learning-Journey/src/main/scala/riscv/register.scala:27:32: type mismatch;[0m
[0m[[0m[31merror[0m] [0m[0m found   : chisel3.UInt[0m
[0m[[0m[31merror[0m] [0m[0m required: chisel3.SInt[0m
[0m[[0m[31merror[0m] [0m[0m    when (io.write_data === io.rs1 )|| (io.write_data === io.rs2){[0m
[0m[[0m[31merror[0m] [0m[0m                               ^[0m
[0m[[0m[0mdebug[0m] [0m[0mjsonRpcNotify: JsonRpcNotificationMessage(2.0, build/logMessage, {"type":1,"message":"/home/amir/my-work/Scala-Chisel-Learning-Journey/src/main/scala/riscv/register.scala:27:32: type mismatch;\n found   : chisel3.UInt\n required: chisel3.SInt"})[0m
[0m[[0m[0mdebug[0m] [0m[0mjsonRpcNotify: JsonRpcNotificationMessage(2.0, build/logMessage, {"type":1,"message":"    when (io.write_data === io.rs1 )|| (io.write_data === io.rs2){"})[0m
[0m[[0m[0mdebug[0m] [0m[0mjsonRpcNotify: JsonRpcNotificationMessage(2.0, build/logMessage, {"type":1,"message":"                               ^"})[0m
[0m[[0m[0mdebug[0m] [0m[0mjsonRpcNotify: JsonRpcNotificationMessage(2.0, build/publishDiagnostics, {"textDocument":{"uri":"file:///home/amir/my-work/Scala-Chisel-Learning-Journey/src/main/scala/riscv/register.scala"},"buildTarget":{"uri":"file:/home/amir/my-work/Scala-Chisel-Learning-Journey/#root/Compile"},"diagnostics":[{"range":{"start":{"line":26,"character":61},"end":{"line":26,"character":62}},"severity":1,"source":"sbt","message":"type mismatch;\n found   : chisel3.UInt\n required: chisel3.SInt"}],"reset":false})[0m
[0m[[0m[31merror[0m] [0m[0m/home/amir/my-work/Scala-Chisel-Learning-Journey/src/main/scala/riscv/register.scala:27:62: type mismatch;[0m
[0m[[0m[31merror[0m] [0m[0m found   : chisel3.UInt[0m
[0m[[0m[31merror[0m] [0m[0m required: chisel3.SInt[0m
[0m[[0m[31merror[0m] [0m[0m    when (io.write_data === io.rs1 )|| (io.write_data === io.rs2){[0m
[0m[[0m[31merror[0m] [0m[0m                                                             ^[0m
[0m[[0m[0mdebug[0m] [0m[0mjsonRpcNotify: JsonRpcNotificationMessage(2.0, build/logMessage, {"type":1,"message":"/home/amir/my-work/Scala-Chisel-Learning-Journey/src/main/scala/riscv/register.scala:27:62: type mismatch;\n found   : chisel3.UInt\n required: chisel3.SInt"})[0m
[0m[[0m[0mdebug[0m] [0m[0mjsonRpcNotify: JsonRpcNotificationMessage(2.0, build/logMessage, {"type":1,"message":"    when (io.write_data === io.rs1 )|| (io.write_data === io.rs2){"})[0m
[0m[[0m[0mdebug[0m] [0m[0mjsonRpcNotify: JsonRpcNotificationMessage(2.0, build/logMessage, {"type":1,"message":"                                                             ^"})[0m
[0m[[0m[31merror[0m] [0m[0m6 errors found[0m
[0m[[0m[0mdebug[0m] [0m[0mjsonRpcNotify: JsonRpcNotificationMessage(2.0, build/logMessage, {"type":1,"message":"6 errors found"})[0m
[0m[[0m[0mdebug[0m] [0m[0mjsonRpcNotify: JsonRpcNotificationMessage(2.0, build/publishDiagnostics, {"textDocument":{"uri":"file:///home/amir/my-work/Scala-Chisel-Learning-Journey/src/main/scala/riscv/register.scala"},"buildTarget":{"uri":"file:/home/amir/my-work/Scala-Chisel-Learning-Journey/#root/Compile"},"diagnostics":[{"range":{"start":{"line":16,"character":16},"end":{"line":16,"character":17}},"severity":1,"source":"sbt","message":"not found: value register"},{"range":{"start":{"line":17,"character":13},"end":{"line":17,"character":14}},"severity":1,"source":"sbt","message":"not found: value register"},{"range":{"start":{"line":21,"character":3},"end":{"line":21,"character":4}},"severity":1,"source":"sbt","message":"not found: value register"},{"range":{"start":{"line":23,"character":3},"end":{"line":23,"character":4}},"severity":1,"source":"sbt","message":"not found: value register"},{"range":{"start":{"line":26,"character":31},"end":{"line":26,"character":32}},"severity":1,"source":"sbt","message":"type mismatch;\n found   : chisel3.UInt\n required: chisel3.SInt"},{"range":{"start":{"line":26,"character":61},"end":{"line":26,"character":62}},"severity":1,"source":"sbt","message":"type mismatch;\n found   : chisel3.UInt\n required: chisel3.SInt"}],"reset":true})[0m
[0m[[0m[0mdebug[0m] [0m[0mjsonRpcNotify: JsonRpcNotificationMessage(2.0, build/taskFinish, {"taskId":{"id":"269","parents":[]},"eventTime":1678101310727,"message":"Compiled root","status":2,"dataKind":"compile-report","data":{"target":{"uri":"file:/home/amir/my-work/Scala-Chisel-Learning-Journey/#root/Compile"},"errors":6,"warnings":0,"time":2852}})[0m
[0m[[0m[0mdebug[0m] [0m[0munmatched json error for requestId None: {"code":-32603,"message":"(Compile / \u001b[31mcompileIncremental\u001b[0m) Compilation failed"}[0m
[0m[[0m[31merror[0m] [0m[0m(Compile / [31mcompileIncremental[0m) Compilation failed[0m
[0m[[0m[0mdebug[0m] [0m[0mjsonRpcNotify: JsonRpcNotificationMessage(2.0, build/logMessage, {"type":1,"message":"(Compile / \u001b[31mcompileIncremental\u001b[0m) Compilation failed"})[0m
[0m[[0m[31merror[0m] [0m[0mTotal time: 3 s, completed Mar 6, 2023, 4:15:10 PM[0m
[0m[[0m[0mdebug[0m] [0m[0munmatched Done event for requestId None: None[0m
[0m[[0m[0mdebug[0m] [0m[0m> Exec(shell, None, None)[0m
