[0m[[0m[0mdebug[0m] [0m[0m> Exec(testOnly riscv.fivestagetest -- -DwriteVcd=1, Some(1bc9495b-dafb-4d61-bc48-bf188d7fe775), Some(CommandSource(console0)))[0m
[0m[[0m[0mdebug[0m] [0m[0mEvaluating tasks: Test / testOnly[0m
[0m[[0m[0mdebug[0m] [0m[0mRunning task... Cancel: Signal, check cycles: false, forcegc: true[0m
[0m[[0m[0mdebug[0m] [0m[0mjsonRpcNotify: JsonRpcNotificationMessage(2.0, build/taskStart, {"taskId":{"id":"28","parents":[]},"eventTime":1678360491726,"message":"Compiling root","dataKind":"compile-task","data":{"target":{"uri":"file:/home/amir/my-work/Scala-Chisel-Learning-Journey/#root/Compile"}}})[0m
[0m[[0m[0mdebug[0m] [0m[0mjsonRpcNotify: JsonRpcNotificationMessage(2.0, build/taskFinish, {"taskId":{"id":"28","parents":[]},"eventTime":1678360491759,"message":"Compiled root","status":1,"dataKind":"compile-report","data":{"target":{"uri":"file:/home/amir/my-work/Scala-Chisel-Learning-Journey/#root/Compile"},"errors":0,"warnings":0,"time":33}})[0m
[0m[[0m[0mdebug[0m] [0m[0mjsonRpcNotify: JsonRpcNotificationMessage(2.0, build/taskStart, {"taskId":{"id":"29","parents":[]},"eventTime":1678360491796,"message":"Compiling root-test","dataKind":"compile-task","data":{"target":{"uri":"file:/home/amir/my-work/Scala-Chisel-Learning-Journey/#root/Test"}}})[0m
[0m[[0m[0mdebug[0m] [0m[0mjsonRpcNotify: JsonRpcNotificationMessage(2.0, build/taskFinish, {"taskId":{"id":"29","parents":[]},"eventTime":1678360491811,"message":"Compiled root-test","status":1,"dataKind":"compile-report","data":{"target":{"uri":"file:/home/amir/my-work/Scala-Chisel-Learning-Journey/#root/Test"},"errors":0,"warnings":0,"time":15}})[0m
[0m[[0m[0minfo[0m] [0m[0m[32mfivestagetest:[0m[0m
[0m[[0m[0minfo[0m] [0m[0m[32m- V[0m[0m
[0m[[0m[0mdebug[0m] [0m[0mjsonRpcNotify: JsonRpcNotificationMessage(2.0, build/logMessage, {"type":3,"message":"\u001b[32mfivestagetest:\u001b[0m"})[0m
[0m[[0m[0mdebug[0m] [0m[0mjsonRpcNotify: JsonRpcNotificationMessage(2.0, build/logMessage, {"type":3,"message":"\u001b[32m- V\u001b[0m"})[0m
[0m[[0m[0minfo[0m] [0m[0m[36mRun completed in 10 seconds, 206 milliseconds.[0m[0m
[0m[[0m[0minfo[0m] [0m[0m[36mTotal number of tests run: 1[0m[0m
[0m[[0m[0minfo[0m] [0m[0m[36mSuites: completed 1, aborted 0[0m[0m
[0m[[0m[0minfo[0m] [0m[0m[36mTests: succeeded 1, failed 0, canceled 0, ignored 0, pending 0[0m[0m
[0m[[0m[0minfo[0m] [0m[0m[32mAll tests passed.[0m[0m
[0m[[0m[0mdebug[0m] [0m[0mjsonRpcNotify: JsonRpcNotificationMessage(2.0, build/logMessage, {"type":3,"message":"\u001b[36mRun completed in 10 seconds, 206 milliseconds.\u001b[0m\n\u001b[36mTotal number of tests run: 1\u001b[0m\n\u001b[36mSuites: completed 1, aborted 0\u001b[0m\n\u001b[36mTests: succeeded 1, failed 0, canceled 0, ignored 0, pending 0\u001b[0m\n\u001b[32mAll tests passed.\u001b[0m"})[0m
[0m[[0m[32msuccess[0m] [0m[0mTotal time: 13 s, completed Mar 9, 2023, 4:15:03 PM[0m
[0m[[0m[0mdebug[0m] [0m[0m> Exec(shell, None, None)[0m
[0m[[0m[0mdebug[0m] [0m[0mUnhandled notification received: textDocument/didOpen: JsonRpcNotificationMessage(2.0, textDocument/didOpen, {"textDocument":{"uri":"file:///home/amir/my-work/Scala-Chisel-Learning-Journey/src/main/scala/riscv/forwarding.scala","languageId":"scala","version":1,"text":"package riscv\nimport chisel3._\nimport chisel3.util._\nclass forwarding extends Module{\n    val io = IO(new Bundle{\n        val p2_regWrite = Input(UInt(1.W))\n        val p2_rd = Input(UInt(5.W))\n        val p1_rs1= Input(UInt(5.W))\n        val p1_rs2= Input(UInt(5.W))\n        val p3_regwrite= Input(UInt(1.W))\n        val p3_rd =  Input(UInt(5.W))\n        val f_a =    Output(UInt(2.W))\n        val f_b =    Output(UInt(2.W))\n    })    \n    io.f_a :=  0.U \n    io.f_b :=  0.U\n    when(((io.p3_regwrite & (io.p3_rd =/= 0.U)).asBool) & (io.p3_rd === io.p1_rs1 )){\n        io.f_a := 1.U\n        //io.f_b := 0.U\n    }\n    .elsewhen (((io.p2_regWrite & (io.p2_rd =/= 0.U)).asBool) &(io.p2_rd === io.p1_rs1)& (io.p3_rd === io.p1_rs2 ))\n    {\n        io.f_b := 2.U\n        io.f_a := 1.U\n    }\n    .elsewhen (((io.p2_regWrite & (io.p2_rd =/= 0.U)).asBool) & (io.p2_rd === io.p1_rs1 )) {\n        io.f_b := 2.U\n        io.f_a := 2.U\n    }\n    .elsewhen (((io.p2_regWrite & (io.p2_rd =/= 0.U)).asBool) &(io.p2_rd === io.p1_rs2)& (io.p3_rd === io.p1_rs1 ))\n    {\n        io.f_b := 2.U\n        io.f_a := 1.U\n    \n    \n    //.elsewhen (((io.p3_regwrite & (io.p3_rd =/= 0.U)).asBool) & (io.p3_rd === io.p1_rs1 )){        \n   //     io.f_a := 1.U\n    //}    \n   // .elsewhen (((io.p3_regwrite & (io.p3_rd =/= 0.U)).asBool) & (io.p3_rd === io.p1_rs2 )){        \n    //    io.f_b := 1.U\n    //}  \n    //.elsewhen (((io.p3_regwrite & (io.p3_rd =/= 0.U)).asBool)& ((!((io.p2_regWrite &(io.p2_rd =/= 0.U)) & (io.p2_rd === io.p1_rs1 ))).asBool)){        \n    //    io.f_a := 1.U\n    //} \n    //.elsewhen (((io.p3_regwrite & (io.p3_rd =/= 0.U)).asBool) & ((!((io.p2_regWrite & (io.p2_rd =/= 0.U)) & (io.p2_rd === io.p1_rs2))).asBool)){        \n      //  io.f_b := 1.U\n    //}\n    \n    }.otherwise{\n        io.f_a := 0.U\n        io.f_b := 0.U\n    }\n}"}})[0m
[0m[[0m[0mdebug[0m] [0m[0mForcing garbage collection...[0m
