[0m[[0m[0mdebug[0m] [0m[0m> Exec(testOnly riscv.fivestagetest -- -DwriteVcd=1, Some(50785d87-7962-4be3-94b4-df1424f96d1b), Some(CommandSource(console0)))[0m
[0m[[0m[0mdebug[0m] [0m[0mEvaluating tasks: Test / testOnly[0m
[0m[[0m[0mdebug[0m] [0m[0mRunning task... Cancel: Signal, check cycles: false, forcegc: true[0m
[0m[[0m[0mdebug[0m] [0m[0mjsonRpcNotify: JsonRpcNotificationMessage(2.0, build/taskStart, {"taskId":{"id":"26","parents":[]},"eventTime":1678360074308,"message":"Compiling root","dataKind":"compile-task","data":{"target":{"uri":"file:/home/amir/my-work/Scala-Chisel-Learning-Journey/#root/Compile"}}})[0m
[0m[[0m[0mdebug[0m] [0m[0mjsonRpcNotify: JsonRpcNotificationMessage(2.0, build/taskFinish, {"taskId":{"id":"26","parents":[]},"eventTime":1678360075216,"message":"Compiled root","status":1,"dataKind":"compile-report","data":{"target":{"uri":"file:/home/amir/my-work/Scala-Chisel-Learning-Journey/#root/Compile"},"errors":0,"warnings":0,"time":908}})[0m
[0m[[0m[0mdebug[0m] [0m[0mjsonRpcNotify: JsonRpcNotificationMessage(2.0, build/taskStart, {"taskId":{"id":"27","parents":[]},"eventTime":1678360075460,"message":"Compiling root-test","dataKind":"compile-task","data":{"target":{"uri":"file:/home/amir/my-work/Scala-Chisel-Learning-Journey/#root/Test"}}})[0m
[0m[[0m[0mdebug[0m] [0m[0mjsonRpcNotify: JsonRpcNotificationMessage(2.0, build/taskFinish, {"taskId":{"id":"27","parents":[]},"eventTime":1678360075869,"message":"Compiled root-test","status":1,"dataKind":"compile-report","data":{"target":{"uri":"file:/home/amir/my-work/Scala-Chisel-Learning-Journey/#root/Test"},"errors":0,"warnings":0,"time":409}})[0m
[0m[[0m[33mwarn[0m] [0m[0mIn the last 76 seconds, 7.782 (10.3%) were spent in GC. [Heap: 0.94GB free of 1.00GB, max 1.00GB] Consider increasing the JVM heap using `-Xmx` or try a different collector, e.g. `-XX:+UseG1GC`, for better performance.[0m
[0m[[0m[0minfo[0m] [0m[0m[32mfivestagetest:[0m[0m
[0m[[0m[0minfo[0m] [0m[0m[32m- V[0m[0m
[0m[[0m[0mdebug[0m] [0m[0mjsonRpcNotify: JsonRpcNotificationMessage(2.0, build/logMessage, {"type":3,"message":"\u001b[32mfivestagetest:\u001b[0m"})[0m
[0m[[0m[0mdebug[0m] [0m[0mjsonRpcNotify: JsonRpcNotificationMessage(2.0, build/logMessage, {"type":3,"message":"\u001b[32m- V\u001b[0m"})[0m
[0m[[0m[0minfo[0m] [0m[0m[36mRun completed in 1 minute, 12 seconds.[0m[0m
[0m[[0m[0minfo[0m] [0m[0m[36mTotal number of tests run: 1[0m[0m
[0m[[0m[0minfo[0m] [0m[0m[36mSuites: completed 1, aborted 0[0m[0m
[0m[[0m[0minfo[0m] [0m[0m[36mTests: succeeded 1, failed 0, canceled 0, ignored 0, pending 0[0m[0m
[0m[[0m[0minfo[0m] [0m[0m[32mAll tests passed.[0m[0m
[0m[[0m[0mdebug[0m] [0m[0mjsonRpcNotify: JsonRpcNotificationMessage(2.0, build/logMessage, {"type":3,"message":"\u001b[36mRun completed in 1 minute, 12 seconds.\u001b[0m\n\u001b[36mTotal number of tests run: 1\u001b[0m\n\u001b[36mSuites: completed 1, aborted 0\u001b[0m\n\u001b[36mTests: succeeded 1, failed 0, canceled 0, ignored 0, pending 0\u001b[0m\n\u001b[32mAll tests passed.\u001b[0m"})[0m
[0m[[0m[0mdebug[0m] [0m[0mForcing garbage collection...[0m
[0m[[0m[33mwarn[0m] [0m[0mIn the last 69 seconds, 15.184 (22.1%) were spent in GC. [Heap: 0.94GB free of 1.00GB, max 1.00GB] Consider increasing the JVM heap using `-Xmx` or try a different collector, e.g. `-XX:+UseG1GC`, for better performance.[0m
[0m[[0m[32msuccess[0m] [0m[0mTotal time: 136 s (02:16), completed Mar 9, 2023, 4:09:48 PM[0m
[0m[[0m[0mdebug[0m] [0m[0m> Exec(shell, None, None)[0m
