[0m[[0m[0mdebug[0m] [0m[0m> Exec(testOnly riscv.fivestagetest, Some(fce1d4e1-5472-4e44-9324-7826381e45ee), Some(CommandSource(console0)))[0m
[0m[[0m[0mdebug[0m] [0m[0mEvaluating tasks: Test / testOnly[0m
[0m[[0m[0mdebug[0m] [0m[0mRunning task... Cancel: Signal, check cycles: false, forcegc: true[0m
[0m[[0m[0mdebug[0m] [0m[0mjsonRpcNotify: JsonRpcNotificationMessage(2.0, build/taskStart, {"taskId":{"id":"1","parents":[]},"eventTime":1677787322464,"message":"Compiling root","dataKind":"compile-task","data":{"target":{"uri":"file:/home/amir/my-work/Scala-Chisel-Learning-Journey/#root/Compile"}}})[0m
[0m[[0m[0mdebug[0m] [0m[0mjsonRpcNotify: JsonRpcNotificationMessage(2.0, build/publishDiagnostics, {"textDocument":{"uri":"file:///home/amir/my-work/Scala-Chisel-Learning-Journey/src/main/scala/riscv/ALU.scala"},"buildTarget":{"uri":"file:/home/amir/my-work/Scala-Chisel-Learning-Journey/#root/Compile"},"diagnostics":[],"reset":true})[0m
[0m[[0m[0mdebug[0m] [0m[0mjsonRpcNotify: JsonRpcNotificationMessage(2.0, build/publishDiagnostics, {"textDocument":{"uri":"file:///home/amir/my-work/Scala-Chisel-Learning-Journey/src/main/scala/lab3/lab3t2.scala"},"buildTarget":{"uri":"file:/home/amir/my-work/Scala-Chisel-Learning-Journey/#root/Compile"},"diagnostics":[],"reset":true})[0m
[0m[[0m[0mdebug[0m] [0m[0mjsonRpcNotify: JsonRpcNotificationMessage(2.0, build/publishDiagnostics, {"textDocument":{"uri":"file:///home/amir/my-work/Scala-Chisel-Learning-Journey/src/main/scala/riscv/forwarding.scala"},"buildTarget":{"uri":"file:/home/amir/my-work/Scala-Chisel-Learning-Journey/#root/Compile"},"diagnostics":[],"reset":true})[0m
[0m[[0m[0mdebug[0m] [0m[0mjsonRpcNotify: JsonRpcNotificationMessage(2.0, build/publishDiagnostics, {"textDocument":{"uri":"file:///home/amir/my-work/Scala-Chisel-Learning-Journey/src/main/scala/riscv/pc.scala"},"buildTarget":{"uri":"file:/home/amir/my-work/Scala-Chisel-Learning-Journey/#root/Compile"},"diagnostics":[],"reset":true})[0m
[0m[[0m[0mdebug[0m] [0m[0mjsonRpcNotify: JsonRpcNotificationMessage(2.0, build/publishDiagnostics, {"textDocument":{"uri":"file:///home/amir/my-work/Scala-Chisel-Learning-Journey/src/main/scala/riscv/Riscv.scala"},"buildTarget":{"uri":"file:/home/amir/my-work/Scala-Chisel-Learning-Journey/#root/Compile"},"diagnostics":[],"reset":true})[0m
[0m[[0m[0mdebug[0m] [0m[0mjsonRpcNotify: JsonRpcNotificationMessage(2.0, build/publishDiagnostics, {"textDocument":{"uri":"file:///home/amir/my-work/Scala-Chisel-Learning-Journey/src/main/scala/lab4/lab4t1.scala"},"buildTarget":{"uri":"file:/home/amir/my-work/Scala-Chisel-Learning-Journey/#root/Compile"},"diagnostics":[],"reset":true})[0m
[0m[[0m[0mdebug[0m] [0m[0mjsonRpcNotify: JsonRpcNotificationMessage(2.0, build/publishDiagnostics, {"textDocument":{"uri":"file:///home/amir/my-work/Scala-Chisel-Learning-Journey/src/main/scala/lab2/lab2task2.scala"},"buildTarget":{"uri":"file:/home/amir/my-work/Scala-Chisel-Learning-Journey/#root/Compile"},"diagnostics":[],"reset":true})[0m
[0m[[0m[0mdebug[0m] [0m[0mjsonRpcNotify: JsonRpcNotificationMessage(2.0, build/publishDiagnostics, {"textDocument":{"uri":"file:///home/amir/my-work/Scala-Chisel-Learning-Journey/src/main/scala/lab1/lab1.scala"},"buildTarget":{"uri":"file:/home/amir/my-work/Scala-Chisel-Learning-Journey/#root/Compile"},"diagnostics":[],"reset":true})[0m
[0m[[0m[0mdebug[0m] [0m[0mjsonRpcNotify: JsonRpcNotificationMessage(2.0, build/publishDiagnostics, {"textDocument":{"uri":"file:///home/amir/my-work/Scala-Chisel-Learning-Journey/src/main/scala/lab2/lab2task1.scala"},"buildTarget":{"uri":"file:/home/amir/my-work/Scala-Chisel-Learning-Journey/#root/Compile"},"diagnostics":[],"reset":true})[0m
[0m[[0m[0mdebug[0m] [0m[0mjsonRpcNotify: JsonRpcNotificationMessage(2.0, build/publishDiagnostics, {"textDocument":{"uri":"file:///home/amir/my-work/Scala-Chisel-Learning-Journey/src/main/scala/riscv/register.scala"},"buildTarget":{"uri":"file:/home/amir/my-work/Scala-Chisel-Learning-Journey/#root/Compile"},"diagnostics":[],"reset":true})[0m
[0m[[0m[0mdebug[0m] [0m[0mjsonRpcNotify: JsonRpcNotificationMessage(2.0, build/publishDiagnostics, {"textDocument":{"uri":"file:///home/amir/my-work/Scala-Chisel-Learning-Journey/src/main/scala/Lab8/lab8task.scala"},"buildTarget":{"uri":"file:/home/amir/my-work/Scala-Chisel-Learning-Journey/#root/Compile"},"diagnostics":[],"reset":true})[0m
[0m[[0m[0mdebug[0m] [0m[0mjsonRpcNotify: JsonRpcNotificationMessage(2.0, build/publishDiagnostics, {"textDocument":{"uri":"file:///home/amir/my-work/Scala-Chisel-Learning-Journey/src/main/scala/riscv/alu_control.scala"},"buildTarget":{"uri":"file:/home/amir/my-work/Scala-Chisel-Learning-Journey/#root/Compile"},"diagnostics":[],"reset":true})[0m
[0m[[0m[0mdebug[0m] [0m[0mjsonRpcNotify: JsonRpcNotificationMessage(2.0, build/publishDiagnostics, {"textDocument":{"uri":"file:///home/amir/my-work/Scala-Chisel-Learning-Journey/src/main/scala/lab6/lab6t4.scala"},"buildTarget":{"uri":"file:/home/amir/my-work/Scala-Chisel-Learning-Journey/#root/Compile"},"diagnostics":[],"reset":true})[0m
[0m[[0m[0mdebug[0m] [0m[0mjsonRpcNotify: JsonRpcNotificationMessage(2.0, build/publishDiagnostics, {"textDocument":{"uri":"file:///home/amir/my-work/Scala-Chisel-Learning-Journey/src/main/scala/lab%207/lab7t1.scala"},"buildTarget":{"uri":"file:/home/amir/my-work/Scala-Chisel-Learning-Journey/#root/Compile"},"diagnostics":[],"reset":true})[0m
[0m[[0m[0mdebug[0m] [0m[0mjsonRpcNotify: JsonRpcNotificationMessage(2.0, build/publishDiagnostics, {"textDocument":{"uri":"file:///home/amir/my-work/Scala-Chisel-Learning-Journey/src/main/scala/riscv/pipeline3.scala"},"buildTarget":{"uri":"file:/home/amir/my-work/Scala-Chisel-Learning-Journey/#root/Compile"},"diagnostics":[],"reset":true})[0m
[0m[[0m[0mdebug[0m] [0m[0mjsonRpcNotify: JsonRpcNotificationMessage(2.0, build/publishDiagnostics, {"textDocument":{"uri":"file:///home/amir/my-work/Scala-Chisel-Learning-Journey/src/main/scala/gcd/GCD.scala"},"buildTarget":{"uri":"file:/home/amir/my-work/Scala-Chisel-Learning-Journey/#root/Compile"},"diagnostics":[],"reset":true})[0m
[0m[[0m[0mdebug[0m] [0m[0mjsonRpcNotify: JsonRpcNotificationMessage(2.0, build/publishDiagnostics, {"textDocument":{"uri":"file:///home/amir/my-work/Scala-Chisel-Learning-Journey/src/main/scala/lab5/lab5t1.scala"},"buildTarget":{"uri":"file:/home/amir/my-work/Scala-Chisel-Learning-Journey/#root/Compile"},"diagnostics":[],"reset":true})[0m
[0m[[0m[0mdebug[0m] [0m[0mjsonRpcNotify: JsonRpcNotificationMessage(2.0, build/publishDiagnostics, {"textDocument":{"uri":"file:///home/amir/my-work/Scala-Chisel-Learning-Journey/src/main/scala/riscv/memory.scala"},"buildTarget":{"uri":"file:/home/amir/my-work/Scala-Chisel-Learning-Journey/#root/Compile"},"diagnostics":[],"reset":true})[0m
[0m[[0m[0mdebug[0m] [0m[0mjsonRpcNotify: JsonRpcNotificationMessage(2.0, build/publishDiagnostics, {"textDocument":{"uri":"file:///home/amir/my-work/Scala-Chisel-Learning-Journey/src/main/scala/Lab8/lab8ex3.scala"},"buildTarget":{"uri":"file:/home/amir/my-work/Scala-Chisel-Learning-Journey/#root/Compile"},"diagnostics":[],"reset":true})[0m
[0m[[0m[0mdebug[0m] [0m[0mjsonRpcNotify: JsonRpcNotificationMessage(2.0, build/publishDiagnostics, {"textDocument":{"uri":"file:///home/amir/my-work/Scala-Chisel-Learning-Journey/src/main/scala/lab6/lab6t3.scala"},"buildTarget":{"uri":"file:/home/amir/my-work/Scala-Chisel-Learning-Journey/#root/Compile"},"diagnostics":[],"reset":true})[0m
[0m[[0m[0mdebug[0m] [0m[0mjsonRpcNotify: JsonRpcNotificationMessage(2.0, build/publishDiagnostics, {"textDocument":{"uri":"file:///home/amir/my-work/Scala-Chisel-Learning-Journey/src/main/scala/lab3/lab3t3.scala"},"buildTarget":{"uri":"file:/home/amir/my-work/Scala-Chisel-Learning-Journey/#root/Compile"},"diagnostics":[],"reset":true})[0m
[0m[[0m[0mdebug[0m] [0m[0mjsonRpcNotify: JsonRpcNotificationMessage(2.0, build/publishDiagnostics, {"textDocument":{"uri":"file:///home/amir/my-work/Scala-Chisel-Learning-Journey/src/main/scala/Lab8/practice.scala"},"buildTarget":{"uri":"file:/home/amir/my-work/Scala-Chisel-Learning-Journey/#root/Compile"},"diagnostics":[],"reset":true})[0m
[0m[[0m[0mdebug[0m] [0m[0mjsonRpcNotify: JsonRpcNotificationMessage(2.0, build/publishDiagnostics, {"textDocument":{"uri":"file:///home/amir/my-work/Scala-Chisel-Learning-Journey/src/main/scala/riscv/fivestage.scala"},"buildTarget":{"uri":"file:/home/amir/my-work/Scala-Chisel-Learning-Journey/#root/Compile"},"diagnostics":[],"reset":true})[0m
[0m[[0m[0mdebug[0m] [0m[0mjsonRpcNotify: JsonRpcNotificationMessage(2.0, build/publishDiagnostics, {"textDocument":{"uri":"file:///home/amir/my-work/Scala-Chisel-Learning-Journey/src/main/scala/riscv/pipeline4.scala"},"buildTarget":{"uri":"file:/home/amir/my-work/Scala-Chisel-Learning-Journey/#root/Compile"},"diagnostics":[],"reset":true})[0m
[0m[[0m[0mdebug[0m] [0m[0mjsonRpcNotify: JsonRpcNotificationMessage(2.0, build/publishDiagnostics, {"textDocument":{"uri":"file:///home/amir/my-work/Scala-Chisel-Learning-Journey/src/main/scala/riscv/imdgen.scala"},"buildTarget":{"uri":"file:/home/amir/my-work/Scala-Chisel-Learning-Journey/#root/Compile"},"diagnostics":[],"reset":true})[0m
[0m[[0m[0mdebug[0m] [0m[0mjsonRpcNotify: JsonRpcNotificationMessage(2.0, build/publishDiagnostics, {"textDocument":{"uri":"file:///home/amir/my-work/Scala-Chisel-Learning-Journey/src/main/scala/riscv/instMem.scala"},"buildTarget":{"uri":"file:/home/amir/my-work/Scala-Chisel-Learning-Journey/#root/Compile"},"diagnostics":[],"reset":true})[0m
[0m[[0m[0mdebug[0m] [0m[0mjsonRpcNotify: JsonRpcNotificationMessage(2.0, build/publishDiagnostics, {"textDocument":{"uri":"file:///home/amir/my-work/Scala-Chisel-Learning-Journey/src/main/scala/Lab8/lab8.scala"},"buildTarget":{"uri":"file:/home/amir/my-work/Scala-Chisel-Learning-Journey/#root/Compile"},"diagnostics":[],"reset":true})[0m
[0m[[0m[0mdebug[0m] [0m[0mjsonRpcNotify: JsonRpcNotificationMessage(2.0, build/publishDiagnostics, {"textDocument":{"uri":"file:///home/amir/my-work/Scala-Chisel-Learning-Journey/src/main/scala/riscv/Branch.scala"},"buildTarget":{"uri":"file:/home/amir/my-work/Scala-Chisel-Learning-Journey/#root/Compile"},"diagnostics":[],"reset":true})[0m
[0m[[0m[0mdebug[0m] [0m[0mjsonRpcNotify: JsonRpcNotificationMessage(2.0, build/publishDiagnostics, {"textDocument":{"uri":"file:///home/amir/my-work/Scala-Chisel-Learning-Journey/src/main/scala/riscv/pipeline1.scala"},"buildTarget":{"uri":"file:/home/amir/my-work/Scala-Chisel-Learning-Journey/#root/Compile"},"diagnostics":[],"reset":true})[0m
[0m[[0m[0mdebug[0m] [0m[0mjsonRpcNotify: JsonRpcNotificationMessage(2.0, build/publishDiagnostics, {"textDocument":{"uri":"file:///home/amir/my-work/Scala-Chisel-Learning-Journey/src/main/scala/lab2/lab2.scala"},"buildTarget":{"uri":"file:/home/amir/my-work/Scala-Chisel-Learning-Journey/#root/Compile"},"diagnostics":[],"reset":true})[0m
[0m[[0m[0mdebug[0m] [0m[0mjsonRpcNotify: JsonRpcNotificationMessage(2.0, build/publishDiagnostics, {"textDocument":{"uri":"file:///home/amir/my-work/Scala-Chisel-Learning-Journey/src/main/scala/lab6/lab6t2.scala"},"buildTarget":{"uri":"file:/home/amir/my-work/Scala-Chisel-Learning-Journey/#root/Compile"},"diagnostics":[],"reset":true})[0m
[0m[[0m[0mdebug[0m] [0m[0mjsonRpcNotify: JsonRpcNotificationMessage(2.0, build/publishDiagnostics, {"textDocument":{"uri":"file:///home/amir/my-work/Scala-Chisel-Learning-Journey/src/main/scala/gcd/DecoupledGCD.scala"},"buildTarget":{"uri":"file:/home/amir/my-work/Scala-Chisel-Learning-Journey/#root/Compile"},"diagnostics":[],"reset":true})[0m
[0m[[0m[0mdebug[0m] [0m[0mjsonRpcNotify: JsonRpcNotificationMessage(2.0, build/publishDiagnostics, {"textDocument":{"uri":"file:///home/amir/my-work/Scala-Chisel-Learning-Journey/src/main/scala/lab4/lab4t3.scala"},"buildTarget":{"uri":"file:/home/amir/my-work/Scala-Chisel-Learning-Journey/#root/Compile"},"diagnostics":[],"reset":true})[0m
[0m[[0m[0mdebug[0m] [0m[0mjsonRpcNotify: JsonRpcNotificationMessage(2.0, build/publishDiagnostics, {"textDocument":{"uri":"file:///home/amir/my-work/Scala-Chisel-Learning-Journey/src/main/scala/lab3/lab3t.scala"},"buildTarget":{"uri":"file:/home/amir/my-work/Scala-Chisel-Learning-Journey/#root/Compile"},"diagnostics":[],"reset":true})[0m
[0m[[0m[0mdebug[0m] [0m[0mjsonRpcNotify: JsonRpcNotificationMessage(2.0, build/publishDiagnostics, {"textDocument":{"uri":"file:///home/amir/my-work/Scala-Chisel-Learning-Journey/src/main/scala/riscv/pipeline2.scala"},"buildTarget":{"uri":"file:/home/amir/my-work/Scala-Chisel-Learning-Journey/#root/Compile"},"diagnostics":[],"reset":true})[0m
[0m[[0m[0mdebug[0m] [0m[0mjsonRpcNotify: JsonRpcNotificationMessage(2.0, build/publishDiagnostics, {"textDocument":{"uri":"file:///home/amir/my-work/Scala-Chisel-Learning-Journey/src/main/scala/riscv/control.scala"},"buildTarget":{"uri":"file:/home/amir/my-work/Scala-Chisel-Learning-Journey/#root/Compile"},"diagnostics":[],"reset":true})[0m
[0m[[0m[0mdebug[0m] [0m[0mjsonRpcNotify: JsonRpcNotificationMessage(2.0, build/taskFinish, {"taskId":{"id":"1","parents":[]},"eventTime":1677787323840,"message":"Compiled root","status":1,"dataKind":"compile-report","data":{"target":{"uri":"file:/home/amir/my-work/Scala-Chisel-Learning-Journey/#root/Compile"},"errors":0,"warnings":0,"time":1376}})[0m
[0m[[0m[0mdebug[0m] [0m[0mjsonRpcNotify: JsonRpcNotificationMessage(2.0, build/taskStart, {"taskId":{"id":"2","parents":[]},"eventTime":1677787323966,"message":"Compiling root-test","dataKind":"compile-task","data":{"target":{"uri":"file:/home/amir/my-work/Scala-Chisel-Learning-Journey/#root/Test"}}})[0m
[0m[[0m[0mdebug[0m] [0m[0mjsonRpcNotify: JsonRpcNotificationMessage(2.0, build/publishDiagnostics, {"textDocument":{"uri":"file:///home/amir/my-work/Scala-Chisel-Learning-Journey/src/test/scala/riscv/pctest.scala"},"buildTarget":{"uri":"file:/home/amir/my-work/Scala-Chisel-Learning-Journey/#root/Test"},"diagnostics":[],"reset":true})[0m
[0m[[0m[0mdebug[0m] [0m[0mjsonRpcNotify: JsonRpcNotificationMessage(2.0, build/publishDiagnostics, {"textDocument":{"uri":"file:///home/amir/my-work/Scala-Chisel-Learning-Journey/src/test/scala/riscv/instMemtest.scala"},"buildTarget":{"uri":"file:/home/amir/my-work/Scala-Chisel-Learning-Journey/#root/Test"},"diagnostics":[],"reset":true})[0m
[0m[[0m[0mdebug[0m] [0m[0mjsonRpcNotify: JsonRpcNotificationMessage(2.0, build/publishDiagnostics, {"textDocument":{"uri":"file:///home/amir/my-work/Scala-Chisel-Learning-Journey/src/test/scala/riscv/memorytest.scala"},"buildTarget":{"uri":"file:/home/amir/my-work/Scala-Chisel-Learning-Journey/#root/Test"},"diagnostics":[],"reset":true})[0m
[0m[[0m[0mdebug[0m] [0m[0mjsonRpcNotify: JsonRpcNotificationMessage(2.0, build/publishDiagnostics, {"textDocument":{"uri":"file:///home/amir/my-work/Scala-Chisel-Learning-Journey/src/test/scala/riscv/alucontrolt.scala"},"buildTarget":{"uri":"file:/home/amir/my-work/Scala-Chisel-Learning-Journey/#root/Test"},"diagnostics":[],"reset":true})[0m
[0m[[0m[0mdebug[0m] [0m[0mjsonRpcNotify: JsonRpcNotificationMessage(2.0, build/publishDiagnostics, {"textDocument":{"uri":"file:///home/amir/my-work/Scala-Chisel-Learning-Journey/src/test/scala/lab5/lab5t1test.scala"},"buildTarget":{"uri":"file:/home/amir/my-work/Scala-Chisel-Learning-Journey/#root/Test"},"diagnostics":[],"reset":true})[0m
[0m[[0m[0mdebug[0m] [0m[0mjsonRpcNotify: JsonRpcNotificationMessage(2.0, build/publishDiagnostics, {"textDocument":{"uri":"file:///home/amir/my-work/Scala-Chisel-Learning-Journey/src/test/scala/lab3/lab3test.scala"},"buildTarget":{"uri":"file:/home/amir/my-work/Scala-Chisel-Learning-Journey/#root/Test"},"diagnostics":[],"reset":true})[0m
[0m[[0m[0mdebug[0m] [0m[0mjsonRpcNotify: JsonRpcNotificationMessage(2.0, build/publishDiagnostics, {"textDocument":{"uri":"file:///home/amir/my-work/Scala-Chisel-Learning-Journey/src/test/scala/lab2/lab2test.scala"},"buildTarget":{"uri":"file:/home/amir/my-work/Scala-Chisel-Learning-Journey/#root/Test"},"diagnostics":[],"reset":true})[0m
[0m[[0m[0mdebug[0m] [0m[0mjsonRpcNotify: JsonRpcNotificationMessage(2.0, build/publishDiagnostics, {"textDocument":{"uri":"file:///home/amir/my-work/Scala-Chisel-Learning-Journey/src/test/scala/riscv/riscvtest.scala"},"buildTarget":{"uri":"file:/home/amir/my-work/Scala-Chisel-Learning-Journey/#root/Test"},"diagnostics":[],"reset":true})[0m
[0m[[0m[0mdebug[0m] [0m[0mjsonRpcNotify: JsonRpcNotificationMessage(2.0, build/publishDiagnostics, {"textDocument":{"uri":"file:///home/amir/my-work/Scala-Chisel-Learning-Journey/src/test/scala/lab4/lab4t3test.scala"},"buildTarget":{"uri":"file:/home/amir/my-work/Scala-Chisel-Learning-Journey/#root/Test"},"diagnostics":[],"reset":true})[0m
[0m[[0m[0mdebug[0m] [0m[0mjsonRpcNotify: JsonRpcNotificationMessage(2.0, build/publishDiagnostics, {"textDocument":{"uri":"file:///home/amir/my-work/Scala-Chisel-Learning-Journey/src/test/scala/lab3/lab3t2test.scala"},"buildTarget":{"uri":"file:/home/amir/my-work/Scala-Chisel-Learning-Journey/#root/Test"},"diagnostics":[],"reset":true})[0m
[0m[[0m[0mdebug[0m] [0m[0mjsonRpcNotify: JsonRpcNotificationMessage(2.0, build/publishDiagnostics, {"textDocument":{"uri":"file:///home/amir/my-work/Scala-Chisel-Learning-Journey/src/test/scala/lab2/lab2task2t.scala"},"buildTarget":{"uri":"file:/home/amir/my-work/Scala-Chisel-Learning-Journey/#root/Test"},"diagnostics":[],"reset":true})[0m
[0m[[0m[0mdebug[0m] [0m[0mjsonRpcNotify: JsonRpcNotificationMessage(2.0, build/publishDiagnostics, {"textDocument":{"uri":"file:///home/amir/my-work/Scala-Chisel-Learning-Journey/src/test/scala/lab6/lab6t2test.scala"},"buildTarget":{"uri":"file:/home/amir/my-work/Scala-Chisel-Learning-Journey/#root/Test"},"diagnostics":[],"reset":true})[0m
[0m[[0m[0mdebug[0m] [0m[0mjsonRpcNotify: JsonRpcNotificationMessage(2.0, build/publishDiagnostics, {"textDocument":{"uri":"file:///home/amir/my-work/Scala-Chisel-Learning-Journey/src/test/scala/lab4/lab4t1test.scala"},"buildTarget":{"uri":"file:/home/amir/my-work/Scala-Chisel-Learning-Journey/#root/Test"},"diagnostics":[],"reset":true})[0m
[0m[[0m[0mdebug[0m] [0m[0mjsonRpcNotify: JsonRpcNotificationMessage(2.0, build/publishDiagnostics, {"textDocument":{"uri":"file:///home/amir/my-work/Scala-Chisel-Learning-Journey/src/test/scala/lab6/lab6t3test.scala"},"buildTarget":{"uri":"file:/home/amir/my-work/Scala-Chisel-Learning-Journey/#root/Test"},"diagnostics":[],"reset":true})[0m
[0m[[0m[0mdebug[0m] [0m[0mjsonRpcNotify: JsonRpcNotificationMessage(2.0, build/publishDiagnostics, {"textDocument":{"uri":"file:///home/amir/my-work/Scala-Chisel-Learning-Journey/src/test/scala/Lab8/lab8tasktest.scala"},"buildTarget":{"uri":"file:/home/amir/my-work/Scala-Chisel-Learning-Journey/#root/Test"},"diagnostics":[],"reset":true})[0m
[0m[[0m[0mdebug[0m] [0m[0mjsonRpcNotify: JsonRpcNotificationMessage(2.0, build/publishDiagnostics, {"textDocument":{"uri":"file:///home/amir/my-work/Scala-Chisel-Learning-Journey/src/test/scala/riscv/fivestagetest.scala"},"buildTarget":{"uri":"file:/home/amir/my-work/Scala-Chisel-Learning-Journey/#root/Test"},"diagnostics":[],"reset":true})[0m
[0m[[0m[0mdebug[0m] [0m[0mjsonRpcNotify: JsonRpcNotificationMessage(2.0, build/publishDiagnostics, {"textDocument":{"uri":"file:///home/amir/my-work/Scala-Chisel-Learning-Journey/src/test/scala/lab6/lab6t4test.scala"},"buildTarget":{"uri":"file:/home/amir/my-work/Scala-Chisel-Learning-Journey/#root/Test"},"diagnostics":[],"reset":true})[0m
[0m[[0m[0mdebug[0m] [0m[0mjsonRpcNotify: JsonRpcNotificationMessage(2.0, build/publishDiagnostics, {"textDocument":{"uri":"file:///home/amir/my-work/Scala-Chisel-Learning-Journey/src/test/scala/riscv/regtest.scala"},"buildTarget":{"uri":"file:/home/amir/my-work/Scala-Chisel-Learning-Journey/#root/Test"},"diagnostics":[],"reset":true})[0m
[0m[[0m[0mdebug[0m] [0m[0mjsonRpcNotify: JsonRpcNotificationMessage(2.0, build/publishDiagnostics, {"textDocument":{"uri":"file:///home/amir/my-work/Scala-Chisel-Learning-Journey/src/test/scala/lab3/lab3t3test.scala"},"buildTarget":{"uri":"file:/home/amir/my-work/Scala-Chisel-Learning-Journey/#root/Test"},"diagnostics":[],"reset":true})[0m
[0m[[0m[0mdebug[0m] [0m[0mjsonRpcNotify: JsonRpcNotificationMessage(2.0, build/publishDiagnostics, {"textDocument":{"uri":"file:///home/amir/my-work/Scala-Chisel-Learning-Journey/src/test/scala/lab%207/lab7t1test.scala"},"buildTarget":{"uri":"file:/home/amir/my-work/Scala-Chisel-Learning-Journey/#root/Test"},"diagnostics":[],"reset":true})[0m
[0m[[0m[0mdebug[0m] [0m[0mjsonRpcNotify: JsonRpcNotificationMessage(2.0, build/publishDiagnostics, {"textDocument":{"uri":"file:///home/amir/my-work/Scala-Chisel-Learning-Journey/src/test/scala/Lab8/practicetest.scala"},"buildTarget":{"uri":"file:/home/amir/my-work/Scala-Chisel-Learning-Journey/#root/Test"},"diagnostics":[],"reset":true})[0m
[0m[[0m[0mdebug[0m] [0m[0mjsonRpcNotify: JsonRpcNotificationMessage(2.0, build/publishDiagnostics, {"textDocument":{"uri":"file:///home/amir/my-work/Scala-Chisel-Learning-Journey/src/test/scala/riscv/p1test.scala"},"buildTarget":{"uri":"file:/home/amir/my-work/Scala-Chisel-Learning-Journey/#root/Test"},"diagnostics":[],"reset":true})[0m
[0m[[0m[0mdebug[0m] [0m[0mjsonRpcNotify: JsonRpcNotificationMessage(2.0, build/publishDiagnostics, {"textDocument":{"uri":"file:///home/amir/my-work/Scala-Chisel-Learning-Journey/src/test/scala/riscv/ALUtest.scala"},"buildTarget":{"uri":"file:/home/amir/my-work/Scala-Chisel-Learning-Journey/#root/Test"},"diagnostics":[],"reset":true})[0m
[0m[[0m[0mdebug[0m] [0m[0mjsonRpcNotify: JsonRpcNotificationMessage(2.0, build/publishDiagnostics, {"textDocument":{"uri":"file:///home/amir/my-work/Scala-Chisel-Learning-Journey/src/test/scala/lab2/lab2task1test.scala"},"buildTarget":{"uri":"file:/home/amir/my-work/Scala-Chisel-Learning-Journey/#root/Test"},"diagnostics":[],"reset":true})[0m
[0m[[0m[0mdebug[0m] [0m[0mjsonRpcNotify: JsonRpcNotificationMessage(2.0, build/publishDiagnostics, {"textDocument":{"uri":"file:///home/amir/my-work/Scala-Chisel-Learning-Journey/src/test/scala/riscv/controltest.scala"},"buildTarget":{"uri":"file:/home/amir/my-work/Scala-Chisel-Learning-Journey/#root/Test"},"diagnostics":[],"reset":true})[0m
[0m[[0m[0mdebug[0m] [0m[0mjsonRpcNotify: JsonRpcNotificationMessage(2.0, build/publishDiagnostics, {"textDocument":{"uri":"file:///home/amir/my-work/Scala-Chisel-Learning-Journey/src/test/scala/gcd/GCDSpec.scala"},"buildTarget":{"uri":"file:/home/amir/my-work/Scala-Chisel-Learning-Journey/#root/Test"},"diagnostics":[],"reset":true})[0m
[0m[[0m[0mdebug[0m] [0m[0mjsonRpcNotify: JsonRpcNotificationMessage(2.0, build/publishDiagnostics, {"textDocument":{"uri":"file:///home/amir/my-work/Scala-Chisel-Learning-Journey/src/test/scala/riscv/imdgentest.scala"},"buildTarget":{"uri":"file:/home/amir/my-work/Scala-Chisel-Learning-Journey/#root/Test"},"diagnostics":[],"reset":true})[0m
[0m[[0m[0mdebug[0m] [0m[0mjsonRpcNotify: JsonRpcNotificationMessage(2.0, build/publishDiagnostics, {"textDocument":{"uri":"file:///home/amir/my-work/Scala-Chisel-Learning-Journey/src/test/scala/Lab8/lab8ex3t.scala"},"buildTarget":{"uri":"file:/home/amir/my-work/Scala-Chisel-Learning-Journey/#root/Test"},"diagnostics":[],"reset":true})[0m
[0m[[0m[0mdebug[0m] [0m[0mjsonRpcNotify: JsonRpcNotificationMessage(2.0, build/publishDiagnostics, {"textDocument":{"uri":"file:///home/amir/my-work/Scala-Chisel-Learning-Journey/src/test/scala/Lab8/lab8t.scala"},"buildTarget":{"uri":"file:/home/amir/my-work/Scala-Chisel-Learning-Journey/#root/Test"},"diagnostics":[],"reset":true})[0m
[0m[[0m[0mdebug[0m] [0m[0mjsonRpcNotify: JsonRpcNotificationMessage(2.0, build/taskFinish, {"taskId":{"id":"2","parents":[]},"eventTime":1677787324304,"message":"Compiled root-test","status":1,"dataKind":"compile-report","data":{"target":{"uri":"file:/home/amir/my-work/Scala-Chisel-Learning-Journey/#root/Test"},"errors":0,"warnings":0,"time":338}})[0m
[0m[[0m[0minfo[0m] [0m[0m[32mfivestagetest:[0m[0m
[0m[[0m[0minfo[0m] [0m[0m[31m- V *** FAILED ***[0m[0m
[0m[[0m[0minfo[0m] [0m[0m[31m  java.io.FileNotFoundException: /home/mamir/Desktop/AJ (No such file or directory)[0m[0m
[0m[[0m[0minfo[0m] [0m[0m[31m  at java.base/java.io.FileInputStream.open0(Native Method)[0m[0m
[0m[[0m[0minfo[0m] [0m[0m[31m  at java.base/java.io.FileInputStream.open(FileInputStream.java:216)[0m[0m
[0m[[0m[0minfo[0m] [0m[0m[31m  at java.base/java.io.FileInputStream.<init>(FileInputStream.java:157)[0m[0m
[0m[[0m[0minfo[0m] [0m[0m[31m  at scala.io.Source$.fromFile(Source.scala:94)[0m[0m
[0m[[0m[0minfo[0m] [0m[0m[31m  at scala.io.Source$.fromFile(Source.scala:79)[0m[0m
[0m[[0m[0minfo[0m] [0m[0m[31m  at firrtl.FileUtils$.getLines(FileUtils.scala:110)[0m[0m
[0m[[0m[0minfo[0m] [0m[0m[31m  at firrtl.FileUtils$.getLines(FileUtils.scala:102)[0m[0m
[0m[[0m[0minfo[0m] [0m[0m[31m  at treadle.executable.MemoryInitializer.doInitialize(Memory.scala:665)[0m[0m
[0m[[0m[0minfo[0m] [0m[0m[31m  at treadle.executable.MemoryInitializer.$anonfun$initializeMemoriesFromFiles$1(Memory.scala:681)[0m[0m
[0m[[0m[0minfo[0m] [0m[0m[31m  at treadle.executable.MemoryInitializer.$anonfun$initializeMemoriesFromFiles$1$adapted(Memory.scala:680)[0m[0m
[0m[[0m[0minfo[0m] [0m[0m[31m  ...[0m[0m
[0m[[0m[0mdebug[0m] [0m[0mjsonRpcNotify: JsonRpcNotificationMessage(2.0, build/logMessage, {"type":3,"message":"\u001b[32mfivestagetest:\u001b[0m"})[0m
[0m[[0m[0mdebug[0m] [0m[0mjsonRpcNotify: JsonRpcNotificationMessage(2.0, build/logMessage, {"type":3,"message":"\u001b[31m- V *** FAILED ***\u001b[0m"})[0m
[0m[[0m[0mdebug[0m] [0m[0mjsonRpcNotify: JsonRpcNotificationMessage(2.0, build/logMessage, {"type":3,"message":"\u001b[31m  java.io.FileNotFoundException: /home/mamir/Desktop/AJ (No such file or directory)\u001b[0m"})[0m
[0m[[0m[0mdebug[0m] [0m[0mjsonRpcNotify: JsonRpcNotificationMessage(2.0, build/logMessage, {"type":3,"message":"\u001b[31m  at java.base/java.io.FileInputStream.open0(Native Method)\u001b[0m"})[0m
[0m[[0m[0mdebug[0m] [0m[0mjsonRpcNotify: JsonRpcNotificationMessage(2.0, build/logMessage, {"type":3,"message":"\u001b[31m  at java.base/java.io.FileInputStream.open(FileInputStream.java:216)\u001b[0m"})[0m
[0m[[0m[0mdebug[0m] [0m[0mjsonRpcNotify: JsonRpcNotificationMessage(2.0, build/logMessage, {"type":3,"message":"\u001b[31m  at java.base/java.io.FileInputStream.<init>(FileInputStream.java:157)\u001b[0m"})[0m
[0m[[0m[0mdebug[0m] [0m[0mjsonRpcNotify: JsonRpcNotificationMessage(2.0, build/logMessage, {"type":3,"message":"\u001b[31m  at scala.io.Source$.fromFile(Source.scala:94)\u001b[0m"})[0m
[0m[[0m[0mdebug[0m] [0m[0mjsonRpcNotify: JsonRpcNotificationMessage(2.0, build/logMessage, {"type":3,"message":"\u001b[31m  at scala.io.Source$.fromFile(Source.scala:79)\u001b[0m"})[0m
[0m[[0m[0mdebug[0m] [0m[0mjsonRpcNotify: JsonRpcNotificationMessage(2.0, build/logMessage, {"type":3,"message":"\u001b[31m  at firrtl.FileUtils$.getLines(FileUtils.scala:110)\u001b[0m"})[0m
[0m[[0m[0mdebug[0m] [0m[0mjsonRpcNotify: JsonRpcNotificationMessage(2.0, build/logMessage, {"type":3,"message":"\u001b[31m  at firrtl.FileUtils$.getLines(FileUtils.scala:102)\u001b[0m"})[0m
[0m[[0m[0mdebug[0m] [0m[0mjsonRpcNotify: JsonRpcNotificationMessage(2.0, build/logMessage, {"type":3,"message":"\u001b[31m  at treadle.executable.MemoryInitializer.doInitialize(Memory.scala:665)\u001b[0m"})[0m
[0m[[0m[0mdebug[0m] [0m[0mjsonRpcNotify: JsonRpcNotificationMessage(2.0, build/logMessage, {"type":3,"message":"\u001b[31m  at treadle.executable.MemoryInitializer.$anonfun$initializeMemoriesFromFiles$1(Memory.scala:681)\u001b[0m"})[0m
[0m[[0m[0mdebug[0m] [0m[0mjsonRpcNotify: JsonRpcNotificationMessage(2.0, build/logMessage, {"type":3,"message":"\u001b[31m  at treadle.executable.MemoryInitializer.$anonfun$initializeMemoriesFromFiles$1$adapted(Memory.scala:680)\u001b[0m"})[0m
[0m[[0m[0mdebug[0m] [0m[0mjsonRpcNotify: JsonRpcNotificationMessage(2.0, build/logMessage, {"type":3,"message":"\u001b[31m  ...\u001b[0m"})[0m
[0m[[0m[0minfo[0m] [0m[0m[36mRun completed in 19 seconds, 813 milliseconds.[0m[0m
[0m[[0m[0minfo[0m] [0m[0m[36mTotal number of tests run: 1[0m[0m
[0m[[0m[0minfo[0m] [0m[0m[36mSuites: completed 1, aborted 0[0m[0m
[0m[[0m[0minfo[0m] [0m[0m[36mTests: succeeded 0, failed 1, canceled 0, ignored 0, pending 0[0m[0m
[0m[[0m[0minfo[0m] [0m[0m[31m*** 1 TEST FAILED ***[0m[0m
[0m[[0m[0mdebug[0m] [0m[0mjsonRpcNotify: JsonRpcNotificationMessage(2.0, build/logMessage, {"type":3,"message":"\u001b[36mRun completed in 19 seconds, 813 milliseconds.\u001b[0m\n\u001b[36mTotal number of tests run: 1\u001b[0m\n\u001b[36mSuites: completed 1, aborted 0\u001b[0m\n\u001b[36mTests: succeeded 0, failed 1, canceled 0, ignored 0, pending 0\u001b[0m\n\u001b[31m*** 1 TEST FAILED ***\u001b[0m"})[0m
[0m[[0m[31merror[0m] [0m[0mFailed tests:[0m
[0m[[0m[0mdebug[0m] [0m[0mjsonRpcNotify: JsonRpcNotificationMessage(2.0, build/logMessage, {"type":1,"message":"Failed tests:"})[0m
[0m[[0m[31merror[0m] [0m[0m	riscv.fivestagetest[0m
[0m[[0m[0mdebug[0m] [0m[0mjsonRpcNotify: JsonRpcNotificationMessage(2.0, build/logMessage, {"type":1,"message":"\triscv.fivestagetest"})[0m
[0m[[0m[31merror[0m] [0m[0m(Test / [31mtestOnly[0m) sbt.TestsFailedException: Tests unsuccessful[0m
[0m[[0m[0mdebug[0m] [0m[0mjsonRpcNotify: JsonRpcNotificationMessage(2.0, build/logMessage, {"type":1,"message":"(Test / \u001b[31mtestOnly\u001b[0m) sbt.TestsFailedException: Tests unsuccessful"})[0m
[0m[[0m[31merror[0m] [0m[0mTotal time: 31 s, completed Mar 3, 2023, 1:02:31 AM[0m
[0m[[0m[0mdebug[0m] [0m[0m> Exec(shell, None, None)[0m
[0m[[0m[0mdebug[0m] [0m[0mForcing garbage collection...[0m
[0m[[0m[33mwarn[0m] [0m[0mIn the last 679 seconds, 54.817 (8.1%) were spent in GC. [Heap: 0.95GB free of 1.00GB, max 1.00GB] Consider increasing the JVM heap using `-Xmx` or try a different collector, e.g. `-XX:+UseG1GC`, for better performance.[0m
[0m[[0m[0mdebug[0m] [0m[0mUnhandled notification received: textDocument/didOpen: JsonRpcNotificationMessage(2.0, textDocument/didOpen, {"textDocument":{"uri":"file:///home/amir/my-work/Scala-Chisel-Learning-Journey/src/main/scala/riscv/fivestage.scala","languageId":"scala","version":1,"text":"package riscv\nimport chisel3._\nimport chisel3.util._\n\nclass fivestage extends Module{\n    val io = IO(new Bundle{\n        val out = Output(UInt(32.W))\n    })\n    val pcounter = Module(new pc)\n    dontTouch(pcounter.io)\n    val im = Module(new instMem(\"/home/mamir/Desktop/AJ\"))\n    dontTouch(im.io)\n    val reg = Module(new register)\n    dontTouch(reg.io)\n    val cu = Module (new control)\n    dontTouch(cu.io)\n    val alu = Module(new ALU)\n    dontTouch(alu.io)\n    val ac = Module(new alu_control)\n    dontTouch(ac.io)\n    val imem = Module(new imdgen)\n    dontTouch(imem.io)\n    val m= Module(new memory)\n    dontTouch(m.io)\n    val b= Module(new Branch)\n    dontTouch(b.io)\n    val p1 = Module(new pipeline1)\n    dontTouch(p1.io)\n    val p2 = Module(new pipeline2)\n    dontTouch(p2.io)\n    val p3 = Module(new pipeline3)\n    dontTouch(p3.io)\n    val p4 = Module(new pipeline4)\n    dontTouch(p4.io)\n    io.out := 1.U\n    b.io.Aluop := 0.U\n    ac.io.op_code := 0.U\n    pcounter.io.in := 0.U\n    reg.io.wen := 0.B\n    p2.io.rs1_add_in := 0.U\n    imem.io.pc := 0.U\n    p2.io.rs1 := 0.S\n    //p2.io.imme_in := 0.U\n    b.io.in_a := 0.S\n    p3.io.rs2add :=0.U\n    p4.io.memrd:=0.U\n    p2.io.rs2 := 0.S\n    p2.io.IF_pc :=0.S\n    p2.io.rs2_add_in :=0.U\n    p1.io.pc4_in :=0.U\n    b.io.in_b :=0.S\n\n    \n\n\n\n\n    im.io.addr := pcounter.io.out1\n    p1.io.pc_in := pcounter.io.out1\n    p1.io.inst_in := im.io.instr\n    cu.io.op_code := p1.io.inst_out(6,0)\n    reg.io.rs1 := p1.io.inst_out(19,15)\n    reg.io.rs2 := p1.io.inst_out(24,20)\n    imem.io.instr := p1.io.inst_out\n    p2.io.func3_in := p1.io.inst_out(14,12) \n    p2.io.func7_in := p1.io.inst_out(30)\n    p2.io.rd_add_in := p1.io.inst_out(11,7)\n    //wb1\n    p2.io.ctrl_regwr_in := cu.io.regwrite\n    p2.io.ctrl_memtoreg_in := cu.io.memtoreg\n    //M1\n    p2.io.ctrl_branch_in :=  cu.io.branch\n    p2.io.ctrl_memwr_in :=    cu.io.memwrite\n    p2.io.ctrl_memrd_in :=   cu.io.memread\n    //EX1\n    p2.io.ctrl_Aluop_in := cu.io.aluop\n    p2.io.ctrl_Alu_src :=  cu.io.op_b_sel\n    //wb2\n    p3.io.memtoreg:= p2.io.ctrl_memtoreg_out\n    p3.io.regwr   := p2.io.ctrl_regwr_out\n    //M2\n    p3.io.branch := p2.io.ctrl_branch_out\n    p3.io.memwr := p2.io.ctrl_memwr_out\n    p3.io.memrd := p2.io.ctrl_memrd_out\n    //\n    p2.io.imme_in := imem.io.itype\n    // p2.io.imme_in := imem.io.stype\n    // p2.io.imme_in := imem.io.sbtype\n    // p2.io.imme_in := imem.io.utype\n    // p2.io.imme_in := imem.io.ujtype\n    \n    \n    \n    p3.io.p2_pc := (p2.io.IF_pc_out).asUInt + p2.io.imme_out\n    val mux1 = Mux(p2.io.op_Alu_src_out,p2.io.imme_out,(p2.io.rs2_out).asUInt)\n    alu.io.in_a := p2.io.rs1_out\n    alu.io.in_b := (mux1).asSInt \n    p3.io.alu_output := alu.io.Result\n    p3.io.rs2 := p2.io.rs2_out\n    ac.io.func3 :=  p2.io.func3_out\n    ac.io.func7 :=  p2.io.func7_out \n    ac.io.Aluop := p2.io.ctrl_Aluop_out\n    alu.io.Aluop := ac.io.ctrl\n    p3.io.rdadd := p2.io.rd_add_out\n    p3.io.branch := 0.B\n    //stage3 cmplt\n    p4.io.memtoreg := p3.io.memtoreg_out\n    p4.io.regwr := p3.io.memwr_out\n    //\n    val and = p3.io.branch_out && 0.B\n    m.io.addr := (p3.io.alu_output_out).asUInt\n    m.io.dataIn := (p3.io.rs2_out).asUInt\n    m.io.write := p3.io.memwr_out\n    m.io.red :=   p3.io.memrd_out\n    p4.io.data_mem:= m.io.dataOut\n    p4.io.alu_output:=p3.io.alu_output_out\n    p4.io.rdadd := p3.io.rdadd_out\n    reg.io.wen := p4.io.regwr_out\n    val mux2 = Mux(p4.io.memtoreg_out,p4.io.alu_output_out,(p4.io.data_mem_out).asSInt )\n    reg.io.write_data  := (mux2).asUInt\n    reg.io.rd := p4.io.rdadd_out\n    pcounter.io.in := Mux(and,pcounter.io.out2,p3.io.p2_pc_out)\n}\n\n\n\n    \n\n\n\n"}})[0m
