[0m[[0m[0mdebug[0m] [0m[0m> Exec(;Test/compile; collectAnalyses, None, Some(CommandSource(network-1)))[0m
[0m[[0m[0mdebug[0m] [0m[0munmatched Processing event for requestId None: None[0m
[0m[[0m[0mdebug[0m] [0m[0munmatched Done event for requestId None: None[0m
[0m[[0m[0mdebug[0m] [0m[0m> Exec(Test/compile, None, Some(CommandSource(network-1)))[0m
[0m[[0m[0mdebug[0m] [0m[0munmatched Processing event for requestId None: None[0m
[0m[[0m[0mdebug[0m] [0m[0mEvaluating tasks: Test / compile[0m
[0m[[0m[0mdebug[0m] [0m[0mRunning task... Cancel: Signal, check cycles: false, forcegc: true[0m
[0m[[0m[0mdebug[0m] [0m[0mjsonRpcNotify: JsonRpcNotificationMessage(2.0, build/taskStart, {"taskId":{"id":"45","parents":[]},"eventTime":1678013524024,"message":"Compiling root","dataKind":"compile-task","data":{"target":{"uri":"file:/home/amir/my-work/Scala-Chisel-Learning-Journey/#root/Compile"}}})[0m
[0m[[0m[0minfo[0m] [0m[0mcompiling 2 Scala sources to /home/amir/my-work/Scala-Chisel-Learning-Journey/target/scala-2.12/classes ...[0m
[0m[[0m[0mdebug[0m] [0m[0mjsonRpcNotify: JsonRpcNotificationMessage(2.0, build/logMessage, {"type":3,"message":"compiling 2 Scala sources to /home/amir/my-work/Scala-Chisel-Learning-Journey/target/scala-2.12/classes ..."})[0m
[0m[[0m[0mdebug[0m] [0m[0mjsonRpcNotify: JsonRpcNotificationMessage(2.0, build/taskProgress, {"taskId":{"id":"45","parents":[]},"eventTime":1678013530899,"message":"Compiling root (5%)","total":56,"progress":5,"dataKind":"compile-progress","data":{"target":{"uri":"file:/home/amir/my-work/Scala-Chisel-Learning-Journey/#root/Compile"}}})[0m
[0m[[0m[0mdebug[0m] [0m[0mjsonRpcNotify: JsonRpcNotificationMessage(2.0, build/taskProgress, {"taskId":{"id":"45","parents":[]},"eventTime":1678013530944,"message":"Compiling root (10%)","total":56,"progress":10,"dataKind":"compile-progress","data":{"target":{"uri":"file:/home/amir/my-work/Scala-Chisel-Learning-Journey/#root/Compile"}}})[0m
[0m[[0m[0mdebug[0m] [0m[0mjsonRpcNotify: JsonRpcNotificationMessage(2.0, build/taskProgress, {"taskId":{"id":"45","parents":[]},"eventTime":1678013530944,"message":"Compiling root (10%)","total":56,"progress":10,"dataKind":"compile-progress","data":{"target":{"uri":"file:/home/amir/my-work/Scala-Chisel-Learning-Journey/#root/Compile"}}})[0m
[0m[[0m[0mdebug[0m] [0m[0mjsonRpcNotify: JsonRpcNotificationMessage(2.0, build/publishDiagnostics, {"textDocument":{"uri":"file:///home/amir/my-work/Scala-Chisel-Learning-Journey/src/main/scala/riscv/fivestage.scala"},"buildTarget":{"uri":"file:/home/amir/my-work/Scala-Chisel-Learning-Journey/#root/Compile"},"diagnostics":[{"range":{"start":{"line":133,"character":27},"end":{"line":133,"character":28}},"severity":1,"source":"sbt","message":"value inst_out is not a member of riscv.pipeline1"}],"reset":false})[0m
[0m[[0m[31merror[0m] [0m[0m/home/amir/my-work/Scala-Chisel-Learning-Journey/src/main/scala/riscv/fivestage.scala:134:28: value inst_out is not a member of riscv.pipeline1[0m
[0m[[0m[31merror[0m] [0m[0m    p2.io.rs1_add_in := p1.inst_out(19,15)[0m
[0m[[0m[31merror[0m] [0m[0m                           ^[0m
[0m[[0m[0mdebug[0m] [0m[0mjsonRpcNotify: JsonRpcNotificationMessage(2.0, build/logMessage, {"type":1,"message":"/home/amir/my-work/Scala-Chisel-Learning-Journey/src/main/scala/riscv/fivestage.scala:134:28: value inst_out is not a member of riscv.pipeline1"})[0m
[0m[[0m[0mdebug[0m] [0m[0mjsonRpcNotify: JsonRpcNotificationMessage(2.0, build/logMessage, {"type":1,"message":"    p2.io.rs1_add_in := p1.inst_out(19,15)"})[0m
[0m[[0m[0mdebug[0m] [0m[0mjsonRpcNotify: JsonRpcNotificationMessage(2.0, build/logMessage, {"type":1,"message":"                           ^"})[0m
[0m[[0m[0mdebug[0m] [0m[0mjsonRpcNotify: JsonRpcNotificationMessage(2.0, build/publishDiagnostics, {"textDocument":{"uri":"file:///home/amir/my-work/Scala-Chisel-Learning-Journey/src/main/scala/riscv/fivestage.scala"},"buildTarget":{"uri":"file:/home/amir/my-work/Scala-Chisel-Learning-Journey/#root/Compile"},"diagnostics":[{"range":{"start":{"line":134,"character":27},"end":{"line":134,"character":28}},"severity":1,"source":"sbt","message":"value inst_out is not a member of riscv.pipeline1"}],"reset":false})[0m
[0m[[0m[31merror[0m] [0m[0m/home/amir/my-work/Scala-Chisel-Learning-Journey/src/main/scala/riscv/fivestage.scala:135:28: value inst_out is not a member of riscv.pipeline1[0m
[0m[[0m[31merror[0m] [0m[0m    p2.io.rs2_add_in := p1.inst_out(24,20)[0m
[0m[[0m[31merror[0m] [0m[0m                           ^[0m
[0m[[0m[0mdebug[0m] [0m[0mjsonRpcNotify: JsonRpcNotificationMessage(2.0, build/logMessage, {"type":1,"message":"/home/amir/my-work/Scala-Chisel-Learning-Journey/src/main/scala/riscv/fivestage.scala:135:28: value inst_out is not a member of riscv.pipeline1"})[0m
[0m[[0m[0mdebug[0m] [0m[0mjsonRpcNotify: JsonRpcNotificationMessage(2.0, build/logMessage, {"type":1,"message":"    p2.io.rs2_add_in := p1.inst_out(24,20)"})[0m
[0m[[0m[0mdebug[0m] [0m[0mjsonRpcNotify: JsonRpcNotificationMessage(2.0, build/logMessage, {"type":1,"message":"                           ^"})[0m
[0m[[0m[0mdebug[0m] [0m[0mjsonRpcNotify: JsonRpcNotificationMessage(2.0, build/publishDiagnostics, {"textDocument":{"uri":"file:///home/amir/my-work/Scala-Chisel-Learning-Journey/src/main/scala/riscv/fivestage.scala"},"buildTarget":{"uri":"file:/home/amir/my-work/Scala-Chisel-Learning-Journey/#root/Compile"},"diagnostics":[{"range":{"start":{"line":135,"character":27},"end":{"line":135,"character":28}},"severity":1,"source":"sbt","message":"value inst_out is not a member of riscv.pipeline1"}],"reset":false})[0m
[0m[[0m[31merror[0m] [0m[0m/home/amir/my-work/Scala-Chisel-Learning-Journey/src/main/scala/riscv/fivestage.scala:136:28: value inst_out is not a member of riscv.pipeline1[0m
[0m[[0m[31merror[0m] [0m[0m    p2.io.rd_add_in  := p1.inst_out(11,7)[0m
[0m[[0m[31merror[0m] [0m[0m                           ^[0m
[0m[[0m[0mdebug[0m] [0m[0mjsonRpcNotify: JsonRpcNotificationMessage(2.0, build/logMessage, {"type":1,"message":"/home/amir/my-work/Scala-Chisel-Learning-Journey/src/main/scala/riscv/fivestage.scala:136:28: value inst_out is not a member of riscv.pipeline1"})[0m
[0m[[0m[0mdebug[0m] [0m[0mjsonRpcNotify: JsonRpcNotificationMessage(2.0, build/logMessage, {"type":1,"message":"    p2.io.rd_add_in  := p1.inst_out(11,7)"})[0m
[0m[[0m[0mdebug[0m] [0m[0mjsonRpcNotify: JsonRpcNotificationMessage(2.0, build/logMessage, {"type":1,"message":"                           ^"})[0m
[0m[[0m[0mdebug[0m] [0m[0mjsonRpcNotify: JsonRpcNotificationMessage(2.0, build/publishDiagnostics, {"textDocument":{"uri":"file:///home/amir/my-work/Scala-Chisel-Learning-Journey/src/main/scala/riscv/fivestage.scala"},"buildTarget":{"uri":"file:/home/amir/my-work/Scala-Chisel-Learning-Journey/#root/Compile"},"diagnostics":[{"range":{"start":{"line":144,"character":42},"end":{"line":144,"character":43}},"severity":1,"source":"sbt","message":"type mismatch;\n found   : Array[(((chisel3.Bool, chisel3.Bool), chisel3.Bool), chisel3.SInt)]\n required: Seq[(chisel3.Bool, chisel3.Data)]"}],"reset":false})[0m
[0m[[0m[31merror[0m] [0m[0m/home/amir/my-work/Scala-Chisel-Learning-Journey/src/main/scala/riscv/fivestage.scala:145:43: type mismatch;[0m
[0m[[0m[31merror[0m] [0m[0m found   : Array[(((chisel3.Bool, chisel3.Bool), chisel3.Bool), chisel3.SInt)][0m
[0m[[0m[31merror[0m] [0m[0m required: Seq[(chisel3.Bool, chisel3.Data)][0m
[0m[[0m[31merror[0m] [0m[0m    alu.io.in_a := MuxCase(false.B , Array([0m
[0m[[0m[31merror[0m] [0m[0m                                          ^[0m
[0m[[0m[0mdebug[0m] [0m[0mjsonRpcNotify: JsonRpcNotificationMessage(2.0, build/logMessage, {"type":1,"message":"/home/amir/my-work/Scala-Chisel-Learning-Journey/src/main/scala/riscv/fivestage.scala:145:43: type mismatch;\n found   : Array[(((chisel3.Bool, chisel3.Bool), chisel3.Bool), chisel3.SInt)]\n required: Seq[(chisel3.Bool, chisel3.Data)]"})[0m
[0m[[0m[0mdebug[0m] [0m[0mjsonRpcNotify: JsonRpcNotificationMessage(2.0, build/logMessage, {"type":1,"message":"    alu.io.in_a := MuxCase(false.B , Array("})[0m
[0m[[0m[0mdebug[0m] [0m[0mjsonRpcNotify: JsonRpcNotificationMessage(2.0, build/logMessage, {"type":1,"message":"                                          ^"})[0m
[0m[[0m[0mdebug[0m] [0m[0mjsonRpcNotify: JsonRpcNotificationMessage(2.0, build/publishDiagnostics, {"textDocument":{"uri":"file:///home/amir/my-work/Scala-Chisel-Learning-Journey/src/main/scala/riscv/fivestage.scala"},"buildTarget":{"uri":"file:/home/amir/my-work/Scala-Chisel-Learning-Journey/#root/Compile"},"diagnostics":[{"range":{"start":{"line":150,"character":38},"end":{"line":150,"character":39}},"severity":1,"source":"sbt","message":"type mismatch;\n found   : Array[(((chisel3.Bool, chisel3.Bool), chisel3.Bool), chisel3.SInt)]\n required: Seq[(chisel3.Bool, ?)]"}],"reset":false})[0m
[0m[[0m[31merror[0m] [0m[0m/home/amir/my-work/Scala-Chisel-Learning-Journey/src/main/scala/riscv/fivestage.scala:151:39: type mismatch;[0m
[0m[[0m[31merror[0m] [0m[0m found   : Array[(((chisel3.Bool, chisel3.Bool), chisel3.Bool), chisel3.SInt)][0m
[0m[[0m[31merror[0m] [0m[0m required: Seq[(chisel3.Bool, ?)][0m
[0m[[0m[31merror[0m] [0m[0m    val muxx = MuxCase(false.B , Array([0m
[0m[[0m[31merror[0m] [0m[0m                                      ^[0m
[0m[[0m[0mdebug[0m] [0m[0mjsonRpcNotify: JsonRpcNotificationMessage(2.0, build/logMessage, {"type":1,"message":"/home/amir/my-work/Scala-Chisel-Learning-Journey/src/main/scala/riscv/fivestage.scala:151:39: type mismatch;\n found   : Array[(((chisel3.Bool, chisel3.Bool), chisel3.Bool), chisel3.SInt)]\n required: Seq[(chisel3.Bool, ?)]"})[0m
[0m[[0m[0mdebug[0m] [0m[0mjsonRpcNotify: JsonRpcNotificationMessage(2.0, build/logMessage, {"type":1,"message":"    val muxx = MuxCase(false.B , Array("})[0m
[0m[[0m[0mdebug[0m] [0m[0mjsonRpcNotify: JsonRpcNotificationMessage(2.0, build/logMessage, {"type":1,"message":"                                      ^"})[0m
[0m[[0m[0mdebug[0m] [0m[0mjsonRpcNotify: JsonRpcNotificationMessage(2.0, build/publishDiagnostics, {"textDocument":{"uri":"file:///home/amir/my-work/Scala-Chisel-Learning-Journey/src/main/scala/riscv/forwarding.scala"},"buildTarget":{"uri":"file:/home/amir/my-work/Scala-Chisel-Learning-Journey/#root/Compile"},"diagnostics":[{"range":{"start":{"line":16,"character":25},"end":{"line":16,"character":27}},"severity":1,"source":"sbt","message":"value && is not a member of chisel3.UInt"}],"reset":false})[0m
[0m[[0m[31merror[0m] [0m[0m/home/amir/my-work/Scala-Chisel-Learning-Journey/src/main/scala/riscv/forwarding.scala:17:26: value && is not a member of chisel3.UInt[0m
[0m[[0m[31merror[0m] [0m[0m    when (io.p2_regWrite && (io.p2_rd =/= 0.U)) && ((io.p2_rd === io.p1_rs1 )) {[0m
[0m[[0m[31merror[0m] [0m[0m                         ^[0m
[0m[[0m[0mdebug[0m] [0m[0mjsonRpcNotify: JsonRpcNotificationMessage(2.0, build/logMessage, {"type":1,"message":"/home/amir/my-work/Scala-Chisel-Learning-Journey/src/main/scala/riscv/forwarding.scala:17:26: value && is not a member of chisel3.UInt"})[0m
[0m[[0m[0mdebug[0m] [0m[0mjsonRpcNotify: JsonRpcNotificationMessage(2.0, build/logMessage, {"type":1,"message":"    when (io.p2_regWrite && (io.p2_rd =/= 0.U)) && ((io.p2_rd === io.p1_rs1 )) {"})[0m
[0m[[0m[0mdebug[0m] [0m[0mjsonRpcNotify: JsonRpcNotificationMessage(2.0, build/logMessage, {"type":1,"message":"                         ^"})[0m
[0m[[0m[0mdebug[0m] [0m[0mjsonRpcNotify: JsonRpcNotificationMessage(2.0, build/publishDiagnostics, {"textDocument":{"uri":"file:///home/amir/my-work/Scala-Chisel-Learning-Journey/src/main/scala/riscv/forwarding.scala"},"buildTarget":{"uri":"file:/home/amir/my-work/Scala-Chisel-Learning-Journey/#root/Compile"},"diagnostics":[{"range":{"start":{"line":16,"character":62},"end":{"line":16,"character":65}},"severity":1,"source":"sbt","message":"overloaded method value apply with alternatives:\n  (x: chisel3.UInt)chisel3.Bool <and>\n  (x: Int)chisel3.Bool <and>\n  (x: BigInt)chisel3.Bool\n cannot be applied to (Unit)"}],"reset":false})[0m
[0m[[0m[31merror[0m] [0m[0m/home/amir/my-work/Scala-Chisel-Learning-Journey/src/main/scala/riscv/forwarding.scala:17:63: overloaded method value apply with alternatives:[0m
[0m[[0m[31merror[0m] [0m[0m  (x: chisel3.UInt)chisel3.Bool <and>[0m
[0m[[0m[31merror[0m] [0m[0m  (x: Int)chisel3.Bool <and>[0m
[0m[[0m[31merror[0m] [0m[0m  (x: BigInt)chisel3.Bool[0m
[0m[[0m[31merror[0m] [0m[0m cannot be applied to (Unit)[0m
[0m[[0m[31merror[0m] [0m[0m    when (io.p2_regWrite && (io.p2_rd =/= 0.U)) && ((io.p2_rd === io.p1_rs1 )) {[0m
[0m[[0m[31merror[0m] [0m[0m                                                              ^[0m
[0m[[0m[0mdebug[0m] [0m[0mjsonRpcNotify: JsonRpcNotificationMessage(2.0, build/logMessage, {"type":1,"message":"/home/amir/my-work/Scala-Chisel-Learning-Journey/src/main/scala/riscv/forwarding.scala:17:63: overloaded method value apply with alternatives:\n  (x: chisel3.UInt)chisel3.Bool <and>\n  (x: Int)chisel3.Bool <and>\n  (x: BigInt)chisel3.Bool\n cannot be applied to (Unit)"})[0m
[0m[[0m[0mdebug[0m] [0m[0mjsonRpcNotify: JsonRpcNotificationMessage(2.0, build/logMessage, {"type":1,"message":"    when (io.p2_regWrite && (io.p2_rd =/= 0.U)) && ((io.p2_rd === io.p1_rs1 )) {"})[0m
[0m[[0m[0mdebug[0m] [0m[0mjsonRpcNotify: JsonRpcNotificationMessage(2.0, build/logMessage, {"type":1,"message":"                                                              ^"})[0m
[0m[[0m[0mdebug[0m] [0m[0mjsonRpcNotify: JsonRpcNotificationMessage(2.0, build/publishDiagnostics, {"textDocument":{"uri":"file:///home/amir/my-work/Scala-Chisel-Learning-Journey/src/main/scala/riscv/forwarding.scala"},"buildTarget":{"uri":"file:/home/amir/my-work/Scala-Chisel-Learning-Journey/#root/Compile"},"diagnostics":[{"range":{"start":{"line":20,"character":25},"end":{"line":20,"character":27}},"severity":1,"source":"sbt","message":"value && is not a member of chisel3.UInt"}],"reset":false})[0m
[0m[[0m[31merror[0m] [0m[0m/home/amir/my-work/Scala-Chisel-Learning-Journey/src/main/scala/riscv/forwarding.scala:21:26: value && is not a member of chisel3.UInt[0m
[0m[[0m[31merror[0m] [0m[0m    when (io.p2_regWrite && (io.p2_rd =/= 0.U)) && (io.p2_rd === io.p1_rs2)[0m
[0m[[0m[31merror[0m] [0m[0m                         ^[0m
[0m[[0m[0mdebug[0m] [0m[0mjsonRpcNotify: JsonRpcNotificationMessage(2.0, build/logMessage, {"type":1,"message":"/home/amir/my-work/Scala-Chisel-Learning-Journey/src/main/scala/riscv/forwarding.scala:21:26: value && is not a member of chisel3.UInt"})[0m
[0m[[0m[0mdebug[0m] [0m[0mjsonRpcNotify: JsonRpcNotificationMessage(2.0, build/logMessage, {"type":1,"message":"    when (io.p2_regWrite && (io.p2_rd =/= 0.U)) && (io.p2_rd === io.p1_rs2)"})[0m
[0m[[0m[0mdebug[0m] [0m[0mjsonRpcNotify: JsonRpcNotificationMessage(2.0, build/logMessage, {"type":1,"message":"                         ^"})[0m
[0m[[0m[0mdebug[0m] [0m[0mjsonRpcNotify: JsonRpcNotificationMessage(2.0, build/publishDiagnostics, {"textDocument":{"uri":"file:///home/amir/my-work/Scala-Chisel-Learning-Journey/src/main/scala/riscv/forwarding.scala"},"buildTarget":{"uri":"file:/home/amir/my-work/Scala-Chisel-Learning-Journey/#root/Compile"},"diagnostics":[{"range":{"start":{"line":20,"character":61},"end":{"line":20,"character":64}},"severity":1,"source":"sbt","message":"overloaded method value apply with alternatives:\n  (x: chisel3.UInt)chisel3.Bool <and>\n  (x: Int)chisel3.Bool <and>\n  (x: BigInt)chisel3.Bool\n cannot be applied to (Unit)"}],"reset":false})[0m
[0m[[0m[31merror[0m] [0m[0m/home/amir/my-work/Scala-Chisel-Learning-Journey/src/main/scala/riscv/forwarding.scala:21:62: overloaded method value apply with alternatives:[0m
[0m[[0m[31merror[0m] [0m[0m  (x: chisel3.UInt)chisel3.Bool <and>[0m
[0m[[0m[31merror[0m] [0m[0m  (x: Int)chisel3.Bool <and>[0m
[0m[[0m[31merror[0m] [0m[0m  (x: BigInt)chisel3.Bool[0m
[0m[[0m[31merror[0m] [0m[0m cannot be applied to (Unit)[0m
[0m[[0m[31merror[0m] [0m[0m    when (io.p2_regWrite && (io.p2_rd =/= 0.U)) && (io.p2_rd === io.p1_rs2)[0m
[0m[[0m[31merror[0m] [0m[0m                                                             ^[0m
[0m[[0m[0mdebug[0m] [0m[0mjsonRpcNotify: JsonRpcNotificationMessage(2.0, build/logMessage, {"type":1,"message":"/home/amir/my-work/Scala-Chisel-Learning-Journey/src/main/scala/riscv/forwarding.scala:21:62: overloaded method value apply with alternatives:\n  (x: chisel3.UInt)chisel3.Bool <and>\n  (x: Int)chisel3.Bool <and>\n  (x: BigInt)chisel3.Bool\n cannot be applied to (Unit)"})[0m
[0m[[0m[0mdebug[0m] [0m[0mjsonRpcNotify: JsonRpcNotificationMessage(2.0, build/logMessage, {"type":1,"message":"    when (io.p2_regWrite && (io.p2_rd =/= 0.U)) && (io.p2_rd === io.p1_rs2)"})[0m
[0m[[0m[0mdebug[0m] [0m[0mjsonRpcNotify: JsonRpcNotificationMessage(2.0, build/logMessage, {"type":1,"message":"                                                             ^"})[0m
[0m[[0m[0mdebug[0m] [0m[0mjsonRpcNotify: JsonRpcNotificationMessage(2.0, build/publishDiagnostics, {"textDocument":{"uri":"file:///home/amir/my-work/Scala-Chisel-Learning-Journey/src/main/scala/riscv/forwarding.scala"},"buildTarget":{"uri":"file:/home/amir/my-work/Scala-Chisel-Learning-Journey/#root/Compile"},"diagnostics":[{"range":{"start":{"line":24,"character":13},"end":{"line":24,"character":14}},"severity":1,"source":"sbt","message":"value p3_regWrite is not a member of chisel3.Bundle{val p2_regWrite: chisel3.UInt; val p2_rd: chisel3.UInt; val p1_rs1: chisel3.UInt; val p1_rs2: chisel3.UInt; val p3_regwrite: chisel3.UInt; val p3_rd: chisel3.UInt; val f_a: chisel3.UInt; val f_b: chisel3.UInt}"}],"reset":false})[0m
[0m[[0m[31merror[0m] [0m[0m/home/amir/my-work/Scala-Chisel-Learning-Journey/src/main/scala/riscv/forwarding.scala:25:14: value p3_regWrite is not a member of chisel3.Bundle{val p2_regWrite: chisel3.UInt; val p2_rd: chisel3.UInt; val p1_rs1: chisel3.UInt; val p1_rs2: chisel3.UInt; val p3_regwrite: chisel3.UInt; val p3_rd: chisel3.UInt; val f_a: chisel3.UInt; val f_b: chisel3.UInt}[0m
[0m[[0m[31merror[0m] [0m[0m    when (io.p3_regWrite && (io.p3_rd =/= 0.U)) && (io.p3_rd === io.p1_rs1 ){        [0m
[0m[[0m[31merror[0m] [0m[0m             ^[0m
[0m[[0m[0mdebug[0m] [0m[0mjsonRpcNotify: JsonRpcNotificationMessage(2.0, build/logMessage, {"type":1,"message":"/home/amir/my-work/Scala-Chisel-Learning-Journey/src/main/scala/riscv/forwarding.scala:25:14: value p3_regWrite is not a member of chisel3.Bundle{val p2_regWrite: chisel3.UInt; val p2_rd: chisel3.UInt; val p1_rs1: chisel3.UInt; val p1_rs2: chisel3.UInt; val p3_regwrite: chisel3.UInt; val p3_rd: chisel3.UInt; val f_a: chisel3.UInt; val f_b: chisel3.UInt}"})[0m
[0m[[0m[0mdebug[0m] [0m[0mjsonRpcNotify: JsonRpcNotificationMessage(2.0, build/logMessage, {"type":1,"message":"    when (io.p3_regWrite && (io.p3_rd =/= 0.U)) && (io.p3_rd === io.p1_rs1 ){        "})[0m
[0m[[0m[0mdebug[0m] [0m[0mjsonRpcNotify: JsonRpcNotificationMessage(2.0, build/logMessage, {"type":1,"message":"             ^"})[0m
[0m[[0m[0mdebug[0m] [0m[0mjsonRpcNotify: JsonRpcNotificationMessage(2.0, build/publishDiagnostics, {"textDocument":{"uri":"file:///home/amir/my-work/Scala-Chisel-Learning-Journey/src/main/scala/riscv/forwarding.scala"},"buildTarget":{"uri":"file:/home/amir/my-work/Scala-Chisel-Learning-Journey/#root/Compile"},"diagnostics":[{"range":{"start":{"line":24,"character":61},"end":{"line":24,"character":64}},"severity":1,"source":"sbt","message":"overloaded method value apply with alternatives:\n  (x: chisel3.UInt)chisel3.Bool <and>\n  (x: Int)chisel3.Bool <and>\n  (x: BigInt)chisel3.Bool\n cannot be applied to (Unit)"}],"reset":false})[0m
[0m[[0m[31merror[0m] [0m[0m/home/amir/my-work/Scala-Chisel-Learning-Journey/src/main/scala/riscv/forwarding.scala:25:62: overloaded method value apply with alternatives:[0m
[0m[[0m[31merror[0m] [0m[0m  (x: chisel3.UInt)chisel3.Bool <and>[0m
[0m[[0m[31merror[0m] [0m[0m  (x: Int)chisel3.Bool <and>[0m
[0m[[0m[31merror[0m] [0m[0m  (x: BigInt)chisel3.Bool[0m
[0m[[0m[31merror[0m] [0m[0m cannot be applied to (Unit)[0m
[0m[[0m[31merror[0m] [0m[0m    when (io.p3_regWrite && (io.p3_rd =/= 0.U)) && (io.p3_rd === io.p1_rs1 ){        [0m
[0m[[0m[31merror[0m] [0m[0m                                                             ^[0m
[0m[[0m[0mdebug[0m] [0m[0mjsonRpcNotify: JsonRpcNotificationMessage(2.0, build/logMessage, {"type":1,"message":"/home/amir/my-work/Scala-Chisel-Learning-Journey/src/main/scala/riscv/forwarding.scala:25:62: overloaded method value apply with alternatives:\n  (x: chisel3.UInt)chisel3.Bool <and>\n  (x: Int)chisel3.Bool <and>\n  (x: BigInt)chisel3.Bool\n cannot be applied to (Unit)"})[0m
[0m[[0m[0mdebug[0m] [0m[0mjsonRpcNotify: JsonRpcNotificationMessage(2.0, build/logMessage, {"type":1,"message":"    when (io.p3_regWrite && (io.p3_rd =/= 0.U)) && (io.p3_rd === io.p1_rs1 ){        "})[0m
[0m[[0m[0mdebug[0m] [0m[0mjsonRpcNotify: JsonRpcNotificationMessage(2.0, build/logMessage, {"type":1,"message":"                                                             ^"})[0m
[0m[[0m[0mdebug[0m] [0m[0mjsonRpcNotify: JsonRpcNotificationMessage(2.0, build/publishDiagnostics, {"textDocument":{"uri":"file:///home/amir/my-work/Scala-Chisel-Learning-Journey/src/main/scala/riscv/forwarding.scala"},"buildTarget":{"uri":"file:/home/amir/my-work/Scala-Chisel-Learning-Journey/#root/Compile"},"diagnostics":[{"range":{"start":{"line":27,"character":13},"end":{"line":27,"character":14}},"severity":1,"source":"sbt","message":"value p3_regWrite is not a member of chisel3.Bundle{val p2_regWrite: chisel3.UInt; val p2_rd: chisel3.UInt; val p1_rs1: chisel3.UInt; val p1_rs2: chisel3.UInt; val p3_regwrite: chisel3.UInt; val p3_rd: chisel3.UInt; val f_a: chisel3.UInt; val f_b: chisel3.UInt}"}],"reset":false})[0m
[0m[[0m[31merror[0m] [0m[0m/home/amir/my-work/Scala-Chisel-Learning-Journey/src/main/scala/riscv/forwarding.scala:28:14: value p3_regWrite is not a member of chisel3.Bundle{val p2_regWrite: chisel3.UInt; val p2_rd: chisel3.UInt; val p1_rs1: chisel3.UInt; val p1_rs2: chisel3.UInt; val p3_regwrite: chisel3.UInt; val p3_rd: chisel3.UInt; val f_a: chisel3.UInt; val f_b: chisel3.UInt}[0m
[0m[[0m[31merror[0m] [0m[0m    when (io.p3_regWrite && (io.p3_rd =/= 0.U)) && (io.p3_rd === io.p1_rs2 ){        [0m
[0m[[0m[31merror[0m] [0m[0m             ^[0m
[0m[[0m[0mdebug[0m] [0m[0mjsonRpcNotify: JsonRpcNotificationMessage(2.0, build/logMessage, {"type":1,"message":"/home/amir/my-work/Scala-Chisel-Learning-Journey/src/main/scala/riscv/forwarding.scala:28:14: value p3_regWrite is not a member of chisel3.Bundle{val p2_regWrite: chisel3.UInt; val p2_rd: chisel3.UInt; val p1_rs1: chisel3.UInt; val p1_rs2: chisel3.UInt; val p3_regwrite: chisel3.UInt; val p3_rd: chisel3.UInt; val f_a: chisel3.UInt; val f_b: chisel3.UInt}"})[0m
[0m[[0m[0mdebug[0m] [0m[0mjsonRpcNotify: JsonRpcNotificationMessage(2.0, build/logMessage, {"type":1,"message":"    when (io.p3_regWrite && (io.p3_rd =/= 0.U)) && (io.p3_rd === io.p1_rs2 ){        "})[0m
[0m[[0m[0mdebug[0m] [0m[0mjsonRpcNotify: JsonRpcNotificationMessage(2.0, build/logMessage, {"type":1,"message":"             ^"})[0m
[0m[[0m[0mdebug[0m] [0m[0mjsonRpcNotify: JsonRpcNotificationMessage(2.0, build/publishDiagnostics, {"textDocument":{"uri":"file:///home/amir/my-work/Scala-Chisel-Learning-Journey/src/main/scala/riscv/forwarding.scala"},"buildTarget":{"uri":"file:/home/amir/my-work/Scala-Chisel-Learning-Journey/#root/Compile"},"diagnostics":[{"range":{"start":{"line":27,"character":61},"end":{"line":27,"character":64}},"severity":1,"source":"sbt","message":"overloaded method value apply with alternatives:\n  (x: chisel3.UInt)chisel3.Bool <and>\n  (x: Int)chisel3.Bool <and>\n  (x: BigInt)chisel3.Bool\n cannot be applied to (Unit)"}],"reset":false})[0m
[0m[[0m[31merror[0m] [0m[0m/home/amir/my-work/Scala-Chisel-Learning-Journey/src/main/scala/riscv/forwarding.scala:28:62: overloaded method value apply with alternatives:[0m
[0m[[0m[31merror[0m] [0m[0m  (x: chisel3.UInt)chisel3.Bool <and>[0m
[0m[[0m[31merror[0m] [0m[0m  (x: Int)chisel3.Bool <and>[0m
[0m[[0m[31merror[0m] [0m[0m  (x: BigInt)chisel3.Bool[0m
[0m[[0m[31merror[0m] [0m[0m cannot be applied to (Unit)[0m
[0m[[0m[31merror[0m] [0m[0m    when (io.p3_regWrite && (io.p3_rd =/= 0.U)) && (io.p3_rd === io.p1_rs2 ){        [0m
[0m[[0m[31merror[0m] [0m[0m                                                             ^[0m
[0m[[0m[0mdebug[0m] [0m[0mjsonRpcNotify: JsonRpcNotificationMessage(2.0, build/logMessage, {"type":1,"message":"/home/amir/my-work/Scala-Chisel-Learning-Journey/src/main/scala/riscv/forwarding.scala:28:62: overloaded method value apply with alternatives:\n  (x: chisel3.UInt)chisel3.Bool <and>\n  (x: Int)chisel3.Bool <and>\n  (x: BigInt)chisel3.Bool\n cannot be applied to (Unit)"})[0m
[0m[[0m[0mdebug[0m] [0m[0mjsonRpcNotify: JsonRpcNotificationMessage(2.0, build/logMessage, {"type":1,"message":"    when (io.p3_regWrite && (io.p3_rd =/= 0.U)) && (io.p3_rd === io.p1_rs2 ){        "})[0m
[0m[[0m[0mdebug[0m] [0m[0mjsonRpcNotify: JsonRpcNotificationMessage(2.0, build/logMessage, {"type":1,"message":"                                                             ^"})[0m
[0m[[0m[0mdebug[0m] [0m[0mjsonRpcNotify: JsonRpcNotificationMessage(2.0, build/publishDiagnostics, {"textDocument":{"uri":"file:///home/amir/my-work/Scala-Chisel-Learning-Journey/src/main/scala/riscv/forwarding.scala"},"buildTarget":{"uri":"file:/home/amir/my-work/Scala-Chisel-Learning-Journey/#root/Compile"},"diagnostics":[{"range":{"start":{"line":30,"character":13},"end":{"line":30,"character":14}},"severity":1,"source":"sbt","message":"value p3_regWrite is not a member of chisel3.Bundle{val p2_regWrite: chisel3.UInt; val p2_rd: chisel3.UInt; val p1_rs1: chisel3.UInt; val p1_rs2: chisel3.UInt; val p3_regwrite: chisel3.UInt; val p3_rd: chisel3.UInt; val f_a: chisel3.UInt; val f_b: chisel3.UInt}"}],"reset":false})[0m
[0m[[0m[31merror[0m] [0m[0m/home/amir/my-work/Scala-Chisel-Learning-Journey/src/main/scala/riscv/forwarding.scala:31:14: value p3_regWrite is not a member of chisel3.Bundle{val p2_regWrite: chisel3.UInt; val p2_rd: chisel3.UInt; val p1_rs1: chisel3.UInt; val p1_rs2: chisel3.UInt; val p3_regwrite: chisel3.UInt; val p3_rd: chisel3.UInt; val f_a: chisel3.UInt; val f_b: chisel3.UInt}[0m
[0m[[0m[31merror[0m] [0m[0m    when (io.p3_regWrite && (io.p3_rd =/= 0.U)) && =/=(io.p2_regWrite && (io.p2_rd =/= 0.U)) && (io.p2_rd === io.p1_rs1 ){        [0m
[0m[[0m[31merror[0m] [0m[0m             ^[0m
[0m[[0m[0mdebug[0m] [0m[0mjsonRpcNotify: JsonRpcNotificationMessage(2.0, build/logMessage, {"type":1,"message":"/home/amir/my-work/Scala-Chisel-Learning-Journey/src/main/scala/riscv/forwarding.scala:31:14: value p3_regWrite is not a member of chisel3.Bundle{val p2_regWrite: chisel3.UInt; val p2_rd: chisel3.UInt; val p1_rs1: chisel3.UInt; val p1_rs2: chisel3.UInt; val p3_regwrite: chisel3.UInt; val p3_rd: chisel3.UInt; val f_a: chisel3.UInt; val f_b: chisel3.UInt}"})[0m
[0m[[0m[0mdebug[0m] [0m[0mjsonRpcNotify: JsonRpcNotificationMessage(2.0, build/logMessage, {"type":1,"message":"    when (io.p3_regWrite && (io.p3_rd =/= 0.U)) && =/=(io.p2_regWrite && (io.p2_rd =/= 0.U)) && (io.p2_rd === io.p1_rs1 ){        "})[0m
[0m[[0m[0mdebug[0m] [0m[0mjsonRpcNotify: JsonRpcNotificationMessage(2.0, build/logMessage, {"type":1,"message":"             ^"})[0m
[0m[[0m[0mdebug[0m] [0m[0mjsonRpcNotify: JsonRpcNotificationMessage(2.0, build/publishDiagnostics, {"textDocument":{"uri":"file:///home/amir/my-work/Scala-Chisel-Learning-Journey/src/main/scala/riscv/forwarding.scala"},"buildTarget":{"uri":"file:/home/amir/my-work/Scala-Chisel-Learning-Journey/#root/Compile"},"diagnostics":[{"range":{"start":{"line":30,"character":51},"end":{"line":30,"character":52}},"severity":1,"source":"sbt","message":"not found: value =/="}],"reset":false})[0m
[0m[[0m[31merror[0m] [0m[0m/home/amir/my-work/Scala-Chisel-Learning-Journey/src/main/scala/riscv/forwarding.scala:31:52: not found: value =/=[0m
[0m[[0m[31merror[0m] [0m[0m    when (io.p3_regWrite && (io.p3_rd =/= 0.U)) && =/=(io.p2_regWrite && (io.p2_rd =/= 0.U)) && (io.p2_rd === io.p1_rs1 ){        [0m
[0m[[0m[31merror[0m] [0m[0m                                                   ^[0m
[0m[[0m[0mdebug[0m] [0m[0mjsonRpcNotify: JsonRpcNotificationMessage(2.0, build/logMessage, {"type":1,"message":"/home/amir/my-work/Scala-Chisel-Learning-Journey/src/main/scala/riscv/forwarding.scala:31:52: not found: value =/="})[0m
[0m[[0m[0mdebug[0m] [0m[0mjsonRpcNotify: JsonRpcNotificationMessage(2.0, build/logMessage, {"type":1,"message":"    when (io.p3_regWrite && (io.p3_rd =/= 0.U)) && =/=(io.p2_regWrite && (io.p2_rd =/= 0.U)) && (io.p2_rd === io.p1_rs1 ){        "})[0m
[0m[[0m[0mdebug[0m] [0m[0mjsonRpcNotify: JsonRpcNotificationMessage(2.0, build/logMessage, {"type":1,"message":"                                                   ^"})[0m
[0m[[0m[0mdebug[0m] [0m[0mjsonRpcNotify: JsonRpcNotificationMessage(2.0, build/publishDiagnostics, {"textDocument":{"uri":"file:///home/amir/my-work/Scala-Chisel-Learning-Journey/src/main/scala/riscv/forwarding.scala"},"buildTarget":{"uri":"file:/home/amir/my-work/Scala-Chisel-Learning-Journey/#root/Compile"},"diagnostics":[{"range":{"start":{"line":30,"character":70},"end":{"line":30,"character":72}},"severity":1,"source":"sbt","message":"value && is not a member of chisel3.UInt"}],"reset":false})[0m
[0m[[0m[31merror[0m] [0m[0m/home/amir/my-work/Scala-Chisel-Learning-Journey/src/main/scala/riscv/forwarding.scala:31:71: value && is not a member of chisel3.UInt[0m
[0m[[0m[31merror[0m] [0m[0m    when (io.p3_regWrite && (io.p3_rd =/= 0.U)) && =/=(io.p2_regWrite && (io.p2_rd =/= 0.U)) && (io.p2_rd === io.p1_rs1 ){        [0m
[0m[[0m[31merror[0m] [0m[0m                                                                      ^[0m
[0m[[0m[0mdebug[0m] [0m[0mjsonRpcNotify: JsonRpcNotificationMessage(2.0, build/logMessage, {"type":1,"message":"/home/amir/my-work/Scala-Chisel-Learning-Journey/src/main/scala/riscv/forwarding.scala:31:71: value && is not a member of chisel3.UInt"})[0m
[0m[[0m[0mdebug[0m] [0m[0mjsonRpcNotify: JsonRpcNotificationMessage(2.0, build/logMessage, {"type":1,"message":"    when (io.p3_regWrite && (io.p3_rd =/= 0.U)) && =/=(io.p2_regWrite && (io.p2_rd =/= 0.U)) && (io.p2_rd === io.p1_rs1 ){        "})[0m
[0m[[0m[0mdebug[0m] [0m[0mjsonRpcNotify: JsonRpcNotificationMessage(2.0, build/logMessage, {"type":1,"message":"                                                                      ^"})[0m
[0m[[0m[0mdebug[0m] [0m[0mjsonRpcNotify: JsonRpcNotificationMessage(2.0, build/publishDiagnostics, {"textDocument":{"uri":"file:///home/amir/my-work/Scala-Chisel-Learning-Journey/src/main/scala/riscv/forwarding.scala"},"buildTarget":{"uri":"file:/home/amir/my-work/Scala-Chisel-Learning-Journey/#root/Compile"},"diagnostics":[{"range":{"start":{"line":30,"character":106},"end":{"line":30,"character":109}},"severity":1,"source":"sbt","message":"overloaded method value apply with alternatives:\n  (x: chisel3.UInt)chisel3.Bool <and>\n  (x: Int)chisel3.Bool <and>\n  (x: BigInt)chisel3.Bool\n cannot be applied to (Unit)"}],"reset":false})[0m
[0m[[0m[31merror[0m] [0m[0m/home/amir/my-work/Scala-Chisel-Learning-Journey/src/main/scala/riscv/forwarding.scala:31:107: overloaded method value apply with alternatives:[0m
[0m[[0m[31merror[0m] [0m[0m  (x: chisel3.UInt)chisel3.Bool <and>[0m
[0m[[0m[31merror[0m] [0m[0m  (x: Int)chisel3.Bool <and>[0m
[0m[[0m[31merror[0m] [0m[0m  (x: BigInt)chisel3.Bool[0m
[0m[[0m[31merror[0m] [0m[0m cannot be applied to (Unit)[0m
[0m[[0m[31merror[0m] [0m[0m    when (io.p3_regWrite && (io.p3_rd =/= 0.U)) && =/=(io.p2_regWrite && (io.p2_rd =/= 0.U)) && (io.p2_rd === io.p1_rs1 ){        [0m
[0m[[0m[31merror[0m] [0m[0m                                                                                                          ^[0m
[0m[[0m[0mdebug[0m] [0m[0mjsonRpcNotify: JsonRpcNotificationMessage(2.0, build/logMessage, {"type":1,"message":"/home/amir/my-work/Scala-Chisel-Learning-Journey/src/main/scala/riscv/forwarding.scala:31:107: overloaded method value apply with alternatives:\n  (x: chisel3.UInt)chisel3.Bool <and>\n  (x: Int)chisel3.Bool <and>\n  (x: BigInt)chisel3.Bool\n cannot be applied to (Unit)"})[0m
[0m[[0m[0mdebug[0m] [0m[0mjsonRpcNotify: JsonRpcNotificationMessage(2.0, build/logMessage, {"type":1,"message":"    when (io.p3_regWrite && (io.p3_rd =/= 0.U)) && =/=(io.p2_regWrite && (io.p2_rd =/= 0.U)) && (io.p2_rd === io.p1_rs1 ){        "})[0m
[0m[[0m[0mdebug[0m] [0m[0mjsonRpcNotify: JsonRpcNotificationMessage(2.0, build/logMessage, {"type":1,"message":"                                                                                                          ^"})[0m
[0m[[0m[0mdebug[0m] [0m[0mjsonRpcNotify: JsonRpcNotificationMessage(2.0, build/publishDiagnostics, {"textDocument":{"uri":"file:///home/amir/my-work/Scala-Chisel-Learning-Journey/src/main/scala/riscv/forwarding.scala"},"buildTarget":{"uri":"file:/home/amir/my-work/Scala-Chisel-Learning-Journey/#root/Compile"},"diagnostics":[{"range":{"start":{"line":33,"character":13},"end":{"line":33,"character":14}},"severity":1,"source":"sbt","message":"value p3_regWrite is not a member of chisel3.Bundle{val p2_regWrite: chisel3.UInt; val p2_rd: chisel3.UInt; val p1_rs1: chisel3.UInt; val p1_rs2: chisel3.UInt; val p3_regwrite: chisel3.UInt; val p3_rd: chisel3.UInt; val f_a: chisel3.UInt; val f_b: chisel3.UInt}"}],"reset":false})[0m
[0m[[0m[31merror[0m] [0m[0m/home/amir/my-work/Scala-Chisel-Learning-Journey/src/main/scala/riscv/forwarding.scala:34:14: value p3_regWrite is not a member of chisel3.Bundle{val p2_regWrite: chisel3.UInt; val p2_rd: chisel3.UInt; val p1_rs1: chisel3.UInt; val p1_rs2: chisel3.UInt; val p3_regwrite: chisel3.UInt; val p3_rd: chisel3.UInt; val f_a: chisel3.UInt; val f_b: chisel3.UInt}[0m
[0m[[0m[31merror[0m] [0m[0m    when (io.p3_regWrite && (io.p3_rd =/= 0.U)) && =/=(io.p2_regWrite && (io.p2_rd =/= 0.U)) && (io.p2_rd === io.p1_rs2){        [0m
[0m[[0m[31merror[0m] [0m[0m             ^[0m
[0m[[0m[0mdebug[0m] [0m[0mjsonRpcNotify: JsonRpcNotificationMessage(2.0, build/logMessage, {"type":1,"message":"/home/amir/my-work/Scala-Chisel-Learning-Journey/src/main/scala/riscv/forwarding.scala:34:14: value p3_regWrite is not a member of chisel3.Bundle{val p2_regWrite: chisel3.UInt; val p2_rd: chisel3.UInt; val p1_rs1: chisel3.UInt; val p1_rs2: chisel3.UInt; val p3_regwrite: chisel3.UInt; val p3_rd: chisel3.UInt; val f_a: chisel3.UInt; val f_b: chisel3.UInt}"})[0m
[0m[[0m[0mdebug[0m] [0m[0mjsonRpcNotify: JsonRpcNotificationMessage(2.0, build/logMessage, {"type":1,"message":"    when (io.p3_regWrite && (io.p3_rd =/= 0.U)) && =/=(io.p2_regWrite && (io.p2_rd =/= 0.U)) && (io.p2_rd === io.p1_rs2){        "})[0m
[0m[[0m[0mdebug[0m] [0m[0mjsonRpcNotify: JsonRpcNotificationMessage(2.0, build/logMessage, {"type":1,"message":"             ^"})[0m
[0m[[0m[0mdebug[0m] [0m[0mjsonRpcNotify: JsonRpcNotificationMessage(2.0, build/publishDiagnostics, {"textDocument":{"uri":"file:///home/amir/my-work/Scala-Chisel-Learning-Journey/src/main/scala/riscv/forwarding.scala"},"buildTarget":{"uri":"file:/home/amir/my-work/Scala-Chisel-Learning-Journey/#root/Compile"},"diagnostics":[{"range":{"start":{"line":33,"character":51},"end":{"line":33,"character":52}},"severity":1,"source":"sbt","message":"not found: value =/="}],"reset":false})[0m
[0m[[0m[31merror[0m] [0m[0m/home/amir/my-work/Scala-Chisel-Learning-Journey/src/main/scala/riscv/forwarding.scala:34:52: not found: value =/=[0m
[0m[[0m[31merror[0m] [0m[0m    when (io.p3_regWrite && (io.p3_rd =/= 0.U)) && =/=(io.p2_regWrite && (io.p2_rd =/= 0.U)) && (io.p2_rd === io.p1_rs2){        [0m
[0m[[0m[31merror[0m] [0m[0m                                                   ^[0m
[0m[[0m[0mdebug[0m] [0m[0mjsonRpcNotify: JsonRpcNotificationMessage(2.0, build/logMessage, {"type":1,"message":"/home/amir/my-work/Scala-Chisel-Learning-Journey/src/main/scala/riscv/forwarding.scala:34:52: not found: value =/="})[0m
[0m[[0m[0mdebug[0m] [0m[0mjsonRpcNotify: JsonRpcNotificationMessage(2.0, build/logMessage, {"type":1,"message":"    when (io.p3_regWrite && (io.p3_rd =/= 0.U)) && =/=(io.p2_regWrite && (io.p2_rd =/= 0.U)) && (io.p2_rd === io.p1_rs2){        "})[0m
[0m[[0m[0mdebug[0m] [0m[0mjsonRpcNotify: JsonRpcNotificationMessage(2.0, build/logMessage, {"type":1,"message":"                                                   ^"})[0m
[0m[[0m[0mdebug[0m] [0m[0mjsonRpcNotify: JsonRpcNotificationMessage(2.0, build/publishDiagnostics, {"textDocument":{"uri":"file:///home/amir/my-work/Scala-Chisel-Learning-Journey/src/main/scala/riscv/forwarding.scala"},"buildTarget":{"uri":"file:/home/amir/my-work/Scala-Chisel-Learning-Journey/#root/Compile"},"diagnostics":[{"range":{"start":{"line":33,"character":70},"end":{"line":33,"character":72}},"severity":1,"source":"sbt","message":"value && is not a member of chisel3.UInt"}],"reset":false})[0m
[0m[[0m[31merror[0m] [0m[0m/home/amir/my-work/Scala-Chisel-Learning-Journey/src/main/scala/riscv/forwarding.scala:34:71: value && is not a member of chisel3.UInt[0m
[0m[[0m[31merror[0m] [0m[0m    when (io.p3_regWrite && (io.p3_rd =/= 0.U)) && =/=(io.p2_regWrite && (io.p2_rd =/= 0.U)) && (io.p2_rd === io.p1_rs2){        [0m
[0m[[0m[31merror[0m] [0m[0m                                                                      ^[0m
[0m[[0m[0mdebug[0m] [0m[0mjsonRpcNotify: JsonRpcNotificationMessage(2.0, build/logMessage, {"type":1,"message":"/home/amir/my-work/Scala-Chisel-Learning-Journey/src/main/scala/riscv/forwarding.scala:34:71: value && is not a member of chisel3.UInt"})[0m
[0m[[0m[0mdebug[0m] [0m[0mjsonRpcNotify: JsonRpcNotificationMessage(2.0, build/logMessage, {"type":1,"message":"    when (io.p3_regWrite && (io.p3_rd =/= 0.U)) && =/=(io.p2_regWrite && (io.p2_rd =/= 0.U)) && (io.p2_rd === io.p1_rs2){        "})[0m
[0m[[0m[0mdebug[0m] [0m[0mjsonRpcNotify: JsonRpcNotificationMessage(2.0, build/logMessage, {"type":1,"message":"                                                                      ^"})[0m
[0m[[0m[0mdebug[0m] [0m[0mjsonRpcNotify: JsonRpcNotificationMessage(2.0, build/publishDiagnostics, {"textDocument":{"uri":"file:///home/amir/my-work/Scala-Chisel-Learning-Journey/src/main/scala/riscv/forwarding.scala"},"buildTarget":{"uri":"file:/home/amir/my-work/Scala-Chisel-Learning-Journey/#root/Compile"},"diagnostics":[{"range":{"start":{"line":33,"character":106},"end":{"line":33,"character":109}},"severity":1,"source":"sbt","message":"overloaded method value apply with alternatives:\n  (x: chisel3.UInt)chisel3.Bool <and>\n  (x: Int)chisel3.Bool <and>\n  (x: BigInt)chisel3.Bool\n cannot be applied to (Unit)"}],"reset":false})[0m
[0m[[0m[31merror[0m] [0m[0m/home/amir/my-work/Scala-Chisel-Learning-Journey/src/main/scala/riscv/forwarding.scala:34:107: overloaded method value apply with alternatives:[0m
[0m[[0m[31merror[0m] [0m[0m  (x: chisel3.UInt)chisel3.Bool <and>[0m
[0m[[0m[31merror[0m] [0m[0m  (x: Int)chisel3.Bool <and>[0m
[0m[[0m[31merror[0m] [0m[0m  (x: BigInt)chisel3.Bool[0m
[0m[[0m[31merror[0m] [0m[0m cannot be applied to (Unit)[0m
[0m[[0m[31merror[0m] [0m[0m    when (io.p3_regWrite && (io.p3_rd =/= 0.U)) && =/=(io.p2_regWrite && (io.p2_rd =/= 0.U)) && (io.p2_rd === io.p1_rs2){        [0m
[0m[[0m[31merror[0m] [0m[0m                                                                                                          ^[0m
[0m[[0m[0mdebug[0m] [0m[0mjsonRpcNotify: JsonRpcNotificationMessage(2.0, build/logMessage, {"type":1,"message":"/home/amir/my-work/Scala-Chisel-Learning-Journey/src/main/scala/riscv/forwarding.scala:34:107: overloaded method value apply with alternatives:\n  (x: chisel3.UInt)chisel3.Bool <and>\n  (x: Int)chisel3.Bool <and>\n  (x: BigInt)chisel3.Bool\n cannot be applied to (Unit)"})[0m
[0m[[0m[0mdebug[0m] [0m[0mjsonRpcNotify: JsonRpcNotificationMessage(2.0, build/logMessage, {"type":1,"message":"    when (io.p3_regWrite && (io.p3_rd =/= 0.U)) && =/=(io.p2_regWrite && (io.p2_rd =/= 0.U)) && (io.p2_rd === io.p1_rs2){        "})[0m
[0m[[0m[0mdebug[0m] [0m[0mjsonRpcNotify: JsonRpcNotificationMessage(2.0, build/logMessage, {"type":1,"message":"                                                                                                          ^"})[0m
[0m[[0m[0mdebug[0m] [0m[0mjsonRpcNotify: JsonRpcNotificationMessage(2.0, build/publishDiagnostics, {"textDocument":{"uri":"file:///home/amir/my-work/Scala-Chisel-Learning-Journey/src/main/scala/riscv/forwarding.scala"},"buildTarget":{"uri":"file:/home/amir/my-work/Scala-Chisel-Learning-Journey/#root/Compile"},"diagnostics":[{"range":{"start":{"line":37,"character":4},"end":{"line":37,"character":5}},"severity":1,"source":"sbt","message":"not found: value Otherwise"}],"reset":false})[0m
[0m[[0m[31merror[0m] [0m[0m/home/amir/my-work/Scala-Chisel-Learning-Journey/src/main/scala/riscv/forwarding.scala:38:5: not found: value Otherwise[0m
[0m[[0m[31merror[0m] [0m[0m    Otherwise{[0m
[0m[[0m[31merror[0m] [0m[0m    ^[0m
[0m[[0m[0mdebug[0m] [0m[0mjsonRpcNotify: JsonRpcNotificationMessage(2.0, build/logMessage, {"type":1,"message":"/home/amir/my-work/Scala-Chisel-Learning-Journey/src/main/scala/riscv/forwarding.scala:38:5: not found: value Otherwise"})[0m
[0m[[0m[0mdebug[0m] [0m[0mjsonRpcNotify: JsonRpcNotificationMessage(2.0, build/logMessage, {"type":1,"message":"    Otherwise{"})[0m
[0m[[0m[0mdebug[0m] [0m[0mjsonRpcNotify: JsonRpcNotificationMessage(2.0, build/logMessage, {"type":1,"message":"    ^"})[0m
[0m[[0m[31merror[0m] [0m[0m22 errors found[0m
[0m[[0m[0mdebug[0m] [0m[0mjsonRpcNotify: JsonRpcNotificationMessage(2.0, build/logMessage, {"type":1,"message":"22 errors found"})[0m
[0m[[0m[0mdebug[0m] [0m[0mjsonRpcNotify: JsonRpcNotificationMessage(2.0, build/publishDiagnostics, {"textDocument":{"uri":"file:///home/amir/my-work/Scala-Chisel-Learning-Journey/src/main/scala/lab6/lab6t4.scala"},"buildTarget":{"uri":"file:/home/amir/my-work/Scala-Chisel-Learning-Journey/#root/Compile"},"diagnostics":[],"reset":true})[0m
[0m[[0m[0mdebug[0m] [0m[0mjsonRpcNotify: JsonRpcNotificationMessage(2.0, build/publishDiagnostics, {"textDocument":{"uri":"file:///home/amir/my-work/Scala-Chisel-Learning-Journey/src/main/scala/lab6/lab6t2.scala"},"buildTarget":{"uri":"file:/home/amir/my-work/Scala-Chisel-Learning-Journey/#root/Compile"},"diagnostics":[],"reset":true})[0m
[0m[[0m[0mdebug[0m] [0m[0mjsonRpcNotify: JsonRpcNotificationMessage(2.0, build/publishDiagnostics, {"textDocument":{"uri":"file:///home/amir/my-work/Scala-Chisel-Learning-Journey/src/main/scala/lab6/lab6t3.scala"},"buildTarget":{"uri":"file:/home/amir/my-work/Scala-Chisel-Learning-Journey/#root/Compile"},"diagnostics":[],"reset":true})[0m
[0m[[0m[0mdebug[0m] [0m[0mjsonRpcNotify: JsonRpcNotificationMessage(2.0, build/publishDiagnostics, {"textDocument":{"uri":"file:///home/amir/my-work/Scala-Chisel-Learning-Journey/src/main/scala/lab1/lab1.scala"},"buildTarget":{"uri":"file:/home/amir/my-work/Scala-Chisel-Learning-Journey/#root/Compile"},"diagnostics":[],"reset":true})[0m
[0m[[0m[0mdebug[0m] [0m[0mjsonRpcNotify: JsonRpcNotificationMessage(2.0, build/publishDiagnostics, {"textDocument":{"uri":"file:///home/amir/my-work/Scala-Chisel-Learning-Journey/src/main/scala/lab4/lab4t1.scala"},"buildTarget":{"uri":"file:/home/amir/my-work/Scala-Chisel-Learning-Journey/#root/Compile"},"diagnostics":[],"reset":true})[0m
[0m[[0m[0mdebug[0m] [0m[0mjsonRpcNotify: JsonRpcNotificationMessage(2.0, build/publishDiagnostics, {"textDocument":{"uri":"file:///home/amir/my-work/Scala-Chisel-Learning-Journey/src/main/scala/lab4/lab4t3.scala"},"buildTarget":{"uri":"file:/home/amir/my-work/Scala-Chisel-Learning-Journey/#root/Compile"},"diagnostics":[],"reset":true})[0m
[0m[[0m[0mdebug[0m] [0m[0mjsonRpcNotify: JsonRpcNotificationMessage(2.0, build/publishDiagnostics, {"textDocument":{"uri":"file:///home/amir/my-work/Scala-Chisel-Learning-Journey/src/main/scala/riscv/pipeline4.scala"},"buildTarget":{"uri":"file:/home/amir/my-work/Scala-Chisel-Learning-Journey/#root/Compile"},"diagnostics":[],"reset":true})[0m
[0m[[0m[0mdebug[0m] [0m[0mjsonRpcNotify: JsonRpcNotificationMessage(2.0, build/publishDiagnostics, {"textDocument":{"uri":"file:///home/amir/my-work/Scala-Chisel-Learning-Journey/src/main/scala/riscv/alu_control.scala"},"buildTarget":{"uri":"file:/home/amir/my-work/Scala-Chisel-Learning-Journey/#root/Compile"},"diagnostics":[],"reset":true})[0m
[0m[[0m[0mdebug[0m] [0m[0mjsonRpcNotify: JsonRpcNotificationMessage(2.0, build/publishDiagnostics, {"textDocument":{"uri":"file:///home/amir/my-work/Scala-Chisel-Learning-Journey/src/main/scala/riscv/fivestage.scala"},"buildTarget":{"uri":"file:/home/amir/my-work/Scala-Chisel-Learning-Journey/#root/Compile"},"diagnostics":[{"range":{"start":{"line":133,"character":27},"end":{"line":133,"character":28}},"severity":1,"source":"sbt","message":"value inst_out is not a member of riscv.pipeline1"},{"range":{"start":{"line":134,"character":27},"end":{"line":134,"character":28}},"severity":1,"source":"sbt","message":"value inst_out is not a member of riscv.pipeline1"},{"range":{"start":{"line":135,"character":27},"end":{"line":135,"character":28}},"severity":1,"source":"sbt","message":"value inst_out is not a member of riscv.pipeline1"},{"range":{"start":{"line":144,"character":42},"end":{"line":144,"character":43}},"severity":1,"source":"sbt","message":"type mismatch;\n found   : Array[(((chisel3.Bool, chisel3.Bool), chisel3.Bool), chisel3.SInt)]\n required: Seq[(chisel3.Bool, chisel3.Data)]"},{"range":{"start":{"line":150,"character":38},"end":{"line":150,"character":39}},"severity":1,"source":"sbt","message":"type mismatch;\n found   : Array[(((chisel3.Bool, chisel3.Bool), chisel3.Bool), chisel3.SInt)]\n required: Seq[(chisel3.Bool, ?)]"}],"reset":true})[0m
[0m[[0m[0mdebug[0m] [0m[0mjsonRpcNotify: JsonRpcNotificationMessage(2.0, build/publishDiagnostics, {"textDocument":{"uri":"file:///home/amir/my-work/Scala-Chisel-Learning-Journey/src/main/scala/riscv/ALU.scala"},"buildTarget":{"uri":"file:/home/amir/my-work/Scala-Chisel-Learning-Journey/#root/Compile"},"diagnostics":[],"reset":true})[0m
[0m[[0m[0mdebug[0m] [0m[0mjsonRpcNotify: JsonRpcNotificationMessage(2.0, build/publishDiagnostics, {"textDocument":{"uri":"file:///home/amir/my-work/Scala-Chisel-Learning-Journey/src/main/scala/riscv/memory.scala"},"buildTarget":{"uri":"file:/home/amir/my-work/Scala-Chisel-Learning-Journey/#root/Compile"},"diagnostics":[],"reset":true})[0m
[0m[[0m[0mdebug[0m] [0m[0mjsonRpcNotify: JsonRpcNotificationMessage(2.0, build/publishDiagnostics, {"textDocument":{"uri":"file:///home/amir/my-work/Scala-Chisel-Learning-Journey/src/main/scala/riscv/pc.scala"},"buildTarget":{"uri":"file:/home/amir/my-work/Scala-Chisel-Learning-Journey/#root/Compile"},"diagnostics":[],"reset":true})[0m
[0m[[0m[0mdebug[0m] [0m[0mjsonRpcNotify: JsonRpcNotificationMessage(2.0, build/publishDiagnostics, {"textDocument":{"uri":"file:///home/amir/my-work/Scala-Chisel-Learning-Journey/src/main/scala/riscv/Riscv.scala"},"buildTarget":{"uri":"file:/home/amir/my-work/Scala-Chisel-Learning-Journey/#root/Compile"},"diagnostics":[],"reset":true})[0m
[0m[[0m[0mdebug[0m] [0m[0mjsonRpcNotify: JsonRpcNotificationMessage(2.0, build/publishDiagnostics, {"textDocument":{"uri":"file:///home/amir/my-work/Scala-Chisel-Learning-Journey/src/main/scala/riscv/pipeline2.scala"},"buildTarget":{"uri":"file:/home/amir/my-work/Scala-Chisel-Learning-Journey/#root/Compile"},"diagnostics":[],"reset":true})[0m
[0m[[0m[0mdebug[0m] [0m[0mjsonRpcNotify: JsonRpcNotificationMessage(2.0, build/publishDiagnostics, {"textDocument":{"uri":"file:///home/amir/my-work/Scala-Chisel-Learning-Journey/src/main/scala/riscv/imdgen.scala"},"buildTarget":{"uri":"file:/home/amir/my-work/Scala-Chisel-Learning-Journey/#root/Compile"},"diagnostics":[],"reset":true})[0m
[0m[[0m[0mdebug[0m] [0m[0mjsonRpcNotify: JsonRpcNotificationMessage(2.0, build/publishDiagnostics, {"textDocument":{"uri":"file:///home/amir/my-work/Scala-Chisel-Learning-Journey/src/main/scala/riscv/pipeline3.scala"},"buildTarget":{"uri":"file:/home/amir/my-work/Scala-Chisel-Learning-Journey/#root/Compile"},"diagnostics":[],"reset":true})[0m
[0m[[0m[0mdebug[0m] [0m[0mjsonRpcNotify: JsonRpcNotificationMessage(2.0, build/publishDiagnostics, {"textDocument":{"uri":"file:///home/amir/my-work/Scala-Chisel-Learning-Journey/src/main/scala/riscv/pipeline1.scala"},"buildTarget":{"uri":"file:/home/amir/my-work/Scala-Chisel-Learning-Journey/#root/Compile"},"diagnostics":[],"reset":true})[0m
[0m[[0m[0mdebug[0m] [0m[0mjsonRpcNotify: JsonRpcNotificationMessage(2.0, build/publishDiagnostics, {"textDocument":{"uri":"file:///home/amir/my-work/Scala-Chisel-Learning-Journey/src/main/scala/riscv/register.scala"},"buildTarget":{"uri":"file:/home/amir/my-work/Scala-Chisel-Learning-Journey/#root/Compile"},"diagnostics":[],"reset":true})[0m
[0m[[0m[0mdebug[0m] [0m[0mjsonRpcNotify: JsonRpcNotificationMessage(2.0, build/publishDiagnostics, {"textDocument":{"uri":"file:///home/amir/my-work/Scala-Chisel-Learning-Journey/src/main/scala/riscv/forwarding.scala"},"buildTarget":{"uri":"file:/home/amir/my-work/Scala-Chisel-Learning-Journey/#root/Compile"},"diagnostics":[{"range":{"start":{"line":16,"character":25},"end":{"line":16,"character":27}},"severity":1,"source":"sbt","message":"value && is not a member of chisel3.UInt"},{"range":{"start":{"line":16,"character":62},"end":{"line":16,"character":65}},"severity":1,"source":"sbt","message":"overloaded method value apply with alternatives:\n  (x: chisel3.UInt)chisel3.Bool <and>\n  (x: Int)chisel3.Bool <and>\n  (x: BigInt)chisel3.Bool\n cannot be applied to (Unit)"},{"range":{"start":{"line":20,"character":25},"end":{"line":20,"character":27}},"severity":1,"source":"sbt","message":"value && is not a member of chisel3.UInt"},{"range":{"start":{"line":20,"character":61},"end":{"line":20,"character":64}},"severity":1,"source":"sbt","message":"overloaded method value apply with alternatives:\n  (x: chisel3.UInt)chisel3.Bool <and>\n  (x: Int)chisel3.Bool <and>\n  (x: BigInt)chisel3.Bool\n cannot be applied to (Unit)"},{"range":{"start":{"line":24,"character":13},"end":{"line":24,"character":14}},"severity":1,"source":"sbt","message":"value p3_regWrite is not a member of chisel3.Bundle{val p2_regWrite: chisel3.UInt; val p2_rd: chisel3.UInt; val p1_rs1: chisel3.UInt; val p1_rs2: chisel3.UInt; val p3_regwrite: chisel3.UInt; val p3_rd: chisel3.UInt; val f_a: chisel3.UInt; val f_b: chisel3.UInt}"},{"range":{"start":{"line":24,"character":61},"end":{"line":24,"character":64}},"severity":1,"source":"sbt","message":"overloaded method value apply with alternatives:\n  (x: chisel3.UInt)chisel3.Bool <and>\n  (x: Int)chisel3.Bool <and>\n  (x: BigInt)chisel3.Bool\n cannot be applied to (Unit)"},{"range":{"start":{"line":27,"character":13},"end":{"line":27,"character":14}},"severity":1,"source":"sbt","message":"value p3_regWrite is not a member of chisel3.Bundle{val p2_regWrite: chisel3.UInt; val p2_rd: chisel3.UInt; val p1_rs1: chisel3.UInt; val p1_rs2: chisel3.UInt; val p3_regwrite: chisel3.UInt; val p3_rd: chisel3.UInt; val f_a: chisel3.UInt; val f_b: chisel3.UInt}"},{"range":{"start":{"line":27,"character":61},"end":{"line":27,"character":64}},"severity":1,"source":"sbt","message":"overloaded method value apply with alternatives:\n  (x: chisel3.UInt)chisel3.Bool <and>\n  (x: Int)chisel3.Bool <and>\n  (x: BigInt)chisel3.Bool\n cannot be applied to (Unit)"},{"range":{"start":{"line":30,"character":13},"end":{"line":30,"character":14}},"severity":1,"source":"sbt","message":"value p3_regWrite is not a member of chisel3.Bundle{val p2_regWrite: chisel3.UInt; val p2_rd: chisel3.UInt; val p1_rs1: chisel3.UInt; val p1_rs2: chisel3.UInt; val p3_regwrite: chisel3.UInt; val p3_rd: chisel3.UInt; val f_a: chisel3.UInt; val f_b: chisel3.UInt}"},{"range":{"start":{"line":30,"character":51},"end":{"line":30,"character":52}},"severity":1,"source":"sbt","message":"not found: value =/="},{"range":{"start":{"line":30,"character":70},"end":{"line":30,"character":72}},"severity":1,"source":"sbt","message":"value && is not a member of chisel3.UInt"},{"range":{"start":{"line":30,"character":106},"end":{"line":30,"character":109}},"severity":1,"source":"sbt","message":"overloaded method value apply with alternatives:\n  (x: chisel3.UInt)chisel3.Bool <and>\n  (x: Int)chisel3.Bool <and>\n  (x: BigInt)chisel3.Bool\n cannot be applied to (Unit)"},{"range":{"start":{"line":33,"character":13},"end":{"line":33,"character":14}},"severity":1,"source":"sbt","message":"value p3_regWrite is not a member of chisel3.Bundle{val p2_regWrite: chisel3.UInt; val p2_rd: chisel3.UInt; val p1_rs1: chisel3.UInt; val p1_rs2: chisel3.UInt; val p3_regwrite: chisel3.UInt; val p3_rd: chisel3.UInt; val f_a: chisel3.UInt; val f_b: chisel3.UInt}"},{"range":{"start":{"line":33,"character":51},"end":{"line":33,"character":52}},"severity":1,"source":"sbt","message":"not found: value =/="},{"range":{"start":{"line":33,"character":70},"end":{"line":33,"character":72}},"severity":1,"source":"sbt","message":"value && is not a member of chisel3.UInt"},{"range":{"start":{"line":33,"character":106},"end":{"line":33,"character":109}},"severity":1,"source":"sbt","message":"overloaded method value apply with alternatives:\n  (x: chisel3.UInt)chisel3.Bool <and>\n  (x: Int)chisel3.Bool <and>\n  (x: BigInt)chisel3.Bool\n cannot be applied to (Unit)"},{"range":{"start":{"line":37,"character":4},"end":{"line":37,"character":5}},"severity":1,"source":"sbt","message":"not found: value Otherwise"}],"reset":true})[0m
[0m[[0m[0mdebug[0m] [0m[0mjsonRpcNotify: JsonRpcNotificationMessage(2.0, build/publishDiagnostics, {"textDocument":{"uri":"file:///home/amir/my-work/Scala-Chisel-Learning-Journey/src/main/scala/riscv/instMem.scala"},"buildTarget":{"uri":"file:/home/amir/my-work/Scala-Chisel-Learning-Journey/#root/Compile"},"diagnostics":[],"reset":true})[0m
[0m[[0m[0mdebug[0m] [0m[0mjsonRpcNotify: JsonRpcNotificationMessage(2.0, build/publishDiagnostics, {"textDocument":{"uri":"file:///home/amir/my-work/Scala-Chisel-Learning-Journey/src/main/scala/riscv/Branch.scala"},"buildTarget":{"uri":"file:/home/amir/my-work/Scala-Chisel-Learning-Journey/#root/Compile"},"diagnostics":[],"reset":true})[0m
[0m[[0m[0mdebug[0m] [0m[0mjsonRpcNotify: JsonRpcNotificationMessage(2.0, build/publishDiagnostics, {"textDocument":{"uri":"file:///home/amir/my-work/Scala-Chisel-Learning-Journey/src/main/scala/riscv/control.scala"},"buildTarget":{"uri":"file:/home/amir/my-work/Scala-Chisel-Learning-Journey/#root/Compile"},"diagnostics":[],"reset":true})[0m
[0m[[0m[0mdebug[0m] [0m[0mjsonRpcNotify: JsonRpcNotificationMessage(2.0, build/publishDiagnostics, {"textDocument":{"uri":"file:///home/amir/my-work/Scala-Chisel-Learning-Journey/src/main/scala/lab5/lab5t1.scala"},"buildTarget":{"uri":"file:/home/amir/my-work/Scala-Chisel-Learning-Journey/#root/Compile"},"diagnostics":[],"reset":true})[0m
[0m[[0m[0mdebug[0m] [0m[0mjsonRpcNotify: JsonRpcNotificationMessage(2.0, build/publishDiagnostics, {"textDocument":{"uri":"file:///home/amir/my-work/Scala-Chisel-Learning-Journey/src/main/scala/lab3/lab3t3.scala"},"buildTarget":{"uri":"file:/home/amir/my-work/Scala-Chisel-Learning-Journey/#root/Compile"},"diagnostics":[],"reset":true})[0m
[0m[[0m[0mdebug[0m] [0m[0mjsonRpcNotify: JsonRpcNotificationMessage(2.0, build/publishDiagnostics, {"textDocument":{"uri":"file:///home/amir/my-work/Scala-Chisel-Learning-Journey/src/main/scala/lab3/lab3t2.scala"},"buildTarget":{"uri":"file:/home/amir/my-work/Scala-Chisel-Learning-Journey/#root/Compile"},"diagnostics":[],"reset":true})[0m
[0m[[0m[0mdebug[0m] [0m[0mjsonRpcNotify: JsonRpcNotificationMessage(2.0, build/publishDiagnostics, {"textDocument":{"uri":"file:///home/amir/my-work/Scala-Chisel-Learning-Journey/src/main/scala/lab3/lab3t.scala"},"buildTarget":{"uri":"file:/home/amir/my-work/Scala-Chisel-Learning-Journey/#root/Compile"},"diagnostics":[],"reset":true})[0m
[0m[[0m[0mdebug[0m] [0m[0mjsonRpcNotify: JsonRpcNotificationMessage(2.0, build/publishDiagnostics, {"textDocument":{"uri":"file:///home/amir/my-work/Scala-Chisel-Learning-Journey/src/main/scala/lab2/lab2task2.scala"},"buildTarget":{"uri":"file:/home/amir/my-work/Scala-Chisel-Learning-Journey/#root/Compile"},"diagnostics":[],"reset":true})[0m
[0m[[0m[0mdebug[0m] [0m[0mjsonRpcNotify: JsonRpcNotificationMessage(2.0, build/publishDiagnostics, {"textDocument":{"uri":"file:///home/amir/my-work/Scala-Chisel-Learning-Journey/src/main/scala/lab2/lab2task1.scala"},"buildTarget":{"uri":"file:/home/amir/my-work/Scala-Chisel-Learning-Journey/#root/Compile"},"diagnostics":[],"reset":true})[0m
[0m[[0m[0mdebug[0m] [0m[0mjsonRpcNotify: JsonRpcNotificationMessage(2.0, build/publishDiagnostics, {"textDocument":{"uri":"file:///home/amir/my-work/Scala-Chisel-Learning-Journey/src/main/scala/lab2/lab2.scala"},"buildTarget":{"uri":"file:/home/amir/my-work/Scala-Chisel-Learning-Journey/#root/Compile"},"diagnostics":[],"reset":true})[0m
[0m[[0m[0mdebug[0m] [0m[0mjsonRpcNotify: JsonRpcNotificationMessage(2.0, build/publishDiagnostics, {"textDocument":{"uri":"file:///home/amir/my-work/Scala-Chisel-Learning-Journey/src/main/scala/lab%207/lab7t1.scala"},"buildTarget":{"uri":"file:/home/amir/my-work/Scala-Chisel-Learning-Journey/#root/Compile"},"diagnostics":[],"reset":true})[0m
[0m[[0m[0mdebug[0m] [0m[0mjsonRpcNotify: JsonRpcNotificationMessage(2.0, build/publishDiagnostics, {"textDocument":{"uri":"file:///home/amir/my-work/Scala-Chisel-Learning-Journey/src/main/scala/gcd/GCD.scala"},"buildTarget":{"uri":"file:/home/amir/my-work/Scala-Chisel-Learning-Journey/#root/Compile"},"diagnostics":[],"reset":true})[0m
[0m[[0m[0mdebug[0m] [0m[0mjsonRpcNotify: JsonRpcNotificationMessage(2.0, build/publishDiagnostics, {"textDocument":{"uri":"file:///home/amir/my-work/Scala-Chisel-Learning-Journey/src/main/scala/gcd/DecoupledGCD.scala"},"buildTarget":{"uri":"file:/home/amir/my-work/Scala-Chisel-Learning-Journey/#root/Compile"},"diagnostics":[],"reset":true})[0m
[0m[[0m[0mdebug[0m] [0m[0mjsonRpcNotify: JsonRpcNotificationMessage(2.0, build/publishDiagnostics, {"textDocument":{"uri":"file:///home/amir/my-work/Scala-Chisel-Learning-Journey/src/main/scala/Lab8/lab8.scala"},"buildTarget":{"uri":"file:/home/amir/my-work/Scala-Chisel-Learning-Journey/#root/Compile"},"diagnostics":[],"reset":true})[0m
[0m[[0m[0mdebug[0m] [0m[0mjsonRpcNotify: JsonRpcNotificationMessage(2.0, build/publishDiagnostics, {"textDocument":{"uri":"file:///home/amir/my-work/Scala-Chisel-Learning-Journey/src/main/scala/Lab8/lab8ex3.scala"},"buildTarget":{"uri":"file:/home/amir/my-work/Scala-Chisel-Learning-Journey/#root/Compile"},"diagnostics":[],"reset":true})[0m
[0m[[0m[0mdebug[0m] [0m[0mjsonRpcNotify: JsonRpcNotificationMessage(2.0, build/publishDiagnostics, {"textDocument":{"uri":"file:///home/amir/my-work/Scala-Chisel-Learning-Journey/src/main/scala/Lab8/practice.scala"},"buildTarget":{"uri":"file:/home/amir/my-work/Scala-Chisel-Learning-Journey/#root/Compile"},"diagnostics":[],"reset":true})[0m
[0m[[0m[0mdebug[0m] [0m[0mjsonRpcNotify: JsonRpcNotificationMessage(2.0, build/publishDiagnostics, {"textDocument":{"uri":"file:///home/amir/my-work/Scala-Chisel-Learning-Journey/src/main/scala/Lab8/lab8task.scala"},"buildTarget":{"uri":"file:/home/amir/my-work/Scala-Chisel-Learning-Journey/#root/Compile"},"diagnostics":[],"reset":true})[0m
[0m[[0m[0mdebug[0m] [0m[0mjsonRpcNotify: JsonRpcNotificationMessage(2.0, build/taskFinish, {"taskId":{"id":"45","parents":[]},"eventTime":1678013562546,"message":"Compiled root","status":2,"dataKind":"compile-report","data":{"target":{"uri":"file:/home/amir/my-work/Scala-Chisel-Learning-Journey/#root/Compile"},"errors":22,"warnings":0,"time":38522}})[0m
[0m[[0m[0mdebug[0m] [0m[0munmatched json error for requestId None: {"code":-32603,"message":"(Compile / \u001b[31mcompileIncremental\u001b[0m) Compilation failed"}[0m
[0m[[0m[31merror[0m] [0m[0m(Compile / [31mcompileIncremental[0m) Compilation failed[0m
[0m[[0m[0mdebug[0m] [0m[0mjsonRpcNotify: JsonRpcNotificationMessage(2.0, build/logMessage, {"type":1,"message":"(Compile / \u001b[31mcompileIncremental\u001b[0m) Compilation failed"})[0m
[0m[[0m[31merror[0m] [0m[0mTotal time: 41 s, completed Mar 5, 2023, 3:52:43 PM[0m
[0m[[0m[0mdebug[0m] [0m[0munmatched Done event for requestId None: None[0m
[0m[[0m[0mdebug[0m] [0m[0m> Exec(shell, None, None)[0m
