[0m[[0m[0mdebug[0m] [0m[0m> Exec(;Test/compile; collectAnalyses, None, Some(CommandSource(network-1)))[0m
[0m[[0m[0mdebug[0m] [0m[0munmatched Processing event for requestId None: None[0m
[0m[[0m[0mdebug[0m] [0m[0munmatched Done event for requestId None: None[0m
[0m[[0m[0mdebug[0m] [0m[0m> Exec(Test/compile, None, Some(CommandSource(network-1)))[0m
[0m[[0m[0mdebug[0m] [0m[0munmatched Processing event for requestId None: None[0m
[0m[[0m[0mdebug[0m] [0m[0mEvaluating tasks: Test / compile[0m
[0m[[0m[0mdebug[0m] [0m[0mRunning task... Cancel: Signal, check cycles: false, forcegc: true[0m
[0m[[0m[0mdebug[0m] [0m[0mjsonRpcNotify: JsonRpcNotificationMessage(2.0, build/taskStart, {"taskId":{"id":"154","parents":[]},"eventTime":1679308568776,"message":"Compiling root","dataKind":"compile-task","data":{"target":{"uri":"file:/home/amir/my-work/Scala-Chisel-Learning-Journey/#root/Compile"}}})[0m
[0m[[0m[0minfo[0m] [0m[0mcompiling 1 Scala source to /home/amir/my-work/Scala-Chisel-Learning-Journey/target/scala-2.12/classes ...[0m
[0m[[0m[0mdebug[0m] [0m[0mjsonRpcNotify: JsonRpcNotificationMessage(2.0, build/logMessage, {"type":3,"message":"compiling 1 Scala source to /home/amir/my-work/Scala-Chisel-Learning-Journey/target/scala-2.12/classes ..."})[0m
[0m[[0m[0mdebug[0m] [0m[0mjsonRpcNotify: JsonRpcNotificationMessage(2.0, build/taskProgress, {"taskId":{"id":"154","parents":[]},"eventTime":1679308571467,"message":"Compiling root (10%)","total":28,"progress":10,"dataKind":"compile-progress","data":{"target":{"uri":"file:/home/amir/my-work/Scala-Chisel-Learning-Journey/#root/Compile"}}})[0m
[0m[[0m[0mdebug[0m] [0m[0mjsonRpcNotify: JsonRpcNotificationMessage(2.0, build/taskProgress, {"taskId":{"id":"154","parents":[]},"eventTime":1679308571467,"message":"Compiling root (10%)","total":28,"progress":10,"dataKind":"compile-progress","data":{"target":{"uri":"file:/home/amir/my-work/Scala-Chisel-Learning-Journey/#root/Compile"}}})[0m
[0m[[0m[0mdebug[0m] [0m[0mjsonRpcNotify: JsonRpcNotificationMessage(2.0, build/publishDiagnostics, {"textDocument":{"uri":"file:///home/amir/my-work/Scala-Chisel-Learning-Journey/src/main/scala/riscv/forwarding.scala"},"buildTarget":{"uri":"file:/home/amir/my-work/Scala-Chisel-Learning-Journey/#root/Compile"},"diagnostics":[{"range":{"start":{"line":56,"character":130},"end":{"line":56,"character":131}},"severity":1,"source":"sbt","message":"value p1 is not a member of chisel3.Bundle{val p2_regWrite: chisel3.UInt; val p2_rd: chisel3.UInt; val p1_rs1: chisel3.UInt; val p1_rs2: chisel3.UInt; val p1_rd: chisel3.UInt; val p3_regwrite: chisel3.UInt; val p3_rd: chisel3.UInt; val f_a: chisel3.UInt; val f_b: chisel3.UInt}"}],"reset":false})[0m
[0m[[0m[31merror[0m] [0m[0m/home/amir/my-work/Scala-Chisel-Learning-Journey/src/main/scala/riscv/forwarding.scala:57:131: value p1 is not a member of chisel3.Bundle{val p2_regWrite: chisel3.UInt; val p2_rd: chisel3.UInt; val p1_rs1: chisel3.UInt; val p1_rs2: chisel3.UInt; val p1_rd: chisel3.UInt; val p3_regwrite: chisel3.UInt; val p3_rd: chisel3.UInt; val f_a: chisel3.UInt; val f_b: chisel3.UInt}[0m
[0m[[0m[31merror[0m] [0m[0m     when(io.p3_regwrite === 1.U && io.p3_regwrite =/= 0.U && ~((io.p2_regWrite === 1.U) && (io.p2_rd=/= 0.U) && (io.p2_rd === io.p1) && (io.p2_rd === io.p1_rs2)) && (io.p3_rd=== p1_rs1) && (io.p3_rd === io.p1_rs2)) {[0m
[0m[[0m[31merror[0m] [0m[0m                                                                                                                                  ^[0m
[0m[[0m[0mdebug[0m] [0m[0mjsonRpcNotify: JsonRpcNotificationMessage(2.0, build/logMessage, {"type":1,"message":"/home/amir/my-work/Scala-Chisel-Learning-Journey/src/main/scala/riscv/forwarding.scala:57:131: value p1 is not a member of chisel3.Bundle{val p2_regWrite: chisel3.UInt; val p2_rd: chisel3.UInt; val p1_rs1: chisel3.UInt; val p1_rs2: chisel3.UInt; val p1_rd: chisel3.UInt; val p3_regwrite: chisel3.UInt; val p3_rd: chisel3.UInt; val f_a: chisel3.UInt; val f_b: chisel3.UInt}"})[0m
[0m[[0m[0mdebug[0m] [0m[0mjsonRpcNotify: JsonRpcNotificationMessage(2.0, build/logMessage, {"type":1,"message":"     when(io.p3_regwrite === 1.U && io.p3_regwrite =/= 0.U && ~((io.p2_regWrite === 1.U) && (io.p2_rd=/= 0.U) && (io.p2_rd === io.p1) && (io.p2_rd === io.p1_rs2)) && (io.p3_rd=== p1_rs1) && (io.p3_rd === io.p1_rs2)) {"})[0m
[0m[[0m[0mdebug[0m] [0m[0mjsonRpcNotify: JsonRpcNotificationMessage(2.0, build/logMessage, {"type":1,"message":"                                                                                                                                  ^"})[0m
[0m[[0m[0mdebug[0m] [0m[0mjsonRpcNotify: JsonRpcNotificationMessage(2.0, build/publishDiagnostics, {"textDocument":{"uri":"file:///home/amir/my-work/Scala-Chisel-Learning-Journey/src/main/scala/riscv/forwarding.scala"},"buildTarget":{"uri":"file:/home/amir/my-work/Scala-Chisel-Learning-Journey/#root/Compile"},"diagnostics":[{"range":{"start":{"line":56,"character":179},"end":{"line":56,"character":180}},"severity":1,"source":"sbt","message":"not found: value p1_rs1"}],"reset":false})[0m
[0m[[0m[31merror[0m] [0m[0m/home/amir/my-work/Scala-Chisel-Learning-Journey/src/main/scala/riscv/forwarding.scala:57:180: not found: value p1_rs1[0m
[0m[[0m[31merror[0m] [0m[0m     when(io.p3_regwrite === 1.U && io.p3_regwrite =/= 0.U && ~((io.p2_regWrite === 1.U) && (io.p2_rd=/= 0.U) && (io.p2_rd === io.p1) && (io.p2_rd === io.p1_rs2)) && (io.p3_rd=== p1_rs1) && (io.p3_rd === io.p1_rs2)) {[0m
[0m[[0m[31merror[0m] [0m[0m                                                                                                                                                                                   ^[0m
[0m[[0m[0mdebug[0m] [0m[0mjsonRpcNotify: JsonRpcNotificationMessage(2.0, build/logMessage, {"type":1,"message":"/home/amir/my-work/Scala-Chisel-Learning-Journey/src/main/scala/riscv/forwarding.scala:57:180: not found: value p1_rs1"})[0m
[0m[[0m[0mdebug[0m] [0m[0mjsonRpcNotify: JsonRpcNotificationMessage(2.0, build/logMessage, {"type":1,"message":"     when(io.p3_regwrite === 1.U && io.p3_regwrite =/= 0.U && ~((io.p2_regWrite === 1.U) && (io.p2_rd=/= 0.U) && (io.p2_rd === io.p1) && (io.p2_rd === io.p1_rs2)) && (io.p3_rd=== p1_rs1) && (io.p3_rd === io.p1_rs2)) {"})[0m
[0m[[0m[0mdebug[0m] [0m[0mjsonRpcNotify: JsonRpcNotificationMessage(2.0, build/logMessage, {"type":1,"message":"                                                                                                                                                                                   ^"})[0m
[0m[[0m[31merror[0m] [0m[0mtwo errors found[0m
[0m[[0m[0mdebug[0m] [0m[0mjsonRpcNotify: JsonRpcNotificationMessage(2.0, build/logMessage, {"type":1,"message":"two errors found"})[0m
[0m[[0m[0mdebug[0m] [0m[0mjsonRpcNotify: JsonRpcNotificationMessage(2.0, build/publishDiagnostics, {"textDocument":{"uri":"file:///home/amir/my-work/Scala-Chisel-Learning-Journey/src/main/scala/riscv/forwarding.scala"},"buildTarget":{"uri":"file:/home/amir/my-work/Scala-Chisel-Learning-Journey/#root/Compile"},"diagnostics":[{"range":{"start":{"line":56,"character":130},"end":{"line":56,"character":131}},"severity":1,"source":"sbt","message":"value p1 is not a member of chisel3.Bundle{val p2_regWrite: chisel3.UInt; val p2_rd: chisel3.UInt; val p1_rs1: chisel3.UInt; val p1_rs2: chisel3.UInt; val p1_rd: chisel3.UInt; val p3_regwrite: chisel3.UInt; val p3_rd: chisel3.UInt; val f_a: chisel3.UInt; val f_b: chisel3.UInt}"},{"range":{"start":{"line":56,"character":179},"end":{"line":56,"character":180}},"severity":1,"source":"sbt","message":"not found: value p1_rs1"}],"reset":true})[0m
[0m[[0m[0mdebug[0m] [0m[0mjsonRpcNotify: JsonRpcNotificationMessage(2.0, build/taskFinish, {"taskId":{"id":"154","parents":[]},"eventTime":1679308576988,"message":"Compiled root","status":2,"dataKind":"compile-report","data":{"target":{"uri":"file:/home/amir/my-work/Scala-Chisel-Learning-Journey/#root/Compile"},"errors":2,"warnings":0,"time":8212}})[0m
[0m[[0m[0mdebug[0m] [0m[0mForcing garbage collection...[0m
