[0m[[0m[0mdebug[0m] [0m[0m> Exec(;Test/compile; collectAnalyses, None, Some(CommandSource(network-1)))[0m
[0m[[0m[0mdebug[0m] [0m[0munmatched Processing event for requestId None: None[0m
[0m[[0m[0mdebug[0m] [0m[0munmatched Done event for requestId None: None[0m
[0m[[0m[0mdebug[0m] [0m[0m> Exec(Test/compile, None, Some(CommandSource(network-1)))[0m
[0m[[0m[0mdebug[0m] [0m[0munmatched Processing event for requestId None: None[0m
[0m[[0m[0mdebug[0m] [0m[0mEvaluating tasks: Test / compile[0m
[0m[[0m[0mdebug[0m] [0m[0mRunning task... Cancel: Signal, check cycles: false, forcegc: true[0m
[0m[[0m[0mdebug[0m] [0m[0mjsonRpcNotify: JsonRpcNotificationMessage(2.0, build/taskStart, {"taskId":{"id":"86","parents":[]},"eventTime":1678449045027,"message":"Compiling root","dataKind":"compile-task","data":{"target":{"uri":"file:/home/amir/my-work/Scala-Chisel-Learning-Journey/#root/Compile"}}})[0m
[0m[[0m[0minfo[0m] [0m[0mcompiling 1 Scala source to /home/amir/my-work/Scala-Chisel-Learning-Journey/target/scala-2.12/classes ...[0m
[0m[[0m[0mdebug[0m] [0m[0mjsonRpcNotify: JsonRpcNotificationMessage(2.0, build/logMessage, {"type":3,"message":"compiling 1 Scala source to /home/amir/my-work/Scala-Chisel-Learning-Journey/target/scala-2.12/classes ..."})[0m
[0m[[0m[0mdebug[0m] [0m[0mjsonRpcNotify: JsonRpcNotificationMessage(2.0, build/taskProgress, {"taskId":{"id":"86","parents":[]},"eventTime":1678449045350,"message":"Compiling root (10%)","total":28,"progress":10,"dataKind":"compile-progress","data":{"target":{"uri":"file:/home/amir/my-work/Scala-Chisel-Learning-Journey/#root/Compile"}}})[0m
[0m[[0m[0mdebug[0m] [0m[0mjsonRpcNotify: JsonRpcNotificationMessage(2.0, build/taskProgress, {"taskId":{"id":"86","parents":[]},"eventTime":1678449045351,"message":"Compiling root (10%)","total":28,"progress":10,"dataKind":"compile-progress","data":{"target":{"uri":"file:/home/amir/my-work/Scala-Chisel-Learning-Journey/#root/Compile"}}})[0m
[0m[[0m[0mdebug[0m] [0m[0mjsonRpcNotify: JsonRpcNotificationMessage(2.0, build/taskProgress, {"taskId":{"id":"86","parents":[]},"eventTime":1678449045575,"message":"Compiling root (25%)","total":28,"progress":25,"dataKind":"compile-progress","data":{"target":{"uri":"file:/home/amir/my-work/Scala-Chisel-Learning-Journey/#root/Compile"}}})[0m
[0m[[0m[0mdebug[0m] [0m[0mjsonRpcNotify: JsonRpcNotificationMessage(2.0, build/taskProgress, {"taskId":{"id":"86","parents":[]},"eventTime":1678449045575,"message":"Compiling root (25%)","total":28,"progress":25,"dataKind":"compile-progress","data":{"target":{"uri":"file:/home/amir/my-work/Scala-Chisel-Learning-Journey/#root/Compile"}}})[0m
[0m[[0m[0mdebug[0m] [0m[0mjsonRpcNotify: JsonRpcNotificationMessage(2.0, build/taskProgress, {"taskId":{"id":"86","parents":[]},"eventTime":1678449045581,"message":"Compiling root (35%)","total":28,"progress":35,"dataKind":"compile-progress","data":{"target":{"uri":"file:/home/amir/my-work/Scala-Chisel-Learning-Journey/#root/Compile"}}})[0m
[0m[[0m[0mdebug[0m] [0m[0mjsonRpcNotify: JsonRpcNotificationMessage(2.0, build/taskProgress, {"taskId":{"id":"86","parents":[]},"eventTime":1678449045582,"message":"Compiling root (35%)","total":28,"progress":35,"dataKind":"compile-progress","data":{"target":{"uri":"file:/home/amir/my-work/Scala-Chisel-Learning-Journey/#root/Compile"}}})[0m
[0m[[0m[0mdebug[0m] [0m[0mjsonRpcNotify: JsonRpcNotificationMessage(2.0, build/taskProgress, {"taskId":{"id":"86","parents":[]},"eventTime":1678449045665,"message":"Compiling root (50%)","total":28,"progress":50,"dataKind":"compile-progress","data":{"target":{"uri":"file:/home/amir/my-work/Scala-Chisel-Learning-Journey/#root/Compile"}}})[0m
[0m[[0m[0mdebug[0m] [0m[0mjsonRpcNotify: JsonRpcNotificationMessage(2.0, build/taskProgress, {"taskId":{"id":"86","parents":[]},"eventTime":1678449045666,"message":"Compiling root (50%)","total":28,"progress":50,"dataKind":"compile-progress","data":{"target":{"uri":"file:/home/amir/my-work/Scala-Chisel-Learning-Journey/#root/Compile"}}})[0m
[0m[[0m[0mdebug[0m] [0m[0mjsonRpcNotify: JsonRpcNotificationMessage(2.0, build/taskProgress, {"taskId":{"id":"86","parents":[]},"eventTime":1678449045722,"message":"Compiling root (60%)","total":28,"progress":60,"dataKind":"compile-progress","data":{"target":{"uri":"file:/home/amir/my-work/Scala-Chisel-Learning-Journey/#root/Compile"}}})[0m
[0m[[0m[0mdebug[0m] [0m[0mjsonRpcNotify: JsonRpcNotificationMessage(2.0, build/taskProgress, {"taskId":{"id":"86","parents":[]},"eventTime":1678449045809,"message":"Compiling root (60%)","total":28,"progress":60,"dataKind":"compile-progress","data":{"target":{"uri":"file:/home/amir/my-work/Scala-Chisel-Learning-Journey/#root/Compile"}}})[0m
[0m[[0m[0mdebug[0m] [0m[0mjsonRpcNotify: JsonRpcNotificationMessage(2.0, build/taskProgress, {"taskId":{"id":"86","parents":[]},"eventTime":1678449045845,"message":"Compiling root (75%)","total":28,"progress":75,"dataKind":"compile-progress","data":{"target":{"uri":"file:/home/amir/my-work/Scala-Chisel-Learning-Journey/#root/Compile"}}})[0m
[0m[[0m[0mdebug[0m] [0m[0mjsonRpcNotify: JsonRpcNotificationMessage(2.0, build/taskProgress, {"taskId":{"id":"86","parents":[]},"eventTime":1678449045846,"message":"Compiling root (75%)","total":28,"progress":75,"dataKind":"compile-progress","data":{"target":{"uri":"file:/home/amir/my-work/Scala-Chisel-Learning-Journey/#root/Compile"}}})[0m
[0m[[0m[0mdebug[0m] [0m[0mjsonRpcNotify: JsonRpcNotificationMessage(2.0, build/taskProgress, {"taskId":{"id":"86","parents":[]},"eventTime":1678449045867,"message":"Compiling root (85%)","total":28,"progress":85,"dataKind":"compile-progress","data":{"target":{"uri":"file:/home/amir/my-work/Scala-Chisel-Learning-Journey/#root/Compile"}}})[0m
[0m[[0m[0mdebug[0m] [0m[0mjsonRpcNotify: JsonRpcNotificationMessage(2.0, build/taskProgress, {"taskId":{"id":"86","parents":[]},"eventTime":1678449045867,"message":"Compiling root (85%)","total":28,"progress":85,"dataKind":"compile-progress","data":{"target":{"uri":"file:/home/amir/my-work/Scala-Chisel-Learning-Journey/#root/Compile"}}})[0m
[0m[[0m[0mdebug[0m] [0m[0mjsonRpcNotify: JsonRpcNotificationMessage(2.0, build/taskProgress, {"taskId":{"id":"86","parents":[]},"eventTime":1678449045982,"message":"Compiling root (100%)","total":28,"progress":100,"dataKind":"compile-progress","data":{"target":{"uri":"file:/home/amir/my-work/Scala-Chisel-Learning-Journey/#root/Compile"}}})[0m
[0m[[0m[0mdebug[0m] [0m[0mjsonRpcNotify: JsonRpcNotificationMessage(2.0, build/taskProgress, {"taskId":{"id":"86","parents":[]},"eventTime":1678449045983,"message":"Compiling root (100%)","total":28,"progress":100,"dataKind":"compile-progress","data":{"target":{"uri":"file:/home/amir/my-work/Scala-Chisel-Learning-Journey/#root/Compile"}}})[0m
[0m[[0m[0mdebug[0m] [0m[0mjsonRpcNotify: JsonRpcNotificationMessage(2.0, build/taskFinish, {"taskId":{"id":"86","parents":[]},"eventTime":1678449045987,"message":"Compiled root","status":1,"dataKind":"compile-report","data":{"target":{"uri":"file:/home/amir/my-work/Scala-Chisel-Learning-Journey/#root/Compile"},"errors":0,"warnings":0,"time":960}})[0m
[0m[[0m[0mdebug[0m] [0m[0mjsonRpcNotify: JsonRpcNotificationMessage(2.0, build/taskStart, {"taskId":{"id":"87","parents":[]},"eventTime":1678449046014,"message":"Compiling root-test","dataKind":"compile-task","data":{"target":{"uri":"file:/home/amir/my-work/Scala-Chisel-Learning-Journey/#root/Test"}}})[0m
[0m[[0m[0mdebug[0m] [0m[0mjsonRpcNotify: JsonRpcNotificationMessage(2.0, build/taskFinish, {"taskId":{"id":"87","parents":[]},"eventTime":1678449046022,"message":"Compiled root-test","status":1,"dataKind":"compile-report","data":{"target":{"uri":"file:/home/amir/my-work/Scala-Chisel-Learning-Journey/#root/Test"},"errors":0,"warnings":0,"time":8}})[0m
[0m[[0m[32msuccess[0m] [0m[0mTotal time: 1 s, completed Mar 10, 2023, 4:50:46 PM[0m
[0m[[0m[0mdebug[0m] [0m[0munmatched Done event for requestId None: None[0m
[0m[[0m[0mdebug[0m] [0m[0m> Exec(collectAnalyses, None, Some(CommandSource(network-1)))[0m
[0m[[0m[0mdebug[0m] [0m[0munmatched Processing event for requestId None: None[0m
[0m[[0m[0mdebug[0m] [0m[0mEvaluating tasks: Compile / collectAnalyses[0m
[0m[[0m[0mdebug[0m] [0m[0mRunning task... Cancel: Signal, check cycles: false, forcegc: true[0m
[0m[[0m[0mdebug[0m] [0m[0manalysis location (/home/amir/my-work/Scala-Chisel-Learning-Journey/target/scala-2.12/zinc/inc_compile_2.12.zip,true)[0m
[0m[[0m[32msuccess[0m] [0m[0mTotal time: 0 s, completed Mar 10, 2023, 4:50:46 PM[0m
[0m[[0m[0mdebug[0m] [0m[0munmatched Done event for requestId None: None[0m
[0m[[0m[0mdebug[0m] [0m[0m> Exec(shell, None, None)[0m
[0m[[0m[0mdebug[0m] [0m[0mForcing garbage collection...[0m
