[0m[[0m[0mdebug[0m] [0m[0m> Exec(;Test/compile; collectAnalyses, None, Some(CommandSource(network-1)))[0m
[0m[[0m[0mdebug[0m] [0m[0munmatched Processing event for requestId None: None[0m
[0m[[0m[0mdebug[0m] [0m[0munmatched Done event for requestId None: None[0m
[0m[[0m[0mdebug[0m] [0m[0m> Exec(Test/compile, None, Some(CommandSource(network-1)))[0m
[0m[[0m[0mdebug[0m] [0m[0munmatched Processing event for requestId None: None[0m
[0m[[0m[0mdebug[0m] [0m[0mEvaluating tasks: Test / compile[0m
[0m[[0m[0mdebug[0m] [0m[0mRunning task... Cancel: Signal, check cycles: false, forcegc: true[0m
[0m[[0m[0mdebug[0m] [0m[0mjsonRpcNotify: JsonRpcNotificationMessage(2.0, build/taskStart, {"taskId":{"id":"10","parents":[]},"eventTime":1677880218867,"message":"Compiling root","dataKind":"compile-task","data":{"target":{"uri":"file:/home/amir/my-work/Scala-Chisel-Learning-Journey/#root/Compile"}}})[0m
[0m[[0m[0minfo[0m] [0m[0mcompiling 1 Scala source to /home/amir/my-work/Scala-Chisel-Learning-Journey/target/scala-2.12/classes ...[0m
[0m[[0m[0mdebug[0m] [0m[0mjsonRpcNotify: JsonRpcNotificationMessage(2.0, build/logMessage, {"type":3,"message":"compiling 1 Scala source to /home/amir/my-work/Scala-Chisel-Learning-Journey/target/scala-2.12/classes ..."})[0m
[0m[[0m[0mdebug[0m] [0m[0mjsonRpcNotify: JsonRpcNotificationMessage(2.0, build/publishDiagnostics, {"textDocument":{"uri":"file:///home/amir/my-work/Scala-Chisel-Learning-Journey/src/main/scala/riscv/forwarding.scala"},"buildTarget":{"uri":"file:/home/amir/my-work/Scala-Chisel-Learning-Journey/#root/Compile"},"diagnostics":[{"range":{"start":{"line":5,"character":12},"end":{"line":5,"character":13}},"severity":1,"source":"sbt","message":"Invalid literal number"}],"reset":false})[0m
[0m[[0m[31merror[0m] [0m[0m/home/amir/my-work/Scala-Chisel-Learning-Journey/src/main/scala/riscv/forwarding.scala:6:13: Invalid literal number[0m
[0m[[0m[31merror[0m] [0m[0m        val 2_ = Input(UInt(5.W))[0m
[0m[[0m[31merror[0m] [0m[0m            ^[0m
[0m[[0m[0mdebug[0m] [0m[0mjsonRpcNotify: JsonRpcNotificationMessage(2.0, build/logMessage, {"type":1,"message":"/home/amir/my-work/Scala-Chisel-Learning-Journey/src/main/scala/riscv/forwarding.scala:6:13: Invalid literal number"})[0m
[0m[[0m[0mdebug[0m] [0m[0mjsonRpcNotify: JsonRpcNotificationMessage(2.0, build/logMessage, {"type":1,"message":"        val 2_ = Input(UInt(5.W))"})[0m
[0m[[0m[0mdebug[0m] [0m[0mjsonRpcNotify: JsonRpcNotificationMessage(2.0, build/logMessage, {"type":1,"message":"            ^"})[0m
[0m[[0m[0mdebug[0m] [0m[0mjsonRpcNotify: JsonRpcNotificationMessage(2.0, build/publishDiagnostics, {"textDocument":{"uri":"file:///home/amir/my-work/Scala-Chisel-Learning-Journey/src/main/scala/riscv/forwarding.scala"},"buildTarget":{"uri":"file:/home/amir/my-work/Scala-Chisel-Learning-Journey/#root/Compile"},"diagnostics":[{"range":{"start":{"line":6,"character":12},"end":{"line":6,"character":13}},"severity":1,"source":"sbt","message":"Invalid literal number"}],"reset":false})[0m
[0m[[0m[31merror[0m] [0m[0m/home/amir/my-work/Scala-Chisel-Learning-Journey/src/main/scala/riscv/forwarding.scala:7:13: Invalid literal number[0m
[0m[[0m[31merror[0m] [0m[0m        val 2_rs2 = Input(UInt(5.W))[0m
[0m[[0m[31merror[0m] [0m[0m            ^[0m
[0m[[0m[0mdebug[0m] [0m[0mjsonRpcNotify: JsonRpcNotificationMessage(2.0, build/logMessage, {"type":1,"message":"/home/amir/my-work/Scala-Chisel-Learning-Journey/src/main/scala/riscv/forwarding.scala:7:13: Invalid literal number"})[0m
[0m[[0m[0mdebug[0m] [0m[0mjsonRpcNotify: JsonRpcNotificationMessage(2.0, build/logMessage, {"type":1,"message":"        val 2_rs2 = Input(UInt(5.W))"})[0m
[0m[[0m[0mdebug[0m] [0m[0mjsonRpcNotify: JsonRpcNotificationMessage(2.0, build/logMessage, {"type":1,"message":"            ^"})[0m
[0m[[0m[0mdebug[0m] [0m[0mjsonRpcNotify: JsonRpcNotificationMessage(2.0, build/publishDiagnostics, {"textDocument":{"uri":"file:///home/amir/my-work/Scala-Chisel-Learning-Journey/src/main/scala/riscv/forwarding.scala"},"buildTarget":{"uri":"file:/home/amir/my-work/Scala-Chisel-Learning-Journey/#root/Compile"},"diagnostics":[{"range":{"start":{"line":7,"character":12},"end":{"line":7,"character":13}},"severity":1,"source":"sbt","message":"Invalid literal number"}],"reset":false})[0m
[0m[[0m[31merror[0m] [0m[0m/home/amir/my-work/Scala-Chisel-Learning-Journey/src/main/scala/riscv/forwarding.scala:8:13: Invalid literal number[0m
[0m[[0m[31merror[0m] [0m[0m        val 3_rd = Input(UInt(5.W))[0m
[0m[[0m[31merror[0m] [0m[0m            ^[0m
[0m[[0m[0mdebug[0m] [0m[0mjsonRpcNotify: JsonRpcNotificationMessage(2.0, build/logMessage, {"type":1,"message":"/home/amir/my-work/Scala-Chisel-Learning-Journey/src/main/scala/riscv/forwarding.scala:8:13: Invalid literal number"})[0m
[0m[[0m[0mdebug[0m] [0m[0mjsonRpcNotify: JsonRpcNotificationMessage(2.0, build/logMessage, {"type":1,"message":"        val 3_rd = Input(UInt(5.W))"})[0m
[0m[[0m[0mdebug[0m] [0m[0mjsonRpcNotify: JsonRpcNotificationMessage(2.0, build/logMessage, {"type":1,"message":"            ^"})[0m
[0m[[0m[0mdebug[0m] [0m[0mjsonRpcNotify: JsonRpcNotificationMessage(2.0, build/publishDiagnostics, {"textDocument":{"uri":"file:///home/amir/my-work/Scala-Chisel-Learning-Journey/src/main/scala/riscv/forwarding.scala"},"buildTarget":{"uri":"file:/home/amir/my-work/Scala-Chisel-Learning-Journey/#root/Compile"},"diagnostics":[{"range":{"start":{"line":8,"character":12},"end":{"line":8,"character":13}},"severity":1,"source":"sbt","message":"Invalid literal number"}],"reset":false})[0m
[0m[[0m[31merror[0m] [0m[0m/home/amir/my-work/Scala-Chisel-Learning-Journey/src/main/scala/riscv/forwarding.scala:9:13: Invalid literal number[0m
[0m[[0m[31merror[0m] [0m[0m        val 3_regwr= Input(UInt(1.W))[0m
[0m[[0m[31merror[0m] [0m[0m            ^[0m
[0m[[0m[0mdebug[0m] [0m[0mjsonRpcNotify: JsonRpcNotificationMessage(2.0, build/logMessage, {"type":1,"message":"/home/amir/my-work/Scala-Chisel-Learning-Journey/src/main/scala/riscv/forwarding.scala:9:13: Invalid literal number"})[0m
[0m[[0m[0mdebug[0m] [0m[0mjsonRpcNotify: JsonRpcNotificationMessage(2.0, build/logMessage, {"type":1,"message":"        val 3_regwr= Input(UInt(1.W))"})[0m
[0m[[0m[0mdebug[0m] [0m[0mjsonRpcNotify: JsonRpcNotificationMessage(2.0, build/logMessage, {"type":1,"message":"            ^"})[0m
[0m[[0m[0mdebug[0m] [0m[0mjsonRpcNotify: JsonRpcNotificationMessage(2.0, build/publishDiagnostics, {"textDocument":{"uri":"file:///home/amir/my-work/Scala-Chisel-Learning-Journey/src/main/scala/riscv/forwarding.scala"},"buildTarget":{"uri":"file:/home/amir/my-work/Scala-Chisel-Learning-Journey/#root/Compile"},"diagnostics":[{"range":{"start":{"line":9,"character":12},"end":{"line":9,"character":13}},"severity":1,"source":"sbt","message":"Invalid literal number"}],"reset":false})[0m
[0m[[0m[31merror[0m] [0m[0m/home/amir/my-work/Scala-Chisel-Learning-Journey/src/main/scala/riscv/forwarding.scala:10:13: Invalid literal number[0m
[0m[[0m[31merror[0m] [0m[0m        val 4_regwr= Input(UInt(1.W))[0m
[0m[[0m[31merror[0m] [0m[0m            ^[0m
[0m[[0m[0mdebug[0m] [0m[0mjsonRpcNotify: JsonRpcNotificationMessage(2.0, build/logMessage, {"type":1,"message":"/home/amir/my-work/Scala-Chisel-Learning-Journey/src/main/scala/riscv/forwarding.scala:10:13: Invalid literal number"})[0m
[0m[[0m[0mdebug[0m] [0m[0mjsonRpcNotify: JsonRpcNotificationMessage(2.0, build/logMessage, {"type":1,"message":"        val 4_regwr= Input(UInt(1.W))"})[0m
[0m[[0m[0mdebug[0m] [0m[0mjsonRpcNotify: JsonRpcNotificationMessage(2.0, build/logMessage, {"type":1,"message":"            ^"})[0m
[0m[[0m[0mdebug[0m] [0m[0mjsonRpcNotify: JsonRpcNotificationMessage(2.0, build/publishDiagnostics, {"textDocument":{"uri":"file:///home/amir/my-work/Scala-Chisel-Learning-Journey/src/main/scala/riscv/forwarding.scala"},"buildTarget":{"uri":"file:/home/amir/my-work/Scala-Chisel-Learning-Journey/#root/Compile"},"diagnostics":[{"range":{"start":{"line":10,"character":12},"end":{"line":10,"character":13}},"severity":1,"source":"sbt","message":"Invalid literal number"}],"reset":false})[0m
[0m[[0m[31merror[0m] [0m[0m/home/amir/my-work/Scala-Chisel-Learning-Journey/src/main/scala/riscv/forwarding.scala:11:13: Invalid literal number[0m
[0m[[0m[31merror[0m] [0m[0m        val 4_rd =  Input(UInt(5.W))[0m
[0m[[0m[31merror[0m] [0m[0m            ^[0m
[0m[[0m[0mdebug[0m] [0m[0mjsonRpcNotify: JsonRpcNotificationMessage(2.0, build/logMessage, {"type":1,"message":"/home/amir/my-work/Scala-Chisel-Learning-Journey/src/main/scala/riscv/forwarding.scala:11:13: Invalid literal number"})[0m
[0m[[0m[0mdebug[0m] [0m[0mjsonRpcNotify: JsonRpcNotificationMessage(2.0, build/logMessage, {"type":1,"message":"        val 4_rd =  Input(UInt(5.W))"})[0m
[0m[[0m[0mdebug[0m] [0m[0mjsonRpcNotify: JsonRpcNotificationMessage(2.0, build/logMessage, {"type":1,"message":"            ^"})[0m
[0m[[0m[0mdebug[0m] [0m[0mjsonRpcNotify: JsonRpcNotificationMessage(2.0, build/publishDiagnostics, {"textDocument":{"uri":"file:///home/amir/my-work/Scala-Chisel-Learning-Journey/src/main/scala/riscv/forwarding.scala"},"buildTarget":{"uri":"file:/home/amir/my-work/Scala-Chisel-Learning-Journey/#root/Compile"},"diagnostics":[{"range":{"start":{"line":6,"character":0},"end":{"line":6,"character":1}},"severity":1,"source":"sbt","message":"'=' expected."}],"reset":false})[0m
[0m[[0m[31merror[0m] [0m[0m/home/amir/my-work/Scala-Chisel-Learning-Journey/src/main/scala/riscv/forwarding.scala:7:1: '=' expected.[0m
[0m[[0m[31merror[0m] [0m[0m        val 2_rs2 = Input(UInt(5.W))[0m
[0m[[0m[31merror[0m] [0m[0m^[0m
[0m[[0m[0mdebug[0m] [0m[0mjsonRpcNotify: JsonRpcNotificationMessage(2.0, build/logMessage, {"type":1,"message":"/home/amir/my-work/Scala-Chisel-Learning-Journey/src/main/scala/riscv/forwarding.scala:7:1: '=' expected."})[0m
[0m[[0m[0mdebug[0m] [0m[0mjsonRpcNotify: JsonRpcNotificationMessage(2.0, build/logMessage, {"type":1,"message":"        val 2_rs2 = Input(UInt(5.W))"})[0m
[0m[[0m[0mdebug[0m] [0m[0mjsonRpcNotify: JsonRpcNotificationMessage(2.0, build/logMessage, {"type":1,"message":"^"})[0m
[0m[[0m[0mdebug[0m] [0m[0mjsonRpcNotify: JsonRpcNotificationMessage(2.0, build/publishDiagnostics, {"textDocument":{"uri":"file:///home/amir/my-work/Scala-Chisel-Learning-Journey/src/main/scala/riscv/forwarding.scala"},"buildTarget":{"uri":"file:/home/amir/my-work/Scala-Chisel-Learning-Journey/#root/Compile"},"diagnostics":[{"range":{"start":{"line":7,"character":0},"end":{"line":7,"character":1}},"severity":1,"source":"sbt","message":"'=' expected."}],"reset":false})[0m
[0m[[0m[31merror[0m] [0m[0m/home/amir/my-work/Scala-Chisel-Learning-Journey/src/main/scala/riscv/forwarding.scala:8:1: '=' expected.[0m
[0m[[0m[31merror[0m] [0m[0m        val 3_rd = Input(UInt(5.W))[0m
[0m[[0m[31merror[0m] [0m[0m^[0m
[0m[[0m[0mdebug[0m] [0m[0mjsonRpcNotify: JsonRpcNotificationMessage(2.0, build/logMessage, {"type":1,"message":"/home/amir/my-work/Scala-Chisel-Learning-Journey/src/main/scala/riscv/forwarding.scala:8:1: '=' expected."})[0m
[0m[[0m[0mdebug[0m] [0m[0mjsonRpcNotify: JsonRpcNotificationMessage(2.0, build/logMessage, {"type":1,"message":"        val 3_rd = Input(UInt(5.W))"})[0m
[0m[[0m[0mdebug[0m] [0m[0mjsonRpcNotify: JsonRpcNotificationMessage(2.0, build/logMessage, {"type":1,"message":"^"})[0m
[0m[[0m[0mdebug[0m] [0m[0mjsonRpcNotify: JsonRpcNotificationMessage(2.0, build/publishDiagnostics, {"textDocument":{"uri":"file:///home/amir/my-work/Scala-Chisel-Learning-Journey/src/main/scala/riscv/forwarding.scala"},"buildTarget":{"uri":"file:/home/amir/my-work/Scala-Chisel-Learning-Journey/#root/Compile"},"diagnostics":[{"range":{"start":{"line":8,"character":0},"end":{"line":8,"character":1}},"severity":1,"source":"sbt","message":"'=' expected."}],"reset":false})[0m
[0m[[0m[31merror[0m] [0m[0m/home/amir/my-work/Scala-Chisel-Learning-Journey/src/main/scala/riscv/forwarding.scala:9:1: '=' expected.[0m
[0m[[0m[31merror[0m] [0m[0m        val 3_regwr= Input(UInt(1.W))[0m
[0m[[0m[31merror[0m] [0m[0m^[0m
[0m[[0m[0mdebug[0m] [0m[0mjsonRpcNotify: JsonRpcNotificationMessage(2.0, build/logMessage, {"type":1,"message":"/home/amir/my-work/Scala-Chisel-Learning-Journey/src/main/scala/riscv/forwarding.scala:9:1: '=' expected."})[0m
[0m[[0m[0mdebug[0m] [0m[0mjsonRpcNotify: JsonRpcNotificationMessage(2.0, build/logMessage, {"type":1,"message":"        val 3_regwr= Input(UInt(1.W))"})[0m
[0m[[0m[0mdebug[0m] [0m[0mjsonRpcNotify: JsonRpcNotificationMessage(2.0, build/logMessage, {"type":1,"message":"^"})[0m
[0m[[0m[0mdebug[0m] [0m[0mjsonRpcNotify: JsonRpcNotificationMessage(2.0, build/publishDiagnostics, {"textDocument":{"uri":"file:///home/amir/my-work/Scala-Chisel-Learning-Journey/src/main/scala/riscv/forwarding.scala"},"buildTarget":{"uri":"file:/home/amir/my-work/Scala-Chisel-Learning-Journey/#root/Compile"},"diagnostics":[{"range":{"start":{"line":9,"character":0},"end":{"line":9,"character":1}},"severity":1,"source":"sbt","message":"'=' expected."}],"reset":false})[0m
[0m[[0m[31merror[0m] [0m[0m/home/amir/my-work/Scala-Chisel-Learning-Journey/src/main/scala/riscv/forwarding.scala:10:1: '=' expected.[0m
[0m[[0m[31merror[0m] [0m[0m        val 4_regwr= Input(UInt(1.W))[0m
[0m[[0m[31merror[0m] [0m[0m^[0m
[0m[[0m[0mdebug[0m] [0m[0mjsonRpcNotify: JsonRpcNotificationMessage(2.0, build/logMessage, {"type":1,"message":"/home/amir/my-work/Scala-Chisel-Learning-Journey/src/main/scala/riscv/forwarding.scala:10:1: '=' expected."})[0m
[0m[[0m[0mdebug[0m] [0m[0mjsonRpcNotify: JsonRpcNotificationMessage(2.0, build/logMessage, {"type":1,"message":"        val 4_regwr= Input(UInt(1.W))"})[0m
[0m[[0m[0mdebug[0m] [0m[0mjsonRpcNotify: JsonRpcNotificationMessage(2.0, build/logMessage, {"type":1,"message":"^"})[0m
[0m[[0m[0mdebug[0m] [0m[0mjsonRpcNotify: JsonRpcNotificationMessage(2.0, build/publishDiagnostics, {"textDocument":{"uri":"file:///home/amir/my-work/Scala-Chisel-Learning-Journey/src/main/scala/riscv/forwarding.scala"},"buildTarget":{"uri":"file:/home/amir/my-work/Scala-Chisel-Learning-Journey/#root/Compile"},"diagnostics":[{"range":{"start":{"line":10,"character":0},"end":{"line":10,"character":1}},"severity":1,"source":"sbt","message":"'=' expected."}],"reset":false})[0m
[0m[[0m[31merror[0m] [0m[0m/home/amir/my-work/Scala-Chisel-Learning-Journey/src/main/scala/riscv/forwarding.scala:11:1: '=' expected.[0m
[0m[[0m[31merror[0m] [0m[0m        val 4_rd =  Input(UInt(5.W))[0m
[0m[[0m[31merror[0m] [0m[0m^[0m
[0m[[0m[0mdebug[0m] [0m[0mjsonRpcNotify: JsonRpcNotificationMessage(2.0, build/logMessage, {"type":1,"message":"/home/amir/my-work/Scala-Chisel-Learning-Journey/src/main/scala/riscv/forwarding.scala:11:1: '=' expected."})[0m
[0m[[0m[0mdebug[0m] [0m[0mjsonRpcNotify: JsonRpcNotificationMessage(2.0, build/logMessage, {"type":1,"message":"        val 4_rd =  Input(UInt(5.W))"})[0m
[0m[[0m[0mdebug[0m] [0m[0mjsonRpcNotify: JsonRpcNotificationMessage(2.0, build/logMessage, {"type":1,"message":"^"})[0m
[0m[[0m[0mdebug[0m] [0m[0mjsonRpcNotify: JsonRpcNotificationMessage(2.0, build/publishDiagnostics, {"textDocument":{"uri":"file:///home/amir/my-work/Scala-Chisel-Learning-Journey/src/main/scala/riscv/forwarding.scala"},"buildTarget":{"uri":"file:/home/amir/my-work/Scala-Chisel-Learning-Journey/#root/Compile"},"diagnostics":[{"range":{"start":{"line":11,"character":0},"end":{"line":11,"character":1}},"severity":1,"source":"sbt","message":"'=' expected."}],"reset":false})[0m
[0m[[0m[31merror[0m] [0m[0m/home/amir/my-work/Scala-Chisel-Learning-Journey/src/main/scala/riscv/forwarding.scala:12:1: '=' expected.[0m
[0m[[0m[31merror[0m] [0m[0m        val f_a =    Output(UInt(2.W))[0m
[0m[[0m[31merror[0m] [0m[0m^[0m
[0m[[0m[0mdebug[0m] [0m[0mjsonRpcNotify: JsonRpcNotificationMessage(2.0, build/logMessage, {"type":1,"message":"/home/amir/my-work/Scala-Chisel-Learning-Journey/src/main/scala/riscv/forwarding.scala:12:1: '=' expected."})[0m
[0m[[0m[0mdebug[0m] [0m[0mjsonRpcNotify: JsonRpcNotificationMessage(2.0, build/logMessage, {"type":1,"message":"        val f_a =    Output(UInt(2.W))"})[0m
[0m[[0m[0mdebug[0m] [0m[0mjsonRpcNotify: JsonRpcNotificationMessage(2.0, build/logMessage, {"type":1,"message":"^"})[0m
[0m[[0m[0mdebug[0m] [0m[0mjsonRpcNotify: JsonRpcNotificationMessage(2.0, build/publishDiagnostics, {"textDocument":{"uri":"file:///home/amir/my-work/Scala-Chisel-Learning-Journey/src/main/scala/riscv/forwarding.scala"},"buildTarget":{"uri":"file:/home/amir/my-work/Scala-Chisel-Learning-Journey/#root/Compile"},"diagnostics":[{"range":{"start":{"line":21,"character":5},"end":{"line":21,"character":6}},"severity":1,"source":"sbt","message":"'}' expected but eof found."}],"reset":false})[0m
[0m[[0m[31merror[0m] [0m[0m/home/amir/my-work/Scala-Chisel-Learning-Journey/src/main/scala/riscv/forwarding.scala:22:6: '}' expected but eof found.[0m
[0m[[0m[31merror[0m] [0m[0m      [0m
[0m[[0m[31merror[0m] [0m[0m     ^[0m
[0m[[0m[0mdebug[0m] [0m[0mjsonRpcNotify: JsonRpcNotificationMessage(2.0, build/logMessage, {"type":1,"message":"/home/amir/my-work/Scala-Chisel-Learning-Journey/src/main/scala/riscv/forwarding.scala:22:6: '}' expected but eof found."})[0m
[0m[[0m[0mdebug[0m] [0m[0mjsonRpcNotify: JsonRpcNotificationMessage(2.0, build/logMessage, {"type":1,"message":"      "})[0m
[0m[[0m[0mdebug[0m] [0m[0mjsonRpcNotify: JsonRpcNotificationMessage(2.0, build/logMessage, {"type":1,"message":"     ^"})[0m
[0m[[0m[31merror[0m] [0m[0m13 errors found[0m
[0m[[0m[0mdebug[0m] [0m[0mjsonRpcNotify: JsonRpcNotificationMessage(2.0, build/logMessage, {"type":1,"message":"13 errors found"})[0m
[0m[[0m[0mdebug[0m] [0m[0mjsonRpcNotify: JsonRpcNotificationMessage(2.0, build/publishDiagnostics, {"textDocument":{"uri":"file:///home/amir/my-work/Scala-Chisel-Learning-Journey/src/main/scala/lab6/lab6t4.scala"},"buildTarget":{"uri":"file:/home/amir/my-work/Scala-Chisel-Learning-Journey/#root/Compile"},"diagnostics":[],"reset":true})[0m
[0m[[0m[0mdebug[0m] [0m[0mjsonRpcNotify: JsonRpcNotificationMessage(2.0, build/publishDiagnostics, {"textDocument":{"uri":"file:///home/amir/my-work/Scala-Chisel-Learning-Journey/src/main/scala/lab6/lab6t2.scala"},"buildTarget":{"uri":"file:/home/amir/my-work/Scala-Chisel-Learning-Journey/#root/Compile"},"diagnostics":[],"reset":true})[0m
[0m[[0m[0mdebug[0m] [0m[0mjsonRpcNotify: JsonRpcNotificationMessage(2.0, build/publishDiagnostics, {"textDocument":{"uri":"file:///home/amir/my-work/Scala-Chisel-Learning-Journey/src/main/scala/lab6/lab6t3.scala"},"buildTarget":{"uri":"file:/home/amir/my-work/Scala-Chisel-Learning-Journey/#root/Compile"},"diagnostics":[],"reset":true})[0m
[0m[[0m[0mdebug[0m] [0m[0mjsonRpcNotify: JsonRpcNotificationMessage(2.0, build/publishDiagnostics, {"textDocument":{"uri":"file:///home/amir/my-work/Scala-Chisel-Learning-Journey/src/main/scala/lab1/lab1.scala"},"buildTarget":{"uri":"file:/home/amir/my-work/Scala-Chisel-Learning-Journey/#root/Compile"},"diagnostics":[],"reset":true})[0m
[0m[[0m[0mdebug[0m] [0m[0mjsonRpcNotify: JsonRpcNotificationMessage(2.0, build/publishDiagnostics, {"textDocument":{"uri":"file:///home/amir/my-work/Scala-Chisel-Learning-Journey/src/main/scala/lab4/lab4t1.scala"},"buildTarget":{"uri":"file:/home/amir/my-work/Scala-Chisel-Learning-Journey/#root/Compile"},"diagnostics":[],"reset":true})[0m
[0m[[0m[0mdebug[0m] [0m[0mjsonRpcNotify: JsonRpcNotificationMessage(2.0, build/publishDiagnostics, {"textDocument":{"uri":"file:///home/amir/my-work/Scala-Chisel-Learning-Journey/src/main/scala/lab4/lab4t3.scala"},"buildTarget":{"uri":"file:/home/amir/my-work/Scala-Chisel-Learning-Journey/#root/Compile"},"diagnostics":[],"reset":true})[0m
[0m[[0m[0mdebug[0m] [0m[0mjsonRpcNotify: JsonRpcNotificationMessage(2.0, build/publishDiagnostics, {"textDocument":{"uri":"file:///home/amir/my-work/Scala-Chisel-Learning-Journey/src/main/scala/riscv/pipeline4.scala"},"buildTarget":{"uri":"file:/home/amir/my-work/Scala-Chisel-Learning-Journey/#root/Compile"},"diagnostics":[],"reset":true})[0m
[0m[[0m[0mdebug[0m] [0m[0mjsonRpcNotify: JsonRpcNotificationMessage(2.0, build/publishDiagnostics, {"textDocument":{"uri":"file:///home/amir/my-work/Scala-Chisel-Learning-Journey/src/main/scala/riscv/alu_control.scala"},"buildTarget":{"uri":"file:/home/amir/my-work/Scala-Chisel-Learning-Journey/#root/Compile"},"diagnostics":[],"reset":true})[0m
[0m[[0m[0mdebug[0m] [0m[0mjsonRpcNotify: JsonRpcNotificationMessage(2.0, build/publishDiagnostics, {"textDocument":{"uri":"file:///home/amir/my-work/Scala-Chisel-Learning-Journey/src/main/scala/riscv/fivestage.scala"},"buildTarget":{"uri":"file:/home/amir/my-work/Scala-Chisel-Learning-Journey/#root/Compile"},"diagnostics":[],"reset":true})[0m
[0m[[0m[0mdebug[0m] [0m[0mjsonRpcNotify: JsonRpcNotificationMessage(2.0, build/publishDiagnostics, {"textDocument":{"uri":"file:///home/amir/my-work/Scala-Chisel-Learning-Journey/src/main/scala/riscv/ALU.scala"},"buildTarget":{"uri":"file:/home/amir/my-work/Scala-Chisel-Learning-Journey/#root/Compile"},"diagnostics":[],"reset":true})[0m
[0m[[0m[0mdebug[0m] [0m[0mjsonRpcNotify: JsonRpcNotificationMessage(2.0, build/publishDiagnostics, {"textDocument":{"uri":"file:///home/amir/my-work/Scala-Chisel-Learning-Journey/src/main/scala/riscv/memory.scala"},"buildTarget":{"uri":"file:/home/amir/my-work/Scala-Chisel-Learning-Journey/#root/Compile"},"diagnostics":[],"reset":true})[0m
[0m[[0m[0mdebug[0m] [0m[0mjsonRpcNotify: JsonRpcNotificationMessage(2.0, build/publishDiagnostics, {"textDocument":{"uri":"file:///home/amir/my-work/Scala-Chisel-Learning-Journey/src/main/scala/riscv/pc.scala"},"buildTarget":{"uri":"file:/home/amir/my-work/Scala-Chisel-Learning-Journey/#root/Compile"},"diagnostics":[],"reset":true})[0m
[0m[[0m[0mdebug[0m] [0m[0mjsonRpcNotify: JsonRpcNotificationMessage(2.0, build/publishDiagnostics, {"textDocument":{"uri":"file:///home/amir/my-work/Scala-Chisel-Learning-Journey/src/main/scala/riscv/Riscv.scala"},"buildTarget":{"uri":"file:/home/amir/my-work/Scala-Chisel-Learning-Journey/#root/Compile"},"diagnostics":[],"reset":true})[0m
[0m[[0m[0mdebug[0m] [0m[0mjsonRpcNotify: JsonRpcNotificationMessage(2.0, build/publishDiagnostics, {"textDocument":{"uri":"file:///home/amir/my-work/Scala-Chisel-Learning-Journey/src/main/scala/riscv/pipeline2.scala"},"buildTarget":{"uri":"file:/home/amir/my-work/Scala-Chisel-Learning-Journey/#root/Compile"},"diagnostics":[],"reset":true})[0m
[0m[[0m[0mdebug[0m] [0m[0mjsonRpcNotify: JsonRpcNotificationMessage(2.0, build/publishDiagnostics, {"textDocument":{"uri":"file:///home/amir/my-work/Scala-Chisel-Learning-Journey/src/main/scala/riscv/imdgen.scala"},"buildTarget":{"uri":"file:/home/amir/my-work/Scala-Chisel-Learning-Journey/#root/Compile"},"diagnostics":[],"reset":true})[0m
[0m[[0m[0mdebug[0m] [0m[0mjsonRpcNotify: JsonRpcNotificationMessage(2.0, build/publishDiagnostics, {"textDocument":{"uri":"file:///home/amir/my-work/Scala-Chisel-Learning-Journey/src/main/scala/riscv/pipeline3.scala"},"buildTarget":{"uri":"file:/home/amir/my-work/Scala-Chisel-Learning-Journey/#root/Compile"},"diagnostics":[],"reset":true})[0m
[0m[[0m[0mdebug[0m] [0m[0mjsonRpcNotify: JsonRpcNotificationMessage(2.0, build/publishDiagnostics, {"textDocument":{"uri":"file:///home/amir/my-work/Scala-Chisel-Learning-Journey/src/main/scala/riscv/pipeline1.scala"},"buildTarget":{"uri":"file:/home/amir/my-work/Scala-Chisel-Learning-Journey/#root/Compile"},"diagnostics":[],"reset":true})[0m
[0m[[0m[0mdebug[0m] [0m[0mjsonRpcNotify: JsonRpcNotificationMessage(2.0, build/publishDiagnostics, {"textDocument":{"uri":"file:///home/amir/my-work/Scala-Chisel-Learning-Journey/src/main/scala/riscv/register.scala"},"buildTarget":{"uri":"file:/home/amir/my-work/Scala-Chisel-Learning-Journey/#root/Compile"},"diagnostics":[],"reset":true})[0m
[0m[[0m[0mdebug[0m] [0m[0mjsonRpcNotify: JsonRpcNotificationMessage(2.0, build/publishDiagnostics, {"textDocument":{"uri":"file:///home/amir/my-work/Scala-Chisel-Learning-Journey/src/main/scala/riscv/forwarding.scala"},"buildTarget":{"uri":"file:/home/amir/my-work/Scala-Chisel-Learning-Journey/#root/Compile"},"diagnostics":[{"range":{"start":{"line":5,"character":12},"end":{"line":5,"character":13}},"severity":1,"source":"sbt","message":"Invalid literal number"},{"range":{"start":{"line":6,"character":12},"end":{"line":6,"character":13}},"severity":1,"source":"sbt","message":"Invalid literal number"},{"range":{"start":{"line":7,"character":12},"end":{"line":7,"character":13}},"severity":1,"source":"sbt","message":"Invalid literal number"},{"range":{"start":{"line":8,"character":12},"end":{"line":8,"character":13}},"severity":1,"source":"sbt","message":"Invalid literal number"},{"range":{"start":{"line":9,"character":12},"end":{"line":9,"character":13}},"severity":1,"source":"sbt","message":"Invalid literal number"},{"range":{"start":{"line":10,"character":12},"end":{"line":10,"character":13}},"severity":1,"source":"sbt","message":"Invalid literal number"},{"range":{"start":{"line":6,"character":0},"end":{"line":6,"character":1}},"severity":1,"source":"sbt","message":"'=' expected."},{"range":{"start":{"line":7,"character":0},"end":{"line":7,"character":1}},"severity":1,"source":"sbt","message":"'=' expected."},{"range":{"start":{"line":8,"character":0},"end":{"line":8,"character":1}},"severity":1,"source":"sbt","message":"'=' expected."},{"range":{"start":{"line":9,"character":0},"end":{"line":9,"character":1}},"severity":1,"source":"sbt","message":"'=' expected."},{"range":{"start":{"line":10,"character":0},"end":{"line":10,"character":1}},"severity":1,"source":"sbt","message":"'=' expected."},{"range":{"start":{"line":11,"character":0},"end":{"line":11,"character":1}},"severity":1,"source":"sbt","message":"'=' expected."},{"range":{"start":{"line":21,"character":5},"end":{"line":21,"character":6}},"severity":1,"source":"sbt","message":"'}' expected but eof found."}],"reset":true})[0m
[0m[[0m[0mdebug[0m] [0m[0mjsonRpcNotify: JsonRpcNotificationMessage(2.0, build/publishDiagnostics, {"textDocument":{"uri":"file:///home/amir/my-work/Scala-Chisel-Learning-Journey/src/main/scala/riscv/instMem.scala"},"buildTarget":{"uri":"file:/home/amir/my-work/Scala-Chisel-Learning-Journey/#root/Compile"},"diagnostics":[],"reset":true})[0m
[0m[[0m[0mdebug[0m] [0m[0mjsonRpcNotify: JsonRpcNotificationMessage(2.0, build/publishDiagnostics, {"textDocument":{"uri":"file:///home/amir/my-work/Scala-Chisel-Learning-Journey/src/main/scala/riscv/Branch.scala"},"buildTarget":{"uri":"file:/home/amir/my-work/Scala-Chisel-Learning-Journey/#root/Compile"},"diagnostics":[],"reset":true})[0m
[0m[[0m[0mdebug[0m] [0m[0mjsonRpcNotify: JsonRpcNotificationMessage(2.0, build/publishDiagnostics, {"textDocument":{"uri":"file:///home/amir/my-work/Scala-Chisel-Learning-Journey/src/main/scala/riscv/control.scala"},"buildTarget":{"uri":"file:/home/amir/my-work/Scala-Chisel-Learning-Journey/#root/Compile"},"diagnostics":[],"reset":true})[0m
[0m[[0m[0mdebug[0m] [0m[0mjsonRpcNotify: JsonRpcNotificationMessage(2.0, build/publishDiagnostics, {"textDocument":{"uri":"file:///home/amir/my-work/Scala-Chisel-Learning-Journey/src/main/scala/lab5/lab5t1.scala"},"buildTarget":{"uri":"file:/home/amir/my-work/Scala-Chisel-Learning-Journey/#root/Compile"},"diagnostics":[],"reset":true})[0m
[0m[[0m[0mdebug[0m] [0m[0mjsonRpcNotify: JsonRpcNotificationMessage(2.0, build/publishDiagnostics, {"textDocument":{"uri":"file:///home/amir/my-work/Scala-Chisel-Learning-Journey/src/main/scala/lab3/lab3t3.scala"},"buildTarget":{"uri":"file:/home/amir/my-work/Scala-Chisel-Learning-Journey/#root/Compile"},"diagnostics":[],"reset":true})[0m
[0m[[0m[0mdebug[0m] [0m[0mjsonRpcNotify: JsonRpcNotificationMessage(2.0, build/publishDiagnostics, {"textDocument":{"uri":"file:///home/amir/my-work/Scala-Chisel-Learning-Journey/src/main/scala/lab3/lab3t2.scala"},"buildTarget":{"uri":"file:/home/amir/my-work/Scala-Chisel-Learning-Journey/#root/Compile"},"diagnostics":[],"reset":true})[0m
[0m[[0m[0mdebug[0m] [0m[0mjsonRpcNotify: JsonRpcNotificationMessage(2.0, build/publishDiagnostics, {"textDocument":{"uri":"file:///home/amir/my-work/Scala-Chisel-Learning-Journey/src/main/scala/lab3/lab3t.scala"},"buildTarget":{"uri":"file:/home/amir/my-work/Scala-Chisel-Learning-Journey/#root/Compile"},"diagnostics":[],"reset":true})[0m
[0m[[0m[0mdebug[0m] [0m[0mjsonRpcNotify: JsonRpcNotificationMessage(2.0, build/publishDiagnostics, {"textDocument":{"uri":"file:///home/amir/my-work/Scala-Chisel-Learning-Journey/src/main/scala/lab2/lab2task2.scala"},"buildTarget":{"uri":"file:/home/amir/my-work/Scala-Chisel-Learning-Journey/#root/Compile"},"diagnostics":[],"reset":true})[0m
[0m[[0m[0mdebug[0m] [0m[0mjsonRpcNotify: JsonRpcNotificationMessage(2.0, build/publishDiagnostics, {"textDocument":{"uri":"file:///home/amir/my-work/Scala-Chisel-Learning-Journey/src/main/scala/lab2/lab2task1.scala"},"buildTarget":{"uri":"file:/home/amir/my-work/Scala-Chisel-Learning-Journey/#root/Compile"},"diagnostics":[],"reset":true})[0m
[0m[[0m[0mdebug[0m] [0m[0mjsonRpcNotify: JsonRpcNotificationMessage(2.0, build/publishDiagnostics, {"textDocument":{"uri":"file:///home/amir/my-work/Scala-Chisel-Learning-Journey/src/main/scala/lab2/lab2.scala"},"buildTarget":{"uri":"file:/home/amir/my-work/Scala-Chisel-Learning-Journey/#root/Compile"},"diagnostics":[],"reset":true})[0m
[0m[[0m[0mdebug[0m] [0m[0mjsonRpcNotify: JsonRpcNotificationMessage(2.0, build/publishDiagnostics, {"textDocument":{"uri":"file:///home/amir/my-work/Scala-Chisel-Learning-Journey/src/main/scala/lab%207/lab7t1.scala"},"buildTarget":{"uri":"file:/home/amir/my-work/Scala-Chisel-Learning-Journey/#root/Compile"},"diagnostics":[],"reset":true})[0m
[0m[[0m[0mdebug[0m] [0m[0mjsonRpcNotify: JsonRpcNotificationMessage(2.0, build/publishDiagnostics, {"textDocument":{"uri":"file:///home/amir/my-work/Scala-Chisel-Learning-Journey/src/main/scala/gcd/GCD.scala"},"buildTarget":{"uri":"file:/home/amir/my-work/Scala-Chisel-Learning-Journey/#root/Compile"},"diagnostics":[],"reset":true})[0m
[0m[[0m[0mdebug[0m] [0m[0mjsonRpcNotify: JsonRpcNotificationMessage(2.0, build/publishDiagnostics, {"textDocument":{"uri":"file:///home/amir/my-work/Scala-Chisel-Learning-Journey/src/main/scala/gcd/DecoupledGCD.scala"},"buildTarget":{"uri":"file:/home/amir/my-work/Scala-Chisel-Learning-Journey/#root/Compile"},"diagnostics":[],"reset":true})[0m
[0m[[0m[0mdebug[0m] [0m[0mjsonRpcNotify: JsonRpcNotificationMessage(2.0, build/publishDiagnostics, {"textDocument":{"uri":"file:///home/amir/my-work/Scala-Chisel-Learning-Journey/src/main/scala/Lab8/lab8.scala"},"buildTarget":{"uri":"file:/home/amir/my-work/Scala-Chisel-Learning-Journey/#root/Compile"},"diagnostics":[],"reset":true})[0m
[0m[[0m[0mdebug[0m] [0m[0mjsonRpcNotify: JsonRpcNotificationMessage(2.0, build/publishDiagnostics, {"textDocument":{"uri":"file:///home/amir/my-work/Scala-Chisel-Learning-Journey/src/main/scala/Lab8/lab8ex3.scala"},"buildTarget":{"uri":"file:/home/amir/my-work/Scala-Chisel-Learning-Journey/#root/Compile"},"diagnostics":[],"reset":true})[0m
[0m[[0m[0mdebug[0m] [0m[0mjsonRpcNotify: JsonRpcNotificationMessage(2.0, build/publishDiagnostics, {"textDocument":{"uri":"file:///home/amir/my-work/Scala-Chisel-Learning-Journey/src/main/scala/Lab8/practice.scala"},"buildTarget":{"uri":"file:/home/amir/my-work/Scala-Chisel-Learning-Journey/#root/Compile"},"diagnostics":[],"reset":true})[0m
[0m[[0m[0mdebug[0m] [0m[0mjsonRpcNotify: JsonRpcNotificationMessage(2.0, build/publishDiagnostics, {"textDocument":{"uri":"file:///home/amir/my-work/Scala-Chisel-Learning-Journey/src/main/scala/Lab8/lab8task.scala"},"buildTarget":{"uri":"file:/home/amir/my-work/Scala-Chisel-Learning-Journey/#root/Compile"},"diagnostics":[],"reset":true})[0m
[0m[[0m[0mdebug[0m] [0m[0mjsonRpcNotify: JsonRpcNotificationMessage(2.0, build/taskFinish, {"taskId":{"id":"10","parents":[]},"eventTime":1677880219067,"message":"Compiled root","status":2,"dataKind":"compile-report","data":{"target":{"uri":"file:/home/amir/my-work/Scala-Chisel-Learning-Journey/#root/Compile"},"errors":13,"warnings":0,"time":200}})[0m
[0m[[0m[0mdebug[0m] [0m[0munmatched json error for requestId None: {"code":-32603,"message":"(Compile / \u001b[31mcompileIncremental\u001b[0m) Compilation failed"}[0m
[0m[[0m[31merror[0m] [0m[0m(Compile / [31mcompileIncremental[0m) Compilation failed[0m
[0m[[0m[0mdebug[0m] [0m[0mjsonRpcNotify: JsonRpcNotificationMessage(2.0, build/logMessage, {"type":1,"message":"(Compile / \u001b[31mcompileIncremental\u001b[0m) Compilation failed"})[0m
[0m[[0m[31merror[0m] [0m[0mTotal time: 0 s, completed Mar 4, 2023, 2:50:19 AM[0m
[0m[[0m[0mdebug[0m] [0m[0munmatched Done event for requestId None: None[0m
[0m[[0m[0mdebug[0m] [0m[0m> Exec(shell, None, None)[0m
