[0m[[0m[0mdebug[0m] [0m[0m> Exec(testOnly riscv.fivestagetest -- -DwriteVcd=1, Some(8c54d8a3-f317-4144-8c62-10a6d7ae336b), Some(CommandSource(console0)))[0m
[0m[[0m[0mdebug[0m] [0m[0mEvaluating tasks: Test / testOnly[0m
[0m[[0m[0mdebug[0m] [0m[0mRunning task... Cancel: Signal, check cycles: false, forcegc: true[0m
[0m[[0m[0mdebug[0m] [0m[0mjsonRpcNotify: JsonRpcNotificationMessage(2.0, build/taskStart, {"taskId":{"id":"14","parents":[]},"eventTime":1678128842151,"message":"Compiling root","dataKind":"compile-task","data":{"target":{"uri":"file:/home/amir/my-work/Scala-Chisel-Learning-Journey/#root/Compile"}}})[0m
[0m[[0m[0minfo[0m] [0m[0mcompiling 2 Scala sources to /home/amir/my-work/Scala-Chisel-Learning-Journey/target/scala-2.12/classes ...[0m
[0m[[0m[0mdebug[0m] [0m[0mjsonRpcNotify: JsonRpcNotificationMessage(2.0, build/logMessage, {"type":3,"message":"compiling 2 Scala sources to /home/amir/my-work/Scala-Chisel-Learning-Journey/target/scala-2.12/classes ..."})[0m
[0m[[0m[0mdebug[0m] [0m[0mjsonRpcNotify: JsonRpcNotificationMessage(2.0, build/taskProgress, {"taskId":{"id":"14","parents":[]},"eventTime":1678128846405,"message":"Compiling root (5%)","total":56,"progress":5,"dataKind":"compile-progress","data":{"target":{"uri":"file:/home/amir/my-work/Scala-Chisel-Learning-Journey/#root/Compile"}}})[0m
[0m[[0m[0mdebug[0m] [0m[0mjsonRpcNotify: JsonRpcNotificationMessage(2.0, build/taskProgress, {"taskId":{"id":"14","parents":[]},"eventTime":1678128846407,"message":"Compiling root (10%)","total":56,"progress":10,"dataKind":"compile-progress","data":{"target":{"uri":"file:/home/amir/my-work/Scala-Chisel-Learning-Journey/#root/Compile"}}})[0m
[0m[[0m[0mdebug[0m] [0m[0mjsonRpcNotify: JsonRpcNotificationMessage(2.0, build/taskProgress, {"taskId":{"id":"14","parents":[]},"eventTime":1678128846407,"message":"Compiling root (10%)","total":56,"progress":10,"dataKind":"compile-progress","data":{"target":{"uri":"file:/home/amir/my-work/Scala-Chisel-Learning-Journey/#root/Compile"}}})[0m
[0m[[0m[0mdebug[0m] [0m[0mjsonRpcNotify: JsonRpcNotificationMessage(2.0, build/taskProgress, {"taskId":{"id":"14","parents":[]},"eventTime":1678128855385,"message":"Compiling root (25%)","total":56,"progress":25,"dataKind":"compile-progress","data":{"target":{"uri":"file:/home/amir/my-work/Scala-Chisel-Learning-Journey/#root/Compile"}}})[0m
[0m[[0m[0mdebug[0m] [0m[0mjsonRpcNotify: JsonRpcNotificationMessage(2.0, build/taskProgress, {"taskId":{"id":"14","parents":[]},"eventTime":1678128855386,"message":"Compiling root (25%)","total":56,"progress":25,"dataKind":"compile-progress","data":{"target":{"uri":"file:/home/amir/my-work/Scala-Chisel-Learning-Journey/#root/Compile"}}})[0m
[0m[[0m[0mdebug[0m] [0m[0mjsonRpcNotify: JsonRpcNotificationMessage(2.0, build/taskProgress, {"taskId":{"id":"14","parents":[]},"eventTime":1678128855400,"message":"Compiling root (30%)","total":56,"progress":30,"dataKind":"compile-progress","data":{"target":{"uri":"file:/home/amir/my-work/Scala-Chisel-Learning-Journey/#root/Compile"}}})[0m
[0m[[0m[0mdebug[0m] [0m[0mjsonRpcNotify: JsonRpcNotificationMessage(2.0, build/taskProgress, {"taskId":{"id":"14","parents":[]},"eventTime":1678128855405,"message":"Compiling root (35%)","total":56,"progress":35,"dataKind":"compile-progress","data":{"target":{"uri":"file:/home/amir/my-work/Scala-Chisel-Learning-Journey/#root/Compile"}}})[0m
[0m[[0m[0mdebug[0m] [0m[0mjsonRpcNotify: JsonRpcNotificationMessage(2.0, build/taskProgress, {"taskId":{"id":"14","parents":[]},"eventTime":1678128855405,"message":"Compiling root (35%)","total":56,"progress":35,"dataKind":"compile-progress","data":{"target":{"uri":"file:/home/amir/my-work/Scala-Chisel-Learning-Journey/#root/Compile"}}})[0m
[0m[[0m[0mdebug[0m] [0m[0mjsonRpcNotify: JsonRpcNotificationMessage(2.0, build/taskProgress, {"taskId":{"id":"14","parents":[]},"eventTime":1678128855735,"message":"Compiling root (50%)","total":56,"progress":50,"dataKind":"compile-progress","data":{"target":{"uri":"file:/home/amir/my-work/Scala-Chisel-Learning-Journey/#root/Compile"}}})[0m
[0m[[0m[0mdebug[0m] [0m[0mjsonRpcNotify: JsonRpcNotificationMessage(2.0, build/taskProgress, {"taskId":{"id":"14","parents":[]},"eventTime":1678128855735,"message":"Compiling root (50%)","total":56,"progress":50,"dataKind":"compile-progress","data":{"target":{"uri":"file:/home/amir/my-work/Scala-Chisel-Learning-Journey/#root/Compile"}}})[0m
[0m[[0m[0mdebug[0m] [0m[0mjsonRpcNotify: JsonRpcNotificationMessage(2.0, build/taskProgress, {"taskId":{"id":"14","parents":[]},"eventTime":1678128855766,"message":"Compiling root (55%)","total":56,"progress":55,"dataKind":"compile-progress","data":{"target":{"uri":"file:/home/amir/my-work/Scala-Chisel-Learning-Journey/#root/Compile"}}})[0m
[0m[[0m[0mdebug[0m] [0m[0mjsonRpcNotify: JsonRpcNotificationMessage(2.0, build/taskProgress, {"taskId":{"id":"14","parents":[]},"eventTime":1678128855836,"message":"Compiling root (60%)","total":56,"progress":60,"dataKind":"compile-progress","data":{"target":{"uri":"file:/home/amir/my-work/Scala-Chisel-Learning-Journey/#root/Compile"}}})[0m
[0m[[0m[0mdebug[0m] [0m[0mjsonRpcNotify: JsonRpcNotificationMessage(2.0, build/taskProgress, {"taskId":{"id":"14","parents":[]},"eventTime":1678128856082,"message":"Compiling root (60%)","total":56,"progress":60,"dataKind":"compile-progress","data":{"target":{"uri":"file:/home/amir/my-work/Scala-Chisel-Learning-Journey/#root/Compile"}}})[0m
[0m[[0m[0mdebug[0m] [0m[0mjsonRpcNotify: JsonRpcNotificationMessage(2.0, build/taskProgress, {"taskId":{"id":"14","parents":[]},"eventTime":1678128859515,"message":"Compiling root (75%)","total":56,"progress":75,"dataKind":"compile-progress","data":{"target":{"uri":"file:/home/amir/my-work/Scala-Chisel-Learning-Journey/#root/Compile"}}})[0m
[0m[[0m[0mdebug[0m] [0m[0mjsonRpcNotify: JsonRpcNotificationMessage(2.0, build/taskProgress, {"taskId":{"id":"14","parents":[]},"eventTime":1678128859515,"message":"Compiling root (75%)","total":56,"progress":75,"dataKind":"compile-progress","data":{"target":{"uri":"file:/home/amir/my-work/Scala-Chisel-Learning-Journey/#root/Compile"}}})[0m
[0m[[0m[0mdebug[0m] [0m[0mjsonRpcNotify: JsonRpcNotificationMessage(2.0, build/taskProgress, {"taskId":{"id":"14","parents":[]},"eventTime":1678128859607,"message":"Compiling root (80%)","total":56,"progress":80,"dataKind":"compile-progress","data":{"target":{"uri":"file:/home/amir/my-work/Scala-Chisel-Learning-Journey/#root/Compile"}}})[0m
[0m[[0m[0mdebug[0m] [0m[0mjsonRpcNotify: JsonRpcNotificationMessage(2.0, build/taskProgress, {"taskId":{"id":"14","parents":[]},"eventTime":1678128859654,"message":"Compiling root (85%)","total":56,"progress":85,"dataKind":"compile-progress","data":{"target":{"uri":"file:/home/amir/my-work/Scala-Chisel-Learning-Journey/#root/Compile"}}})[0m
[0m[[0m[0mdebug[0m] [0m[0mjsonRpcNotify: JsonRpcNotificationMessage(2.0, build/taskProgress, {"taskId":{"id":"14","parents":[]},"eventTime":1678128859655,"message":"Compiling root (85%)","total":56,"progress":85,"dataKind":"compile-progress","data":{"target":{"uri":"file:/home/amir/my-work/Scala-Chisel-Learning-Journey/#root/Compile"}}})[0m
[0m[[0m[0mdebug[0m] [0m[0mjsonRpcNotify: JsonRpcNotificationMessage(2.0, build/taskProgress, {"taskId":{"id":"14","parents":[]},"eventTime":1678128864940,"message":"Compiling root (100%)","total":56,"progress":100,"dataKind":"compile-progress","data":{"target":{"uri":"file:/home/amir/my-work/Scala-Chisel-Learning-Journey/#root/Compile"}}})[0m
[0m[[0m[0mdebug[0m] [0m[0mjsonRpcNotify: JsonRpcNotificationMessage(2.0, build/taskProgress, {"taskId":{"id":"14","parents":[]},"eventTime":1678128864941,"message":"Compiling root (100%)","total":56,"progress":100,"dataKind":"compile-progress","data":{"target":{"uri":"file:/home/amir/my-work/Scala-Chisel-Learning-Journey/#root/Compile"}}})[0m
[0m[[0m[0mdebug[0m] [0m[0mjsonRpcNotify: JsonRpcNotificationMessage(2.0, build/taskFinish, {"taskId":{"id":"14","parents":[]},"eventTime":1678128864967,"message":"Compiled root","status":1,"dataKind":"compile-report","data":{"target":{"uri":"file:/home/amir/my-work/Scala-Chisel-Learning-Journey/#root/Compile"},"errors":0,"warnings":0,"time":22816}})[0m
[0m[[0m[0mdebug[0m] [0m[0mjsonRpcNotify: JsonRpcNotificationMessage(2.0, build/taskStart, {"taskId":{"id":"15","parents":[]},"eventTime":1678128865065,"message":"Compiling root-test","dataKind":"compile-task","data":{"target":{"uri":"file:/home/amir/my-work/Scala-Chisel-Learning-Journey/#root/Test"}}})[0m
[0m[[0m[0minfo[0m] [0m[0mcompiling 1 Scala source to /home/amir/my-work/Scala-Chisel-Learning-Journey/target/scala-2.12/test-classes ...[0m
[0m[[0m[0mdebug[0m] [0m[0mjsonRpcNotify: JsonRpcNotificationMessage(2.0, build/logMessage, {"type":3,"message":"compiling 1 Scala source to /home/amir/my-work/Scala-Chisel-Learning-Journey/target/scala-2.12/test-classes ..."})[0m
[0m[[0m[0mdebug[0m] [0m[0mjsonRpcNotify: JsonRpcNotificationMessage(2.0, build/taskProgress, {"taskId":{"id":"15","parents":[]},"eventTime":1678128865267,"message":"Compiling root-test (10%)","total":28,"progress":10,"dataKind":"compile-progress","data":{"target":{"uri":"file:/home/amir/my-work/Scala-Chisel-Learning-Journey/#root/Test"}}})[0m
[0m[[0m[0mdebug[0m] [0m[0mjsonRpcNotify: JsonRpcNotificationMessage(2.0, build/taskProgress, {"taskId":{"id":"15","parents":[]},"eventTime":1678128865267,"message":"Compiling root-test (10%)","total":28,"progress":10,"dataKind":"compile-progress","data":{"target":{"uri":"file:/home/amir/my-work/Scala-Chisel-Learning-Journey/#root/Test"}}})[0m
[0m[[0m[0mdebug[0m] [0m[0mjsonRpcNotify: JsonRpcNotificationMessage(2.0, build/taskProgress, {"taskId":{"id":"15","parents":[]},"eventTime":1678128865874,"message":"Compiling root-test (25%)","total":28,"progress":25,"dataKind":"compile-progress","data":{"target":{"uri":"file:/home/amir/my-work/Scala-Chisel-Learning-Journey/#root/Test"}}})[0m
[0m[[0m[0mdebug[0m] [0m[0mjsonRpcNotify: JsonRpcNotificationMessage(2.0, build/taskProgress, {"taskId":{"id":"15","parents":[]},"eventTime":1678128865875,"message":"Compiling root-test (25%)","total":28,"progress":25,"dataKind":"compile-progress","data":{"target":{"uri":"file:/home/amir/my-work/Scala-Chisel-Learning-Journey/#root/Test"}}})[0m
[0m[[0m[0mdebug[0m] [0m[0mjsonRpcNotify: JsonRpcNotificationMessage(2.0, build/taskProgress, {"taskId":{"id":"15","parents":[]},"eventTime":1678128865878,"message":"Compiling root-test (35%)","total":28,"progress":35,"dataKind":"compile-progress","data":{"target":{"uri":"file:/home/amir/my-work/Scala-Chisel-Learning-Journey/#root/Test"}}})[0m
[0m[[0m[0mdebug[0m] [0m[0mjsonRpcNotify: JsonRpcNotificationMessage(2.0, build/taskProgress, {"taskId":{"id":"15","parents":[]},"eventTime":1678128865879,"message":"Compiling root-test (35%)","total":28,"progress":35,"dataKind":"compile-progress","data":{"target":{"uri":"file:/home/amir/my-work/Scala-Chisel-Learning-Journey/#root/Test"}}})[0m
[0m[[0m[0mdebug[0m] [0m[0mjsonRpcNotify: JsonRpcNotificationMessage(2.0, build/taskProgress, {"taskId":{"id":"15","parents":[]},"eventTime":1678128866423,"message":"Compiling root-test (50%)","total":28,"progress":50,"dataKind":"compile-progress","data":{"target":{"uri":"file:/home/amir/my-work/Scala-Chisel-Learning-Journey/#root/Test"}}})[0m
[0m[[0m[0mdebug[0m] [0m[0mjsonRpcNotify: JsonRpcNotificationMessage(2.0, build/taskProgress, {"taskId":{"id":"15","parents":[]},"eventTime":1678128866435,"message":"Compiling root-test (50%)","total":28,"progress":50,"dataKind":"compile-progress","data":{"target":{"uri":"file:/home/amir/my-work/Scala-Chisel-Learning-Journey/#root/Test"}}})[0m
[0m[[0m[0mdebug[0m] [0m[0mjsonRpcNotify: JsonRpcNotificationMessage(2.0, build/taskProgress, {"taskId":{"id":"15","parents":[]},"eventTime":1678128866544,"message":"Compiling root-test (60%)","total":28,"progress":60,"dataKind":"compile-progress","data":{"target":{"uri":"file:/home/amir/my-work/Scala-Chisel-Learning-Journey/#root/Test"}}})[0m
[0m[[0m[0mdebug[0m] [0m[0mjsonRpcNotify: JsonRpcNotificationMessage(2.0, build/taskProgress, {"taskId":{"id":"15","parents":[]},"eventTime":1678128866626,"message":"Compiling root-test (60%)","total":28,"progress":60,"dataKind":"compile-progress","data":{"target":{"uri":"file:/home/amir/my-work/Scala-Chisel-Learning-Journey/#root/Test"}}})[0m
[0m[[0m[33mwarn[0m] [0m[0mIn the last 10 seconds, 5.779 (62.7%) were spent in GC. [Heap: 0.89GB free of 1.00GB, max 1.00GB] Consider increasing the JVM heap using `-Xmx` or try a different collector, e.g. `-XX:+UseG1GC`, for better performance.[0m
[0m[[0m[0mdebug[0m] [0m[0mjsonRpcNotify: JsonRpcNotificationMessage(2.0, build/taskProgress, {"taskId":{"id":"15","parents":[]},"eventTime":1678128867821,"message":"Compiling root-test (75%)","total":28,"progress":75,"dataKind":"compile-progress","data":{"target":{"uri":"file:/home/amir/my-work/Scala-Chisel-Learning-Journey/#root/Test"}}})[0m
[0m[[0m[0mdebug[0m] [0m[0mjsonRpcNotify: JsonRpcNotificationMessage(2.0, build/taskProgress, {"taskId":{"id":"15","parents":[]},"eventTime":1678128867821,"message":"Compiling root-test (75%)","total":28,"progress":75,"dataKind":"compile-progress","data":{"target":{"uri":"file:/home/amir/my-work/Scala-Chisel-Learning-Journey/#root/Test"}}})[0m
[0m[[0m[0mdebug[0m] [0m[0mjsonRpcNotify: JsonRpcNotificationMessage(2.0, build/taskProgress, {"taskId":{"id":"15","parents":[]},"eventTime":1678128867909,"message":"Compiling root-test (85%)","total":28,"progress":85,"dataKind":"compile-progress","data":{"target":{"uri":"file:/home/amir/my-work/Scala-Chisel-Learning-Journey/#root/Test"}}})[0m
[0m[[0m[0mdebug[0m] [0m[0mjsonRpcNotify: JsonRpcNotificationMessage(2.0, build/taskProgress, {"taskId":{"id":"15","parents":[]},"eventTime":1678128867910,"message":"Compiling root-test (85%)","total":28,"progress":85,"dataKind":"compile-progress","data":{"target":{"uri":"file:/home/amir/my-work/Scala-Chisel-Learning-Journey/#root/Test"}}})[0m
[0m[[0m[0mdebug[0m] [0m[0mjsonRpcNotify: JsonRpcNotificationMessage(2.0, build/taskProgress, {"taskId":{"id":"15","parents":[]},"eventTime":1678128867993,"message":"Compiling root-test (100%)","total":28,"progress":100,"dataKind":"compile-progress","data":{"target":{"uri":"file:/home/amir/my-work/Scala-Chisel-Learning-Journey/#root/Test"}}})[0m
[0m[[0m[0mdebug[0m] [0m[0mjsonRpcNotify: JsonRpcNotificationMessage(2.0, build/taskProgress, {"taskId":{"id":"15","parents":[]},"eventTime":1678128867993,"message":"Compiling root-test (100%)","total":28,"progress":100,"dataKind":"compile-progress","data":{"target":{"uri":"file:/home/amir/my-work/Scala-Chisel-Learning-Journey/#root/Test"}}})[0m
[0m[[0m[0mdebug[0m] [0m[0mjsonRpcNotify: JsonRpcNotificationMessage(2.0, build/taskFinish, {"taskId":{"id":"15","parents":[]},"eventTime":1678128868000,"message":"Compiled root-test","status":1,"dataKind":"compile-report","data":{"target":{"uri":"file:/home/amir/my-work/Scala-Chisel-Learning-Journey/#root/Test"},"errors":0,"warnings":0,"time":2935}})[0m
[0m[[0m[0minfo[0m] [0m[0m[32mfivestagetest:[0m[0m
[0m[[0m[0minfo[0m] [0m[0m[32m- V[0m[0m
[0m[[0m[0mdebug[0m] [0m[0mjsonRpcNotify: JsonRpcNotificationMessage(2.0, build/logMessage, {"type":3,"message":"\u001b[32mfivestagetest:\u001b[0m"})[0m
[0m[[0m[0mdebug[0m] [0m[0mjsonRpcNotify: JsonRpcNotificationMessage(2.0, build/logMessage, {"type":3,"message":"\u001b[32m- V\u001b[0m"})[0m
[0m[[0m[0minfo[0m] [0m[0m[36mRun completed in 11 seconds, 548 milliseconds.[0m[0m
[0m[[0m[0minfo[0m] [0m[0m[36mTotal number of tests run: 1[0m[0m
[0m[[0m[0minfo[0m] [0m[0m[36mSuites: completed 1, aborted 0[0m[0m
[0m[[0m[0minfo[0m] [0m[0m[36mTests: succeeded 1, failed 0, canceled 0, ignored 0, pending 0[0m[0m
[0m[[0m[0minfo[0m] [0m[0m[32mAll tests passed.[0m[0m
[0m[[0m[0mdebug[0m] [0m[0mjsonRpcNotify: JsonRpcNotificationMessage(2.0, build/logMessage, {"type":3,"message":"\u001b[36mRun completed in 11 seconds, 548 milliseconds.\u001b[0m\n\u001b[36mTotal number of tests run: 1\u001b[0m\n\u001b[36mSuites: completed 1, aborted 0\u001b[0m\n\u001b[36mTests: succeeded 1, failed 0, canceled 0, ignored 0, pending 0\u001b[0m\n\u001b[32mAll tests passed.\u001b[0m"})[0m
[0m[[0m[0mdebug[0m] [0m[0mForcing garbage collection...[0m
[0m[[0m[32msuccess[0m] [0m[0mTotal time: 68 s (01:08), completed Mar 6, 2023, 11:54:40 PM[0m
[0m[[0m[0mdebug[0m] [0m[0m> Exec(shell, None, None)[0m
